<?xml version="1.0" encoding="UTF-8"?>
<robot generator="Robot 6.0.2 (Python 3.10.11 on win32)" generated="20230620 16:28:14.696" rpa="false" schemaversion="3">
<suite id="s1" name="automationQA" source="C:\Users\george.paes_bazardoc\Documents\GitHub\automationQA">
<suite id="s1-s1" name="Tests" source="C:\Users\george.paes_bazardoc\Documents\GitHub\automationQA\tests">
<suite id="s1-s1-s1" name="End2End" source="C:\Users\george.paes_bazardoc\Documents\GitHub\automationQA\tests\end2end">
<suite id="s1-s1-s1-s1" name="Ui" source="C:\Users\george.paes_bazardoc\Documents\GitHub\automationQA\tests\end2end\ui">
<suite id="s1-s1-s1-s1-s1" name="Bpm" source="C:\Users\george.paes_bazardoc\Documents\GitHub\automationQA\tests\end2end\ui\bpm">
<suite id="s1-s1-s1-s1-s1-s1" name="Portoseguro" source="C:\Users\george.paes_bazardoc\Documents\GitHub\automationQA\tests\end2end\ui\bpm\portoseguro.robot">
<test id="s1-s1-s1-s1-s1-s1-t1" name="Cenário 1: Inclusão de cliente no card via api da porto" line="7">
<kw name="Abrir Navegador" library="generals" type="SETUP">
<kw name="Setup Screenshots" library="utils">
<kw name="Set Test Variable" library="BuiltIn">
<arg>${number}</arg>
<arg>1</arg>
<doc>Makes a variable available everywhere within the scope of the current test.</doc>
<msg timestamp="20230620 16:28:15.439" level="INFO">${number} = 1</msg>
<status status="PASS" starttime="20230620 16:28:15.438" endtime="20230620 16:28:15.439"/>
</kw>
<kw name="File Exists" library="file">
<var>${fileExists}</var>
<arg>selenium-screenshot-${number}.png</arg>
<msg timestamp="20230620 16:28:15.440" level="INFO">${fileExists} = True</msg>
<status status="PASS" starttime="20230620 16:28:15.440" endtime="20230620 16:28:15.440"/>
</kw>
<while condition="${fileExists} == True">
<iter>
<kw name="Remove File" library="OperatingSystem">
<arg>selenium-screenshot-${number}.png</arg>
<doc>Removes a file with the given path.</doc>
<msg timestamp="20230620 16:28:15.442" level="INFO" html="true">Removed file '&lt;a href="file://C:\Users\george.paes_bazardoc\Documents\GitHub\automationQA\selenium-screenshot-1.png"&gt;C:\Users\george.paes_bazardoc\Documents\GitHub\automationQA\selenium-screenshot-1.png&lt;/a&gt;'.</msg>
<status status="PASS" starttime="20230620 16:28:15.440" endtime="20230620 16:28:15.442"/>
</kw>
<kw name="Evaluate" library="BuiltIn">
<var>${number}</var>
<arg>${number}+1</arg>
<doc>Evaluates the given expression in Python and returns the result.</doc>
<msg timestamp="20230620 16:28:15.443" level="INFO">${number} = 2</msg>
<status status="PASS" starttime="20230620 16:28:15.442" endtime="20230620 16:28:15.443"/>
</kw>
<kw name="File Exists" library="file">
<var>${fileExists}</var>
<arg>selenium-screenshot-${number}.png</arg>
<msg timestamp="20230620 16:28:15.443" level="INFO">${fileExists} = False</msg>
<status status="PASS" starttime="20230620 16:28:15.443" endtime="20230620 16:28:15.443"/>
</kw>
<status status="PASS" starttime="20230620 16:28:15.440" endtime="20230620 16:28:15.443"/>
</iter>
<status status="PASS" starttime="20230620 16:28:15.440" endtime="20230620 16:28:15.443"/>
</while>
<status status="PASS" starttime="20230620 16:28:15.438" endtime="20230620 16:28:15.443"/>
</kw>
<kw name="Open Browser" library="SeleniumLibrary">
<arg>browser=gc</arg>
<doc>Opens a new browser instance to the optional ``url``.</doc>
<msg timestamp="20230620 16:28:15.443" level="INFO">Opening browser 'gc' to base url 'None'.</msg>
<status status="PASS" starttime="20230620 16:28:15.443" endtime="20230620 16:28:17.011"/>
</kw>
<status status="PASS" starttime="20230620 16:28:15.438" endtime="20230620 16:28:17.011"/>
</kw>
<kw name="Recebo uma cota pela api da Porto" library="portoseguro">
<kw name="Post request Porto" library="bpm_api">
<var>${resp}</var>
<arg>type_name=ByInsertQuotaPorto</arg>
<kw name="Create Dictionary" library="BuiltIn">
<var>${headers}</var>
<arg>Content-Type=application/json</arg>
<doc>Creates and returns a dictionary based on the given ``items``.</doc>
<msg timestamp="20230620 16:28:17.015" level="INFO">${headers} = {'Content-Type': 'application/json'}</msg>
<status status="PASS" starttime="20230620 16:28:17.015" endtime="20230620 16:28:17.015"/>
</kw>
<kw name="Load Json From File" library="JSONLibrary">
<var>${body}</var>
<arg>${BODY}[${type_name}]</arg>
<doc>Load JSON from file.</doc>
<msg timestamp="20230620 16:28:17.017" level="INFO">${body} = {'token': 'bb75e9431e42827ca0e0ea534d22c7c4', 'data': {'name': 'TESTE DUPLA TITULARIDADE titus', 'cpf': '56190535046', 'email': 'GEORGE.PAES+23@BAZARDOCONSORCIO.COM.BR', 'phone': '551195175320', 'uuid...</msg>
<status status="PASS" starttime="20230620 16:28:17.015" endtime="20230620 16:28:17.017"/>
</kw>
<kw name="Name" library="FakerLibrary">
<var>${name}</var>
<doc>:example 'John Doe'</doc>
<msg timestamp="20230620 16:28:17.017" level="INFO">${name} = Lavínia Moraes</msg>
<status status="PASS" starttime="20230620 16:28:17.017" endtime="20230620 16:28:17.017"/>
</kw>
<kw name="Cpf" library="FakerLibrary">
<var>${cpf}</var>
<msg timestamp="20230620 16:28:17.018" level="INFO">${cpf} = 957.834.201-23</msg>
<status status="PASS" starttime="20230620 16:28:17.018" endtime="20230620 16:28:17.018"/>
</kw>
<kw name="Generate uuid quota" library="utils">
<var>${uuid}</var>
<kw name="Get Current Date" library="DateTime">
<var>${uuid}</var>
<arg>result_format=%Y%m%d-%H%M%S</arg>
<doc>Returns current local or UTC time with an optional increment.</doc>
<msg timestamp="20230620 16:28:17.019" level="INFO">${uuid} = 20230620-162817</msg>
<status status="PASS" starttime="20230620 16:28:17.018" endtime="20230620 16:28:17.019"/>
</kw>
<msg timestamp="20230620 16:28:17.019" level="INFO">${uuid} = 20230620-162817</msg>
<status status="PASS" starttime="20230620 16:28:17.018" endtime="20230620 16:28:17.019"/>
</kw>
<kw name="Gerar email valido" library="accounts">
<var>${email}</var>
<kw name="Get Current Date" library="DateTime">
<var>${date}</var>
<arg>result_format=%Y%m%d%H%M%S</arg>
<doc>Returns current local or UTC time with an optional increment.</doc>
<msg timestamp="20230620 16:28:17.020" level="INFO">${date} = 20230620162817</msg>
<status status="PASS" starttime="20230620 16:28:17.019" endtime="20230620 16:28:17.020"/>
</kw>
<kw name="Set Variable" library="BuiltIn">
<var>${EMAIL}</var>
<arg>backup.whatsapp+${date}@bazardoconsorcio.com.br</arg>
<doc>Returns the given values which can then be assigned to a variables.</doc>
<msg timestamp="20230620 16:28:17.020" level="INFO">${EMAIL} = backup.whatsapp+20230620162817@bazardoconsorcio.com.br</msg>
<status status="PASS" starttime="20230620 16:28:17.020" endtime="20230620 16:28:17.020"/>
</kw>
<msg timestamp="20230620 16:28:17.020" level="INFO">${email} = backup.whatsapp+20230620162817@bazardoconsorcio.com.br</msg>
<status status="PASS" starttime="20230620 16:28:17.019" endtime="20230620 16:28:17.020"/>
</kw>
<kw name="Update Value To Json" library="JSONLibrary">
<var>${body}</var>
<arg>${body}</arg>
<arg>$.data.name</arg>
<arg>${name}</arg>
<doc>Update value to JSON using JSONPath</doc>
<msg timestamp="20230620 16:28:17.056" level="INFO">${body} = {'token': 'bb75e9431e42827ca0e0ea534d22c7c4', 'data': {'name': 'Lavínia Moraes', 'cpf': '56190535046', 'email': 'GEORGE.PAES+23@BAZARDOCONSORCIO.COM.BR', 'phone': '551195175320', 'uuid': '9000830-3520...</msg>
<status status="PASS" starttime="20230620 16:28:17.020" endtime="20230620 16:28:17.056"/>
</kw>
<kw name="Update Value To Json" library="JSONLibrary">
<var>${body}</var>
<arg>${body}</arg>
<arg>$.data.cpf</arg>
<arg>${cpf}</arg>
<doc>Update value to JSON using JSONPath</doc>
<msg timestamp="20230620 16:28:17.085" level="INFO">${body} = {'token': 'bb75e9431e42827ca0e0ea534d22c7c4', 'data': {'name': 'Lavínia Moraes', 'cpf': '957.834.201-23', 'email': 'GEORGE.PAES+23@BAZARDOCONSORCIO.COM.BR', 'phone': '551195175320', 'uuid': '9000830-3...</msg>
<status status="PASS" starttime="20230620 16:28:17.056" endtime="20230620 16:28:17.085"/>
</kw>
<kw name="Update Value To Json" library="JSONLibrary">
<var>${body}</var>
<arg>${body}</arg>
<arg>$.data.email</arg>
<arg>${email}</arg>
<doc>Update value to JSON using JSONPath</doc>
<msg timestamp="20230620 16:28:17.108" level="INFO">${body} = {'token': 'bb75e9431e42827ca0e0ea534d22c7c4', 'data': {'name': 'Lavínia Moraes', 'cpf': '957.834.201-23', 'email': 'backup.whatsapp+20230620162817@bazardoconsorcio.com.br', 'phone': '551195175320', 'u...</msg>
<status status="PASS" starttime="20230620 16:28:17.085" endtime="20230620 16:28:17.108"/>
</kw>
<kw name="Update Value To Json" library="JSONLibrary">
<var>${body}</var>
<arg>${body}</arg>
<arg>$.data.uuid</arg>
<arg>${uuid}</arg>
<doc>Update value to JSON using JSONPath</doc>
<msg timestamp="20230620 16:28:17.129" level="INFO">${body} = {'token': 'bb75e9431e42827ca0e0ea534d22c7c4', 'data': {'name': 'Lavínia Moraes', 'cpf': '957.834.201-23', 'email': 'backup.whatsapp+20230620162817@bazardoconsorcio.com.br', 'phone': '551195175320', 'u...</msg>
<status status="PASS" starttime="20230620 16:28:17.108" endtime="20230620 16:28:17.129"/>
</kw>
<kw name="Create Session" library="RequestsLibrary">
<arg>alias=post_request</arg>
<arg>url=${BPM_BASE}</arg>
<arg>headers=${headers}</arg>
<doc>Create Session: create a HTTP session to a server</doc>
<msg timestamp="20230620 16:28:17.129" level="INFO">Creating Session using : alias=post_request, url=https://staging.bazardoconsorcio.com.br, headers={'Content-Type': 'application/json'},                     cookies={}, auth=None, timeout=None, proxies=None, verify=False,                     debug=0 </msg>
<status status="PASS" starttime="20230620 16:28:17.129" endtime="20230620 16:28:17.131"/>
</kw>
<kw name="POST On Session" library="RequestsLibrary">
<var>${resp}</var>
<arg>alias=post_request</arg>
<arg>url=${URI}[${type_name}]</arg>
<arg>json=${body}</arg>
<doc>Sends a POST request on a previously created HTTP Session.</doc>
<msg timestamp="20230620 16:28:17.783" level="INFO">POST Request : url=https://staging.bazardoconsorcio.com.br/object/create 
 path_url=/object/create 
 headers={'User-Agent': 'python-requests/2.28.2', 'Accept-Encoding': 'gzip, deflate', 'Accept': '*/*', 'Connection': 'keep-alive', 'Content-Type': 'application/json', 'Content-Length': '471'} 
 body=b'{"token": "bb75e9431e42827ca0e0ea534d22c7c4", "data": {"name": "Lav\\u00ednia Moraes", "cpf": "957.834.201-23", "email": "backup.whatsapp+20230620162817@bazardoconsorcio.com.br", "phone": "551195175320", "uuid": "20230620-162817", "titular": true, "participacao": 100, "rg": "5478963125", "ocupation": "0", "address": "AL DAS PAPOULAS", "district": "RESID PRIMAVERA", "city": "PIRATININGA", "state": "SP", "zip": "17492224", "secondary_phone": "0", "tertiary_phone": "0"}}' 
 </msg>
<msg timestamp="20230620 16:28:17.783" level="INFO">POST Response : url=https://staging.bazardoconsorcio.com.br/object/create 
 status=200, reason=OK 
 headers={'Date': 'Tue, 20 Jun 2023 19:28:17 GMT', 'Content-Type': 'application/json; charset=utf-8', 'Transfer-Encoding': 'chunked', 'Connection': 'keep-alive', 'x-frame-options': 'SAMEORIGIN', 'x-xss-protection': '1; mode=block', 'x-content-type-options': 'nosniff', 'x-download-options': 'noopen', 'x-permitted-cross-domain-policies': 'none', 'referrer-policy': 'strict-origin-when-cross-origin', 'etag': 'W/"4a1cb6d327b21bab242a28d72dcd6190"', 'Cache-Control': 'max-age=0, private, must-revalidate', 'x-request-id': '4349c036-82d6-4b56-956a-fa4b2d52798b', 'x-runtime': '0.028168', 'strict-transport-security': 'max-age=31536000; includeSubDomains; preload', 'CF-Cache-Status': 'DYNAMIC', 'Server': 'cloudflare', 'CF-RAY': '7da669f70e940107-GRU', 'Content-Encoding': 'gzip', 'alt-svc': 'h3=":443"; ma=86400'} 
 body={"uuid":"20230620-162817"} 
 </msg>
<msg timestamp="20230620 16:28:17.783" level="INFO">C:\Users\george.paes_bazardoc\Documents\GitHub\automationQA\robotEnv\lib\site-packages\urllib3\connectionpool.py:1045: InsecureRequestWarning: Unverified HTTPS request is being made to host 'staging.bazardoconsorcio.com.br'. Adding certificate verification is strongly advised. See: https://urllib3.readthedocs.io/en/1.26.x/advanced-usage.html#ssl-warnings
  warnings.warn(</msg>
<msg timestamp="20230620 16:28:17.784" level="INFO">${resp} = &lt;Response [200]&gt;</msg>
<status status="PASS" starttime="20230620 16:28:17.131" endtime="20230620 16:28:17.784"/>
</kw>
<kw name="Set Global Variable" library="BuiltIn">
<arg>${name_user}</arg>
<arg>${name}</arg>
<doc>Makes a variable available globally in all tests and suites.</doc>
<msg timestamp="20230620 16:28:17.786" level="INFO">${name_user} = Lavínia Moraes</msg>
<status status="PASS" starttime="20230620 16:28:17.784" endtime="20230620 16:28:17.786"/>
</kw>
<msg timestamp="20230620 16:28:17.786" level="INFO">${resp} = &lt;Response [200]&gt;</msg>
<status status="PASS" starttime="20230620 16:28:17.012" endtime="20230620 16:28:17.786"/>
</kw>
<kw name="Log" library="BuiltIn">
<arg>${name_user}</arg>
<doc>Logs the given message with the given level.</doc>
<msg timestamp="20230620 16:28:17.786" level="INFO">Lavínia Moraes</msg>
<status status="PASS" starttime="20230620 16:28:17.786" endtime="20230620 16:28:17.786"/>
</kw>
<status status="PASS" starttime="20230620 16:28:17.011" endtime="20230620 16:28:17.787"/>
</kw>
<kw name="Acesso a url do BPM operador" library="home_keyword">
<kw name="Go To" library="SeleniumLibrary">
<arg>${URL_OPERATOR}</arg>
<doc>Navigates the current browser window to the provided ``url``.</doc>
<msg timestamp="20230620 16:28:17.787" level="INFO">Opening url 'https://staging.bazardoconsorcio.com.br/users/sign_in'</msg>
<status status="PASS" starttime="20230620 16:28:17.787" endtime="20230620 16:28:20.277"/>
</kw>
<kw name="Aceita termos de utilização de cookies" library="generals">
<kw name="Run Keyword And Return Status" library="BuiltIn">
<var>${isVisible}</var>
<arg>Element Should Be Visible</arg>
<arg>${btn_cookie}</arg>
<doc>Runs the given keyword with given arguments and returns the status as a Boolean value.</doc>
<kw name="Element Should Be Visible" library="SeleniumLibrary">
<arg>${btn_cookie}</arg>
<doc>Verifies that the element identified by ``locator`` is visible.</doc>
<msg timestamp="20230620 16:28:20.330" level="INFO">Element 'xpath://div[@class="cookieButton"]/a' is displayed.</msg>
<status status="PASS" starttime="20230620 16:28:20.278" endtime="20230620 16:28:20.330"/>
</kw>
<msg timestamp="20230620 16:28:20.330" level="INFO">${isVisible} = True</msg>
<status status="PASS" starttime="20230620 16:28:20.278" endtime="20230620 16:28:20.331"/>
</kw>
<while condition="${isVisible} == False">
<iter>
<kw name="Run Keyword And Return Status" library="BuiltIn">
<var>${isVisible}</var>
<arg>Element Should Be Visible</arg>
<arg>${btn_cookie}</arg>
<doc>Runs the given keyword with given arguments and returns the status as a Boolean value.</doc>
<status status="NOT RUN" starttime="20230620 16:28:20.331" endtime="20230620 16:28:20.331"/>
</kw>
<status status="NOT RUN" starttime="20230620 16:28:20.331" endtime="20230620 16:28:20.331"/>
</iter>
<status status="NOT RUN" starttime="20230620 16:28:20.331" endtime="20230620 16:28:20.331"/>
</while>
<kw name="Double Click Element" library="SeleniumLibrary">
<arg>${btn_cookie}</arg>
<doc>Double clicks the element identified by ``locator``.</doc>
<msg timestamp="20230620 16:28:20.331" level="INFO">Double clicking element 'xpath://div[@class="cookieButton"]/a'.</msg>
<status status="PASS" starttime="20230620 16:28:20.331" endtime="20230620 16:28:20.659"/>
</kw>
<while condition="${isVisible} == True">
<iter>
<kw name="Run Keyword And Return Status" library="BuiltIn">
<var>${isVisible}</var>
<arg>Element Should Be Visible</arg>
<arg>${btn_cookie}</arg>
<doc>Runs the given keyword with given arguments and returns the status as a Boolean value.</doc>
<kw name="Element Should Be Visible" library="SeleniumLibrary">
<arg>${btn_cookie}</arg>
<doc>Verifies that the element identified by ``locator`` is visible.</doc>
<msg timestamp="20230620 16:28:20.674" level="INFO">Element 'xpath://div[@class="cookieButton"]/a' is displayed.</msg>
<status status="PASS" starttime="20230620 16:28:20.659" endtime="20230620 16:28:20.674"/>
</kw>
<msg timestamp="20230620 16:28:20.674" level="INFO">${isVisible} = True</msg>
<status status="PASS" starttime="20230620 16:28:20.659" endtime="20230620 16:28:20.674"/>
</kw>
<status status="PASS" starttime="20230620 16:28:20.659" endtime="20230620 16:28:20.674"/>
</iter>
<iter>
<kw name="Run Keyword And Return Status" library="BuiltIn">
<var>${isVisible}</var>
<arg>Element Should Be Visible</arg>
<arg>${btn_cookie}</arg>
<doc>Runs the given keyword with given arguments and returns the status as a Boolean value.</doc>
<kw name="Element Should Be Visible" library="SeleniumLibrary">
<arg>${btn_cookie}</arg>
<doc>Verifies that the element identified by ``locator`` is visible.</doc>
<msg timestamp="20230620 16:28:20.688" level="INFO">Element 'xpath://div[@class="cookieButton"]/a' is displayed.</msg>
<status status="PASS" starttime="20230620 16:28:20.675" endtime="20230620 16:28:20.689"/>
</kw>
<msg timestamp="20230620 16:28:20.689" level="INFO">${isVisible} = True</msg>
<status status="PASS" starttime="20230620 16:28:20.674" endtime="20230620 16:28:20.689"/>
</kw>
<status status="PASS" starttime="20230620 16:28:20.674" endtime="20230620 16:28:20.689"/>
</iter>
<iter>
<kw name="Run Keyword And Return Status" library="BuiltIn">
<var>${isVisible}</var>
<arg>Element Should Be Visible</arg>
<arg>${btn_cookie}</arg>
<doc>Runs the given keyword with given arguments and returns the status as a Boolean value.</doc>
<kw name="Element Should Be Visible" library="SeleniumLibrary">
<arg>${btn_cookie}</arg>
<doc>Verifies that the element identified by ``locator`` is visible.</doc>
<msg timestamp="20230620 16:28:20.703" level="INFO">Element 'xpath://div[@class="cookieButton"]/a' is displayed.</msg>
<status status="PASS" starttime="20230620 16:28:20.689" endtime="20230620 16:28:20.704"/>
</kw>
<msg timestamp="20230620 16:28:20.704" level="INFO">${isVisible} = True</msg>
<status status="PASS" starttime="20230620 16:28:20.689" endtime="20230620 16:28:20.704"/>
</kw>
<status status="PASS" starttime="20230620 16:28:20.689" endtime="20230620 16:28:20.704"/>
</iter>
<iter>
<kw name="Run Keyword And Return Status" library="BuiltIn">
<var>${isVisible}</var>
<arg>Element Should Be Visible</arg>
<arg>${btn_cookie}</arg>
<doc>Runs the given keyword with given arguments and returns the status as a Boolean value.</doc>
<kw name="Element Should Be Visible" library="SeleniumLibrary">
<arg>${btn_cookie}</arg>
<doc>Verifies that the element identified by ``locator`` is visible.</doc>
<msg timestamp="20230620 16:28:20.760" level="INFO">Element 'xpath://div[@class="cookieButton"]/a' is displayed.</msg>
<status status="PASS" starttime="20230620 16:28:20.704" endtime="20230620 16:28:20.760"/>
</kw>
<msg timestamp="20230620 16:28:20.760" level="INFO">${isVisible} = True</msg>
<status status="PASS" starttime="20230620 16:28:20.704" endtime="20230620 16:28:20.760"/>
</kw>
<status status="PASS" starttime="20230620 16:28:20.704" endtime="20230620 16:28:20.760"/>
</iter>
<iter>
<kw name="Run Keyword And Return Status" library="BuiltIn">
<var>${isVisible}</var>
<arg>Element Should Be Visible</arg>
<arg>${btn_cookie}</arg>
<doc>Runs the given keyword with given arguments and returns the status as a Boolean value.</doc>
<kw name="Element Should Be Visible" library="SeleniumLibrary">
<arg>${btn_cookie}</arg>
<doc>Verifies that the element identified by ``locator`` is visible.</doc>
<msg timestamp="20230620 16:28:20.774" level="INFO">Element 'xpath://div[@class="cookieButton"]/a' is displayed.</msg>
<status status="PASS" starttime="20230620 16:28:20.761" endtime="20230620 16:28:20.774"/>
</kw>
<msg timestamp="20230620 16:28:20.774" level="INFO">${isVisible} = True</msg>
<status status="PASS" starttime="20230620 16:28:20.761" endtime="20230620 16:28:20.774"/>
</kw>
<status status="PASS" starttime="20230620 16:28:20.760" endtime="20230620 16:28:20.774"/>
</iter>
<iter>
<kw name="Run Keyword And Return Status" library="BuiltIn">
<var>${isVisible}</var>
<arg>Element Should Be Visible</arg>
<arg>${btn_cookie}</arg>
<doc>Runs the given keyword with given arguments and returns the status as a Boolean value.</doc>
<kw name="Element Should Be Visible" library="SeleniumLibrary">
<arg>${btn_cookie}</arg>
<doc>Verifies that the element identified by ``locator`` is visible.</doc>
<msg timestamp="20230620 16:28:20.788" level="INFO">Element 'xpath://div[@class="cookieButton"]/a' is displayed.</msg>
<status status="PASS" starttime="20230620 16:28:20.775" endtime="20230620 16:28:20.788"/>
</kw>
<msg timestamp="20230620 16:28:20.788" level="INFO">${isVisible} = True</msg>
<status status="PASS" starttime="20230620 16:28:20.774" endtime="20230620 16:28:20.788"/>
</kw>
<status status="PASS" starttime="20230620 16:28:20.774" endtime="20230620 16:28:20.788"/>
</iter>
<iter>
<kw name="Run Keyword And Return Status" library="BuiltIn">
<var>${isVisible}</var>
<arg>Element Should Be Visible</arg>
<arg>${btn_cookie}</arg>
<doc>Runs the given keyword with given arguments and returns the status as a Boolean value.</doc>
<kw name="Element Should Be Visible" library="SeleniumLibrary">
<arg>${btn_cookie}</arg>
<doc>Verifies that the element identified by ``locator`` is visible.</doc>
<msg timestamp="20230620 16:28:20.801" level="INFO">Element 'xpath://div[@class="cookieButton"]/a' is displayed.</msg>
<status status="PASS" starttime="20230620 16:28:20.789" endtime="20230620 16:28:20.801"/>
</kw>
<msg timestamp="20230620 16:28:20.801" level="INFO">${isVisible} = True</msg>
<status status="PASS" starttime="20230620 16:28:20.788" endtime="20230620 16:28:20.801"/>
</kw>
<status status="PASS" starttime="20230620 16:28:20.788" endtime="20230620 16:28:20.801"/>
</iter>
<iter>
<kw name="Run Keyword And Return Status" library="BuiltIn">
<var>${isVisible}</var>
<arg>Element Should Be Visible</arg>
<arg>${btn_cookie}</arg>
<doc>Runs the given keyword with given arguments and returns the status as a Boolean value.</doc>
<kw name="Element Should Be Visible" library="SeleniumLibrary">
<arg>${btn_cookie}</arg>
<doc>Verifies that the element identified by ``locator`` is visible.</doc>
<msg timestamp="20230620 16:28:20.811" level="INFO">Element 'xpath://div[@class="cookieButton"]/a' is displayed.</msg>
<status status="PASS" starttime="20230620 16:28:20.801" endtime="20230620 16:28:20.811"/>
</kw>
<msg timestamp="20230620 16:28:20.811" level="INFO">${isVisible} = True</msg>
<status status="PASS" starttime="20230620 16:28:20.801" endtime="20230620 16:28:20.811"/>
</kw>
<status status="PASS" starttime="20230620 16:28:20.801" endtime="20230620 16:28:20.812"/>
</iter>
<iter>
<kw name="Run Keyword And Return Status" library="BuiltIn">
<var>${isVisible}</var>
<arg>Element Should Be Visible</arg>
<arg>${btn_cookie}</arg>
<doc>Runs the given keyword with given arguments and returns the status as a Boolean value.</doc>
<kw name="Element Should Be Visible" library="SeleniumLibrary">
<arg>${btn_cookie}</arg>
<doc>Verifies that the element identified by ``locator`` is visible.</doc>
<msg timestamp="20230620 16:28:20.823" level="INFO">Element 'xpath://div[@class="cookieButton"]/a' is displayed.</msg>
<status status="PASS" starttime="20230620 16:28:20.813" endtime="20230620 16:28:20.823"/>
</kw>
<msg timestamp="20230620 16:28:20.823" level="INFO">${isVisible} = True</msg>
<status status="PASS" starttime="20230620 16:28:20.812" endtime="20230620 16:28:20.823"/>
</kw>
<status status="PASS" starttime="20230620 16:28:20.812" endtime="20230620 16:28:20.823"/>
</iter>
<iter>
<kw name="Run Keyword And Return Status" library="BuiltIn">
<var>${isVisible}</var>
<arg>Element Should Be Visible</arg>
<arg>${btn_cookie}</arg>
<doc>Runs the given keyword with given arguments and returns the status as a Boolean value.</doc>
<kw name="Element Should Be Visible" library="SeleniumLibrary">
<arg>${btn_cookie}</arg>
<doc>Verifies that the element identified by ``locator`` is visible.</doc>
<msg timestamp="20230620 16:28:20.836" level="INFO">Element 'xpath://div[@class="cookieButton"]/a' is displayed.</msg>
<status status="PASS" starttime="20230620 16:28:20.824" endtime="20230620 16:28:20.836"/>
</kw>
<msg timestamp="20230620 16:28:20.836" level="INFO">${isVisible} = True</msg>
<status status="PASS" starttime="20230620 16:28:20.824" endtime="20230620 16:28:20.836"/>
</kw>
<status status="PASS" starttime="20230620 16:28:20.823" endtime="20230620 16:28:20.836"/>
</iter>
<iter>
<kw name="Run Keyword And Return Status" library="BuiltIn">
<var>${isVisible}</var>
<arg>Element Should Be Visible</arg>
<arg>${btn_cookie}</arg>
<doc>Runs the given keyword with given arguments and returns the status as a Boolean value.</doc>
<kw name="Element Should Be Visible" library="SeleniumLibrary">
<arg>${btn_cookie}</arg>
<doc>Verifies that the element identified by ``locator`` is visible.</doc>
<msg timestamp="20230620 16:28:20.848" level="INFO">Element 'xpath://div[@class="cookieButton"]/a' is displayed.</msg>
<status status="PASS" starttime="20230620 16:28:20.837" endtime="20230620 16:28:20.848"/>
</kw>
<msg timestamp="20230620 16:28:20.848" level="INFO">${isVisible} = True</msg>
<status status="PASS" starttime="20230620 16:28:20.837" endtime="20230620 16:28:20.848"/>
</kw>
<status status="PASS" starttime="20230620 16:28:20.836" endtime="20230620 16:28:20.848"/>
</iter>
<iter>
<kw name="Run Keyword And Return Status" library="BuiltIn">
<var>${isVisible}</var>
<arg>Element Should Be Visible</arg>
<arg>${btn_cookie}</arg>
<doc>Runs the given keyword with given arguments and returns the status as a Boolean value.</doc>
<kw name="Element Should Be Visible" library="SeleniumLibrary">
<arg>${btn_cookie}</arg>
<doc>Verifies that the element identified by ``locator`` is visible.</doc>
<msg timestamp="20230620 16:28:20.857" level="INFO">Element 'xpath://div[@class="cookieButton"]/a' is displayed.</msg>
<status status="PASS" starttime="20230620 16:28:20.848" endtime="20230620 16:28:20.857"/>
</kw>
<msg timestamp="20230620 16:28:20.857" level="INFO">${isVisible} = True</msg>
<status status="PASS" starttime="20230620 16:28:20.848" endtime="20230620 16:28:20.857"/>
</kw>
<status status="PASS" starttime="20230620 16:28:20.848" endtime="20230620 16:28:20.857"/>
</iter>
<iter>
<kw name="Run Keyword And Return Status" library="BuiltIn">
<var>${isVisible}</var>
<arg>Element Should Be Visible</arg>
<arg>${btn_cookie}</arg>
<doc>Runs the given keyword with given arguments and returns the status as a Boolean value.</doc>
<kw name="Element Should Be Visible" library="SeleniumLibrary">
<arg>${btn_cookie}</arg>
<doc>Verifies that the element identified by ``locator`` is visible.</doc>
<msg timestamp="20230620 16:28:20.869" level="INFO">Element 'xpath://div[@class="cookieButton"]/a' is displayed.</msg>
<status status="PASS" starttime="20230620 16:28:20.858" endtime="20230620 16:28:20.869"/>
</kw>
<msg timestamp="20230620 16:28:20.869" level="INFO">${isVisible} = True</msg>
<status status="PASS" starttime="20230620 16:28:20.858" endtime="20230620 16:28:20.869"/>
</kw>
<status status="PASS" starttime="20230620 16:28:20.857" endtime="20230620 16:28:20.869"/>
</iter>
<iter>
<kw name="Run Keyword And Return Status" library="BuiltIn">
<var>${isVisible}</var>
<arg>Element Should Be Visible</arg>
<arg>${btn_cookie}</arg>
<doc>Runs the given keyword with given arguments and returns the status as a Boolean value.</doc>
<kw name="Element Should Be Visible" library="SeleniumLibrary">
<arg>${btn_cookie}</arg>
<doc>Verifies that the element identified by ``locator`` is visible.</doc>
<msg timestamp="20230620 16:28:20.882" level="INFO">Element 'xpath://div[@class="cookieButton"]/a' is displayed.</msg>
<status status="PASS" starttime="20230620 16:28:20.870" endtime="20230620 16:28:20.882"/>
</kw>
<msg timestamp="20230620 16:28:20.882" level="INFO">${isVisible} = True</msg>
<status status="PASS" starttime="20230620 16:28:20.870" endtime="20230620 16:28:20.882"/>
</kw>
<status status="PASS" starttime="20230620 16:28:20.870" endtime="20230620 16:28:20.882"/>
</iter>
<iter>
<kw name="Run Keyword And Return Status" library="BuiltIn">
<var>${isVisible}</var>
<arg>Element Should Be Visible</arg>
<arg>${btn_cookie}</arg>
<doc>Runs the given keyword with given arguments and returns the status as a Boolean value.</doc>
<kw name="Element Should Be Visible" library="SeleniumLibrary">
<arg>${btn_cookie}</arg>
<doc>Verifies that the element identified by ``locator`` is visible.</doc>
<msg timestamp="20230620 16:28:20.891" level="INFO">Element 'xpath://div[@class="cookieButton"]/a' is displayed.</msg>
<status status="PASS" starttime="20230620 16:28:20.883" endtime="20230620 16:28:20.891"/>
</kw>
<msg timestamp="20230620 16:28:20.891" level="INFO">${isVisible} = True</msg>
<status status="PASS" starttime="20230620 16:28:20.883" endtime="20230620 16:28:20.891"/>
</kw>
<status status="PASS" starttime="20230620 16:28:20.882" endtime="20230620 16:28:20.892"/>
</iter>
<iter>
<kw name="Run Keyword And Return Status" library="BuiltIn">
<var>${isVisible}</var>
<arg>Element Should Be Visible</arg>
<arg>${btn_cookie}</arg>
<doc>Runs the given keyword with given arguments and returns the status as a Boolean value.</doc>
<kw name="Element Should Be Visible" library="SeleniumLibrary">
<arg>${btn_cookie}</arg>
<doc>Verifies that the element identified by ``locator`` is visible.</doc>
<msg timestamp="20230620 16:28:20.903" level="INFO">Element 'xpath://div[@class="cookieButton"]/a' is displayed.</msg>
<status status="PASS" starttime="20230620 16:28:20.892" endtime="20230620 16:28:20.903"/>
</kw>
<msg timestamp="20230620 16:28:20.903" level="INFO">${isVisible} = True</msg>
<status status="PASS" starttime="20230620 16:28:20.892" endtime="20230620 16:28:20.903"/>
</kw>
<status status="PASS" starttime="20230620 16:28:20.892" endtime="20230620 16:28:20.903"/>
</iter>
<iter>
<kw name="Run Keyword And Return Status" library="BuiltIn">
<var>${isVisible}</var>
<arg>Element Should Be Visible</arg>
<arg>${btn_cookie}</arg>
<doc>Runs the given keyword with given arguments and returns the status as a Boolean value.</doc>
<kw name="Element Should Be Visible" library="SeleniumLibrary">
<arg>${btn_cookie}</arg>
<doc>Verifies that the element identified by ``locator`` is visible.</doc>
<msg timestamp="20230620 16:28:20.915" level="INFO">Element 'xpath://div[@class="cookieButton"]/a' is displayed.</msg>
<status status="PASS" starttime="20230620 16:28:20.904" endtime="20230620 16:28:20.915"/>
</kw>
<msg timestamp="20230620 16:28:20.915" level="INFO">${isVisible} = True</msg>
<status status="PASS" starttime="20230620 16:28:20.904" endtime="20230620 16:28:20.915"/>
</kw>
<status status="PASS" starttime="20230620 16:28:20.903" endtime="20230620 16:28:20.915"/>
</iter>
<iter>
<kw name="Run Keyword And Return Status" library="BuiltIn">
<var>${isVisible}</var>
<arg>Element Should Be Visible</arg>
<arg>${btn_cookie}</arg>
<doc>Runs the given keyword with given arguments and returns the status as a Boolean value.</doc>
<kw name="Element Should Be Visible" library="SeleniumLibrary">
<arg>${btn_cookie}</arg>
<doc>Verifies that the element identified by ``locator`` is visible.</doc>
<msg timestamp="20230620 16:28:20.924" level="INFO">Element 'xpath://div[@class="cookieButton"]/a' is displayed.</msg>
<status status="PASS" starttime="20230620 16:28:20.916" endtime="20230620 16:28:20.924"/>
</kw>
<msg timestamp="20230620 16:28:20.924" level="INFO">${isVisible} = True</msg>
<status status="PASS" starttime="20230620 16:28:20.915" endtime="20230620 16:28:20.924"/>
</kw>
<status status="PASS" starttime="20230620 16:28:20.915" endtime="20230620 16:28:20.925"/>
</iter>
<iter>
<kw name="Run Keyword And Return Status" library="BuiltIn">
<var>${isVisible}</var>
<arg>Element Should Be Visible</arg>
<arg>${btn_cookie}</arg>
<doc>Runs the given keyword with given arguments and returns the status as a Boolean value.</doc>
<kw name="Element Should Be Visible" library="SeleniumLibrary">
<arg>${btn_cookie}</arg>
<doc>Verifies that the element identified by ``locator`` is visible.</doc>
<msg timestamp="20230620 16:28:20.937" level="INFO">Element 'xpath://div[@class="cookieButton"]/a' is displayed.</msg>
<status status="PASS" starttime="20230620 16:28:20.925" endtime="20230620 16:28:20.937"/>
</kw>
<msg timestamp="20230620 16:28:20.937" level="INFO">${isVisible} = True</msg>
<status status="PASS" starttime="20230620 16:28:20.925" endtime="20230620 16:28:20.937"/>
</kw>
<status status="PASS" starttime="20230620 16:28:20.925" endtime="20230620 16:28:20.937"/>
</iter>
<iter>
<kw name="Run Keyword And Return Status" library="BuiltIn">
<var>${isVisible}</var>
<arg>Element Should Be Visible</arg>
<arg>${btn_cookie}</arg>
<doc>Runs the given keyword with given arguments and returns the status as a Boolean value.</doc>
<kw name="Element Should Be Visible" library="SeleniumLibrary">
<arg>${btn_cookie}</arg>
<doc>Verifies that the element identified by ``locator`` is visible.</doc>
<msg timestamp="20230620 16:28:20.950" level="INFO">Element 'xpath://div[@class="cookieButton"]/a' is displayed.</msg>
<status status="PASS" starttime="20230620 16:28:20.938" endtime="20230620 16:28:20.950"/>
</kw>
<msg timestamp="20230620 16:28:20.950" level="INFO">${isVisible} = True</msg>
<status status="PASS" starttime="20230620 16:28:20.938" endtime="20230620 16:28:20.950"/>
</kw>
<status status="PASS" starttime="20230620 16:28:20.937" endtime="20230620 16:28:20.950"/>
</iter>
<iter>
<kw name="Run Keyword And Return Status" library="BuiltIn">
<var>${isVisible}</var>
<arg>Element Should Be Visible</arg>
<arg>${btn_cookie}</arg>
<doc>Runs the given keyword with given arguments and returns the status as a Boolean value.</doc>
<kw name="Element Should Be Visible" library="SeleniumLibrary">
<arg>${btn_cookie}</arg>
<doc>Verifies that the element identified by ``locator`` is visible.</doc>
<msg timestamp="20230620 16:28:20.959" level="INFO">Element 'xpath://div[@class="cookieButton"]/a' is displayed.</msg>
<status status="PASS" starttime="20230620 16:28:20.950" endtime="20230620 16:28:20.959"/>
</kw>
<msg timestamp="20230620 16:28:20.959" level="INFO">${isVisible} = True</msg>
<status status="PASS" starttime="20230620 16:28:20.950" endtime="20230620 16:28:20.959"/>
</kw>
<status status="PASS" starttime="20230620 16:28:20.950" endtime="20230620 16:28:20.959"/>
</iter>
<iter>
<kw name="Run Keyword And Return Status" library="BuiltIn">
<var>${isVisible}</var>
<arg>Element Should Be Visible</arg>
<arg>${btn_cookie}</arg>
<doc>Runs the given keyword with given arguments and returns the status as a Boolean value.</doc>
<kw name="Element Should Be Visible" library="SeleniumLibrary">
<arg>${btn_cookie}</arg>
<doc>Verifies that the element identified by ``locator`` is visible.</doc>
<msg timestamp="20230620 16:28:20.971" level="INFO">Element 'xpath://div[@class="cookieButton"]/a' is displayed.</msg>
<status status="PASS" starttime="20230620 16:28:20.960" endtime="20230620 16:28:20.971"/>
</kw>
<msg timestamp="20230620 16:28:20.971" level="INFO">${isVisible} = True</msg>
<status status="PASS" starttime="20230620 16:28:20.959" endtime="20230620 16:28:20.971"/>
</kw>
<status status="PASS" starttime="20230620 16:28:20.959" endtime="20230620 16:28:20.971"/>
</iter>
<iter>
<kw name="Run Keyword And Return Status" library="BuiltIn">
<var>${isVisible}</var>
<arg>Element Should Be Visible</arg>
<arg>${btn_cookie}</arg>
<doc>Runs the given keyword with given arguments and returns the status as a Boolean value.</doc>
<kw name="Element Should Be Visible" library="SeleniumLibrary">
<arg>${btn_cookie}</arg>
<doc>Verifies that the element identified by ``locator`` is visible.</doc>
<msg timestamp="20230620 16:28:20.983" level="INFO">Element 'xpath://div[@class="cookieButton"]/a' is displayed.</msg>
<status status="PASS" starttime="20230620 16:28:20.972" endtime="20230620 16:28:20.983"/>
</kw>
<msg timestamp="20230620 16:28:20.983" level="INFO">${isVisible} = True</msg>
<status status="PASS" starttime="20230620 16:28:20.972" endtime="20230620 16:28:20.983"/>
</kw>
<status status="PASS" starttime="20230620 16:28:20.971" endtime="20230620 16:28:20.983"/>
</iter>
<iter>
<kw name="Run Keyword And Return Status" library="BuiltIn">
<var>${isVisible}</var>
<arg>Element Should Be Visible</arg>
<arg>${btn_cookie}</arg>
<doc>Runs the given keyword with given arguments and returns the status as a Boolean value.</doc>
<kw name="Element Should Be Visible" library="SeleniumLibrary">
<arg>${btn_cookie}</arg>
<doc>Verifies that the element identified by ``locator`` is visible.</doc>
<msg timestamp="20230620 16:28:20.992" level="INFO">Element 'xpath://div[@class="cookieButton"]/a' is displayed.</msg>
<status status="PASS" starttime="20230620 16:28:20.983" endtime="20230620 16:28:20.992"/>
</kw>
<msg timestamp="20230620 16:28:20.992" level="INFO">${isVisible} = True</msg>
<status status="PASS" starttime="20230620 16:28:20.983" endtime="20230620 16:28:20.992"/>
</kw>
<status status="PASS" starttime="20230620 16:28:20.983" endtime="20230620 16:28:20.992"/>
</iter>
<iter>
<kw name="Run Keyword And Return Status" library="BuiltIn">
<var>${isVisible}</var>
<arg>Element Should Be Visible</arg>
<arg>${btn_cookie}</arg>
<doc>Runs the given keyword with given arguments and returns the status as a Boolean value.</doc>
<kw name="Element Should Be Visible" library="SeleniumLibrary">
<arg>${btn_cookie}</arg>
<doc>Verifies that the element identified by ``locator`` is visible.</doc>
<msg timestamp="20230620 16:28:21.005" level="INFO">Element 'xpath://div[@class="cookieButton"]/a' is displayed.</msg>
<status status="PASS" starttime="20230620 16:28:20.993" endtime="20230620 16:28:21.005"/>
</kw>
<msg timestamp="20230620 16:28:21.005" level="INFO">${isVisible} = True</msg>
<status status="PASS" starttime="20230620 16:28:20.993" endtime="20230620 16:28:21.005"/>
</kw>
<status status="PASS" starttime="20230620 16:28:20.992" endtime="20230620 16:28:21.005"/>
</iter>
<iter>
<kw name="Run Keyword And Return Status" library="BuiltIn">
<var>${isVisible}</var>
<arg>Element Should Be Visible</arg>
<arg>${btn_cookie}</arg>
<doc>Runs the given keyword with given arguments and returns the status as a Boolean value.</doc>
<kw name="Element Should Be Visible" library="SeleniumLibrary">
<arg>${btn_cookie}</arg>
<doc>Verifies that the element identified by ``locator`` is visible.</doc>
<msg timestamp="20230620 16:28:21.015" level="INFO">Element 'xpath://div[@class="cookieButton"]/a' is displayed.</msg>
<status status="PASS" starttime="20230620 16:28:21.006" endtime="20230620 16:28:21.015"/>
</kw>
<msg timestamp="20230620 16:28:21.016" level="INFO">${isVisible} = True</msg>
<status status="PASS" starttime="20230620 16:28:21.006" endtime="20230620 16:28:21.016"/>
</kw>
<status status="PASS" starttime="20230620 16:28:21.005" endtime="20230620 16:28:21.016"/>
</iter>
<iter>
<kw name="Run Keyword And Return Status" library="BuiltIn">
<var>${isVisible}</var>
<arg>Element Should Be Visible</arg>
<arg>${btn_cookie}</arg>
<doc>Runs the given keyword with given arguments and returns the status as a Boolean value.</doc>
<kw name="Element Should Be Visible" library="SeleniumLibrary">
<arg>${btn_cookie}</arg>
<doc>Verifies that the element identified by ``locator`` is visible.</doc>
<msg timestamp="20230620 16:28:21.025" level="INFO">Element 'xpath://div[@class="cookieButton"]/a' is displayed.</msg>
<status status="PASS" starttime="20230620 16:28:21.016" endtime="20230620 16:28:21.025"/>
</kw>
<msg timestamp="20230620 16:28:21.025" level="INFO">${isVisible} = True</msg>
<status status="PASS" starttime="20230620 16:28:21.016" endtime="20230620 16:28:21.025"/>
</kw>
<status status="PASS" starttime="20230620 16:28:21.016" endtime="20230620 16:28:21.025"/>
</iter>
<iter>
<kw name="Run Keyword And Return Status" library="BuiltIn">
<var>${isVisible}</var>
<arg>Element Should Be Visible</arg>
<arg>${btn_cookie}</arg>
<doc>Runs the given keyword with given arguments and returns the status as a Boolean value.</doc>
<kw name="Element Should Be Visible" library="SeleniumLibrary">
<arg>${btn_cookie}</arg>
<doc>Verifies that the element identified by ``locator`` is visible.</doc>
<msg timestamp="20230620 16:28:21.038" level="INFO">Element 'xpath://div[@class="cookieButton"]/a' is displayed.</msg>
<status status="PASS" starttime="20230620 16:28:21.026" endtime="20230620 16:28:21.038"/>
</kw>
<msg timestamp="20230620 16:28:21.038" level="INFO">${isVisible} = True</msg>
<status status="PASS" starttime="20230620 16:28:21.026" endtime="20230620 16:28:21.038"/>
</kw>
<status status="PASS" starttime="20230620 16:28:21.025" endtime="20230620 16:28:21.038"/>
</iter>
<iter>
<kw name="Run Keyword And Return Status" library="BuiltIn">
<var>${isVisible}</var>
<arg>Element Should Be Visible</arg>
<arg>${btn_cookie}</arg>
<doc>Runs the given keyword with given arguments and returns the status as a Boolean value.</doc>
<kw name="Element Should Be Visible" library="SeleniumLibrary">
<arg>${btn_cookie}</arg>
<doc>Verifies that the element identified by ``locator`` is visible.</doc>
<msg timestamp="20230620 16:28:21.049" level="INFO">Element 'xpath://div[@class="cookieButton"]/a' is displayed.</msg>
<status status="PASS" starttime="20230620 16:28:21.038" endtime="20230620 16:28:21.049"/>
</kw>
<msg timestamp="20230620 16:28:21.049" level="INFO">${isVisible} = True</msg>
<status status="PASS" starttime="20230620 16:28:21.038" endtime="20230620 16:28:21.049"/>
</kw>
<status status="PASS" starttime="20230620 16:28:21.038" endtime="20230620 16:28:21.049"/>
</iter>
<iter>
<kw name="Run Keyword And Return Status" library="BuiltIn">
<var>${isVisible}</var>
<arg>Element Should Be Visible</arg>
<arg>${btn_cookie}</arg>
<doc>Runs the given keyword with given arguments and returns the status as a Boolean value.</doc>
<kw name="Element Should Be Visible" library="SeleniumLibrary">
<arg>${btn_cookie}</arg>
<doc>Verifies that the element identified by ``locator`` is visible.</doc>
<msg timestamp="20230620 16:28:21.058" level="INFO">Element 'xpath://div[@class="cookieButton"]/a' is displayed.</msg>
<status status="PASS" starttime="20230620 16:28:21.049" endtime="20230620 16:28:21.058"/>
</kw>
<msg timestamp="20230620 16:28:21.059" level="INFO">${isVisible} = True</msg>
<status status="PASS" starttime="20230620 16:28:21.049" endtime="20230620 16:28:21.059"/>
</kw>
<status status="PASS" starttime="20230620 16:28:21.049" endtime="20230620 16:28:21.059"/>
</iter>
<iter>
<kw name="Run Keyword And Return Status" library="BuiltIn">
<var>${isVisible}</var>
<arg>Element Should Be Visible</arg>
<arg>${btn_cookie}</arg>
<doc>Runs the given keyword with given arguments and returns the status as a Boolean value.</doc>
<kw name="Element Should Be Visible" library="SeleniumLibrary">
<arg>${btn_cookie}</arg>
<doc>Verifies that the element identified by ``locator`` is visible.</doc>
<msg timestamp="20230620 16:28:21.071" level="INFO">Element 'xpath://div[@class="cookieButton"]/a' is displayed.</msg>
<status status="PASS" starttime="20230620 16:28:21.059" endtime="20230620 16:28:21.071"/>
</kw>
<msg timestamp="20230620 16:28:21.071" level="INFO">${isVisible} = True</msg>
<status status="PASS" starttime="20230620 16:28:21.059" endtime="20230620 16:28:21.071"/>
</kw>
<status status="PASS" starttime="20230620 16:28:21.059" endtime="20230620 16:28:21.071"/>
</iter>
<iter>
<kw name="Run Keyword And Return Status" library="BuiltIn">
<var>${isVisible}</var>
<arg>Element Should Be Visible</arg>
<arg>${btn_cookie}</arg>
<doc>Runs the given keyword with given arguments and returns the status as a Boolean value.</doc>
<kw name="Element Should Be Visible" library="SeleniumLibrary">
<arg>${btn_cookie}</arg>
<doc>Verifies that the element identified by ``locator`` is visible.</doc>
<msg timestamp="20230620 16:28:21.083" level="INFO">Element 'xpath://div[@class="cookieButton"]/a' is displayed.</msg>
<status status="PASS" starttime="20230620 16:28:21.071" endtime="20230620 16:28:21.083"/>
</kw>
<msg timestamp="20230620 16:28:21.083" level="INFO">${isVisible} = True</msg>
<status status="PASS" starttime="20230620 16:28:21.071" endtime="20230620 16:28:21.083"/>
</kw>
<status status="PASS" starttime="20230620 16:28:21.071" endtime="20230620 16:28:21.083"/>
</iter>
<iter>
<kw name="Run Keyword And Return Status" library="BuiltIn">
<var>${isVisible}</var>
<arg>Element Should Be Visible</arg>
<arg>${btn_cookie}</arg>
<doc>Runs the given keyword with given arguments and returns the status as a Boolean value.</doc>
<kw name="Element Should Be Visible" library="SeleniumLibrary">
<arg>${btn_cookie}</arg>
<doc>Verifies that the element identified by ``locator`` is visible.</doc>
<msg timestamp="20230620 16:28:21.093" level="INFO">Element 'xpath://div[@class="cookieButton"]/a' is displayed.</msg>
<status status="PASS" starttime="20230620 16:28:21.084" endtime="20230620 16:28:21.093"/>
</kw>
<msg timestamp="20230620 16:28:21.094" level="INFO">${isVisible} = True</msg>
<status status="PASS" starttime="20230620 16:28:21.083" endtime="20230620 16:28:21.094"/>
</kw>
<status status="PASS" starttime="20230620 16:28:21.083" endtime="20230620 16:28:21.094"/>
</iter>
<iter>
<kw name="Run Keyword And Return Status" library="BuiltIn">
<var>${isVisible}</var>
<arg>Element Should Be Visible</arg>
<arg>${btn_cookie}</arg>
<doc>Runs the given keyword with given arguments and returns the status as a Boolean value.</doc>
<kw name="Element Should Be Visible" library="SeleniumLibrary">
<arg>${btn_cookie}</arg>
<doc>Verifies that the element identified by ``locator`` is visible.</doc>
<msg timestamp="20230620 16:28:21.106" level="INFO">Element 'xpath://div[@class="cookieButton"]/a' is displayed.</msg>
<status status="PASS" starttime="20230620 16:28:21.094" endtime="20230620 16:28:21.106"/>
</kw>
<msg timestamp="20230620 16:28:21.106" level="INFO">${isVisible} = True</msg>
<status status="PASS" starttime="20230620 16:28:21.094" endtime="20230620 16:28:21.106"/>
</kw>
<status status="PASS" starttime="20230620 16:28:21.094" endtime="20230620 16:28:21.106"/>
</iter>
<iter>
<kw name="Run Keyword And Return Status" library="BuiltIn">
<var>${isVisible}</var>
<arg>Element Should Be Visible</arg>
<arg>${btn_cookie}</arg>
<doc>Runs the given keyword with given arguments and returns the status as a Boolean value.</doc>
<kw name="Element Should Be Visible" library="SeleniumLibrary">
<arg>${btn_cookie}</arg>
<doc>Verifies that the element identified by ``locator`` is visible.</doc>
<msg timestamp="20230620 16:28:21.119" level="INFO">Element 'xpath://div[@class="cookieButton"]/a' is displayed.</msg>
<status status="PASS" starttime="20230620 16:28:21.106" endtime="20230620 16:28:21.120"/>
</kw>
<msg timestamp="20230620 16:28:21.120" level="INFO">${isVisible} = True</msg>
<status status="PASS" starttime="20230620 16:28:21.106" endtime="20230620 16:28:21.120"/>
</kw>
<status status="PASS" starttime="20230620 16:28:21.106" endtime="20230620 16:28:21.120"/>
</iter>
<iter>
<kw name="Run Keyword And Return Status" library="BuiltIn">
<var>${isVisible}</var>
<arg>Element Should Be Visible</arg>
<arg>${btn_cookie}</arg>
<doc>Runs the given keyword with given arguments and returns the status as a Boolean value.</doc>
<kw name="Element Should Be Visible" library="SeleniumLibrary">
<arg>${btn_cookie}</arg>
<doc>Verifies that the element identified by ``locator`` is visible.</doc>
<msg timestamp="20230620 16:28:21.132" level="INFO">Element 'xpath://div[@class="cookieButton"]/a' is displayed.</msg>
<status status="PASS" starttime="20230620 16:28:21.120" endtime="20230620 16:28:21.132"/>
</kw>
<msg timestamp="20230620 16:28:21.132" level="INFO">${isVisible} = True</msg>
<status status="PASS" starttime="20230620 16:28:21.120" endtime="20230620 16:28:21.132"/>
</kw>
<status status="PASS" starttime="20230620 16:28:21.120" endtime="20230620 16:28:21.132"/>
</iter>
<iter>
<kw name="Run Keyword And Return Status" library="BuiltIn">
<var>${isVisible}</var>
<arg>Element Should Be Visible</arg>
<arg>${btn_cookie}</arg>
<doc>Runs the given keyword with given arguments and returns the status as a Boolean value.</doc>
<kw name="Element Should Be Visible" library="SeleniumLibrary">
<arg>${btn_cookie}</arg>
<doc>Verifies that the element identified by ``locator`` is visible.</doc>
<msg timestamp="20230620 16:28:21.142" level="INFO">Element 'xpath://div[@class="cookieButton"]/a' is displayed.</msg>
<status status="PASS" starttime="20230620 16:28:21.133" endtime="20230620 16:28:21.142"/>
</kw>
<msg timestamp="20230620 16:28:21.142" level="INFO">${isVisible} = True</msg>
<status status="PASS" starttime="20230620 16:28:21.133" endtime="20230620 16:28:21.143"/>
</kw>
<status status="PASS" starttime="20230620 16:28:21.132" endtime="20230620 16:28:21.143"/>
</iter>
<iter>
<kw name="Run Keyword And Return Status" library="BuiltIn">
<var>${isVisible}</var>
<arg>Element Should Be Visible</arg>
<arg>${btn_cookie}</arg>
<doc>Runs the given keyword with given arguments and returns the status as a Boolean value.</doc>
<kw name="Element Should Be Visible" library="SeleniumLibrary">
<arg>${btn_cookie}</arg>
<doc>Verifies that the element identified by ``locator`` is visible.</doc>
<msg timestamp="20230620 16:28:21.157" level="INFO">Element 'xpath://div[@class="cookieButton"]/a' is displayed.</msg>
<status status="PASS" starttime="20230620 16:28:21.143" endtime="20230620 16:28:21.157"/>
</kw>
<msg timestamp="20230620 16:28:21.157" level="INFO">${isVisible} = True</msg>
<status status="PASS" starttime="20230620 16:28:21.143" endtime="20230620 16:28:21.157"/>
</kw>
<status status="PASS" starttime="20230620 16:28:21.143" endtime="20230620 16:28:21.157"/>
</iter>
<iter>
<kw name="Run Keyword And Return Status" library="BuiltIn">
<var>${isVisible}</var>
<arg>Element Should Be Visible</arg>
<arg>${btn_cookie}</arg>
<doc>Runs the given keyword with given arguments and returns the status as a Boolean value.</doc>
<kw name="Element Should Be Visible" library="SeleniumLibrary">
<arg>${btn_cookie}</arg>
<doc>Verifies that the element identified by ``locator`` is visible.</doc>
<msg timestamp="20230620 16:28:21.170" level="INFO">Element 'xpath://div[@class="cookieButton"]/a' is displayed.</msg>
<status status="PASS" starttime="20230620 16:28:21.158" endtime="20230620 16:28:21.170"/>
</kw>
<msg timestamp="20230620 16:28:21.170" level="INFO">${isVisible} = True</msg>
<status status="PASS" starttime="20230620 16:28:21.158" endtime="20230620 16:28:21.170"/>
</kw>
<status status="PASS" starttime="20230620 16:28:21.158" endtime="20230620 16:28:21.170"/>
</iter>
<iter>
<kw name="Run Keyword And Return Status" library="BuiltIn">
<var>${isVisible}</var>
<arg>Element Should Be Visible</arg>
<arg>${btn_cookie}</arg>
<doc>Runs the given keyword with given arguments and returns the status as a Boolean value.</doc>
<kw name="Element Should Be Visible" library="SeleniumLibrary">
<arg>${btn_cookie}</arg>
<doc>Verifies that the element identified by ``locator`` is visible.</doc>
<msg timestamp="20230620 16:28:21.182" level="INFO">Element 'xpath://div[@class="cookieButton"]/a' is displayed.</msg>
<status status="PASS" starttime="20230620 16:28:21.171" endtime="20230620 16:28:21.182"/>
</kw>
<msg timestamp="20230620 16:28:21.182" level="INFO">${isVisible} = True</msg>
<status status="PASS" starttime="20230620 16:28:21.171" endtime="20230620 16:28:21.182"/>
</kw>
<status status="PASS" starttime="20230620 16:28:21.170" endtime="20230620 16:28:21.182"/>
</iter>
<iter>
<kw name="Run Keyword And Return Status" library="BuiltIn">
<var>${isVisible}</var>
<arg>Element Should Be Visible</arg>
<arg>${btn_cookie}</arg>
<doc>Runs the given keyword with given arguments and returns the status as a Boolean value.</doc>
<kw name="Element Should Be Visible" library="SeleniumLibrary">
<arg>${btn_cookie}</arg>
<doc>Verifies that the element identified by ``locator`` is visible.</doc>
<msg timestamp="20230620 16:28:21.191" level="INFO">Element 'xpath://div[@class="cookieButton"]/a' is displayed.</msg>
<status status="PASS" starttime="20230620 16:28:21.182" endtime="20230620 16:28:21.191"/>
</kw>
<msg timestamp="20230620 16:28:21.191" level="INFO">${isVisible} = True</msg>
<status status="PASS" starttime="20230620 16:28:21.182" endtime="20230620 16:28:21.191"/>
</kw>
<status status="PASS" starttime="20230620 16:28:21.182" endtime="20230620 16:28:21.191"/>
</iter>
<iter>
<kw name="Run Keyword And Return Status" library="BuiltIn">
<var>${isVisible}</var>
<arg>Element Should Be Visible</arg>
<arg>${btn_cookie}</arg>
<doc>Runs the given keyword with given arguments and returns the status as a Boolean value.</doc>
<kw name="Element Should Be Visible" library="SeleniumLibrary">
<arg>${btn_cookie}</arg>
<doc>Verifies that the element identified by ``locator`` is visible.</doc>
<msg timestamp="20230620 16:28:21.202" level="INFO">Element 'xpath://div[@class="cookieButton"]/a' is displayed.</msg>
<status status="PASS" starttime="20230620 16:28:21.192" endtime="20230620 16:28:21.202"/>
</kw>
<msg timestamp="20230620 16:28:21.202" level="INFO">${isVisible} = True</msg>
<status status="PASS" starttime="20230620 16:28:21.192" endtime="20230620 16:28:21.202"/>
</kw>
<status status="PASS" starttime="20230620 16:28:21.191" endtime="20230620 16:28:21.203"/>
</iter>
<iter>
<kw name="Run Keyword And Return Status" library="BuiltIn">
<var>${isVisible}</var>
<arg>Element Should Be Visible</arg>
<arg>${btn_cookie}</arg>
<doc>Runs the given keyword with given arguments and returns the status as a Boolean value.</doc>
<kw name="Element Should Be Visible" library="SeleniumLibrary">
<arg>${btn_cookie}</arg>
<doc>Verifies that the element identified by ``locator`` is visible.</doc>
<msg timestamp="20230620 16:28:21.213" level="INFO">Element 'xpath://div[@class="cookieButton"]/a' is displayed.</msg>
<status status="PASS" starttime="20230620 16:28:21.203" endtime="20230620 16:28:21.213"/>
</kw>
<msg timestamp="20230620 16:28:21.213" level="INFO">${isVisible} = True</msg>
<status status="PASS" starttime="20230620 16:28:21.203" endtime="20230620 16:28:21.213"/>
</kw>
<status status="PASS" starttime="20230620 16:28:21.203" endtime="20230620 16:28:21.213"/>
</iter>
<iter>
<kw name="Run Keyword And Return Status" library="BuiltIn">
<var>${isVisible}</var>
<arg>Element Should Be Visible</arg>
<arg>${btn_cookie}</arg>
<doc>Runs the given keyword with given arguments and returns the status as a Boolean value.</doc>
<kw name="Element Should Be Visible" library="SeleniumLibrary">
<arg>${btn_cookie}</arg>
<doc>Verifies that the element identified by ``locator`` is visible.</doc>
<msg timestamp="20230620 16:28:21.222" level="INFO">Element 'xpath://div[@class="cookieButton"]/a' is displayed.</msg>
<status status="PASS" starttime="20230620 16:28:21.214" endtime="20230620 16:28:21.222"/>
</kw>
<msg timestamp="20230620 16:28:21.223" level="INFO">${isVisible} = True</msg>
<status status="PASS" starttime="20230620 16:28:21.214" endtime="20230620 16:28:21.223"/>
</kw>
<status status="PASS" starttime="20230620 16:28:21.213" endtime="20230620 16:28:21.223"/>
</iter>
<iter>
<kw name="Run Keyword And Return Status" library="BuiltIn">
<var>${isVisible}</var>
<arg>Element Should Be Visible</arg>
<arg>${btn_cookie}</arg>
<doc>Runs the given keyword with given arguments and returns the status as a Boolean value.</doc>
<kw name="Element Should Be Visible" library="SeleniumLibrary">
<arg>${btn_cookie}</arg>
<doc>Verifies that the element identified by ``locator`` is visible.</doc>
<msg timestamp="20230620 16:28:21.234" level="INFO">Element 'xpath://div[@class="cookieButton"]/a' is displayed.</msg>
<status status="PASS" starttime="20230620 16:28:21.223" endtime="20230620 16:28:21.234"/>
</kw>
<msg timestamp="20230620 16:28:21.234" level="INFO">${isVisible} = True</msg>
<status status="PASS" starttime="20230620 16:28:21.223" endtime="20230620 16:28:21.234"/>
</kw>
<status status="PASS" starttime="20230620 16:28:21.223" endtime="20230620 16:28:21.234"/>
</iter>
<iter>
<kw name="Run Keyword And Return Status" library="BuiltIn">
<var>${isVisible}</var>
<arg>Element Should Be Visible</arg>
<arg>${btn_cookie}</arg>
<doc>Runs the given keyword with given arguments and returns the status as a Boolean value.</doc>
<kw name="Element Should Be Visible" library="SeleniumLibrary">
<arg>${btn_cookie}</arg>
<doc>Verifies that the element identified by ``locator`` is visible.</doc>
<msg timestamp="20230620 16:28:21.243" level="INFO">Element 'xpath://div[@class="cookieButton"]/a' is displayed.</msg>
<status status="PASS" starttime="20230620 16:28:21.235" endtime="20230620 16:28:21.243"/>
</kw>
<msg timestamp="20230620 16:28:21.243" level="INFO">${isVisible} = True</msg>
<status status="PASS" starttime="20230620 16:28:21.235" endtime="20230620 16:28:21.243"/>
</kw>
<status status="PASS" starttime="20230620 16:28:21.234" endtime="20230620 16:28:21.243"/>
</iter>
<iter>
<kw name="Run Keyword And Return Status" library="BuiltIn">
<var>${isVisible}</var>
<arg>Element Should Be Visible</arg>
<arg>${btn_cookie}</arg>
<doc>Runs the given keyword with given arguments and returns the status as a Boolean value.</doc>
<kw name="Element Should Be Visible" library="SeleniumLibrary">
<arg>${btn_cookie}</arg>
<doc>Verifies that the element identified by ``locator`` is visible.</doc>
<msg timestamp="20230620 16:28:21.255" level="INFO">Element 'xpath://div[@class="cookieButton"]/a' is displayed.</msg>
<status status="PASS" starttime="20230620 16:28:21.244" endtime="20230620 16:28:21.255"/>
</kw>
<msg timestamp="20230620 16:28:21.255" level="INFO">${isVisible} = True</msg>
<status status="PASS" starttime="20230620 16:28:21.244" endtime="20230620 16:28:21.255"/>
</kw>
<status status="PASS" starttime="20230620 16:28:21.244" endtime="20230620 16:28:21.255"/>
</iter>
<iter>
<kw name="Run Keyword And Return Status" library="BuiltIn">
<var>${isVisible}</var>
<arg>Element Should Be Visible</arg>
<arg>${btn_cookie}</arg>
<doc>Runs the given keyword with given arguments and returns the status as a Boolean value.</doc>
<kw name="Element Should Be Visible" library="SeleniumLibrary">
<arg>${btn_cookie}</arg>
<doc>Verifies that the element identified by ``locator`` is visible.</doc>
<msg timestamp="20230620 16:28:21.267" level="INFO">Element 'xpath://div[@class="cookieButton"]/a' is displayed.</msg>
<status status="PASS" starttime="20230620 16:28:21.256" endtime="20230620 16:28:21.267"/>
</kw>
<msg timestamp="20230620 16:28:21.267" level="INFO">${isVisible} = True</msg>
<status status="PASS" starttime="20230620 16:28:21.255" endtime="20230620 16:28:21.267"/>
</kw>
<status status="PASS" starttime="20230620 16:28:21.255" endtime="20230620 16:28:21.267"/>
</iter>
<iter>
<kw name="Run Keyword And Return Status" library="BuiltIn">
<var>${isVisible}</var>
<arg>Element Should Be Visible</arg>
<arg>${btn_cookie}</arg>
<doc>Runs the given keyword with given arguments and returns the status as a Boolean value.</doc>
<kw name="Element Should Be Visible" library="SeleniumLibrary">
<arg>${btn_cookie}</arg>
<doc>Verifies that the element identified by ``locator`` is visible.</doc>
<msg timestamp="20230620 16:28:21.277" level="INFO">Element 'xpath://div[@class="cookieButton"]/a' is displayed.</msg>
<status status="PASS" starttime="20230620 16:28:21.267" endtime="20230620 16:28:21.277"/>
</kw>
<msg timestamp="20230620 16:28:21.277" level="INFO">${isVisible} = True</msg>
<status status="PASS" starttime="20230620 16:28:21.267" endtime="20230620 16:28:21.277"/>
</kw>
<status status="PASS" starttime="20230620 16:28:21.267" endtime="20230620 16:28:21.278"/>
</iter>
<iter>
<kw name="Run Keyword And Return Status" library="BuiltIn">
<var>${isVisible}</var>
<arg>Element Should Be Visible</arg>
<arg>${btn_cookie}</arg>
<doc>Runs the given keyword with given arguments and returns the status as a Boolean value.</doc>
<kw name="Element Should Be Visible" library="SeleniumLibrary">
<arg>${btn_cookie}</arg>
<doc>Verifies that the element identified by ``locator`` is visible.</doc>
<msg timestamp="20230620 16:28:21.288" level="INFO">Element 'xpath://div[@class="cookieButton"]/a' is displayed.</msg>
<status status="PASS" starttime="20230620 16:28:21.279" endtime="20230620 16:28:21.288"/>
</kw>
<msg timestamp="20230620 16:28:21.288" level="INFO">${isVisible} = True</msg>
<status status="PASS" starttime="20230620 16:28:21.278" endtime="20230620 16:28:21.288"/>
</kw>
<status status="PASS" starttime="20230620 16:28:21.278" endtime="20230620 16:28:21.288"/>
</iter>
<iter>
<kw name="Run Keyword And Return Status" library="BuiltIn">
<var>${isVisible}</var>
<arg>Element Should Be Visible</arg>
<arg>${btn_cookie}</arg>
<doc>Runs the given keyword with given arguments and returns the status as a Boolean value.</doc>
<kw name="Element Should Be Visible" library="SeleniumLibrary">
<arg>${btn_cookie}</arg>
<doc>Verifies that the element identified by ``locator`` is visible.</doc>
<msg timestamp="20230620 16:28:21.300" level="INFO">Element 'xpath://div[@class="cookieButton"]/a' is displayed.</msg>
<status status="PASS" starttime="20230620 16:28:21.289" endtime="20230620 16:28:21.300"/>
</kw>
<msg timestamp="20230620 16:28:21.300" level="INFO">${isVisible} = True</msg>
<status status="PASS" starttime="20230620 16:28:21.289" endtime="20230620 16:28:21.300"/>
</kw>
<status status="PASS" starttime="20230620 16:28:21.288" endtime="20230620 16:28:21.300"/>
</iter>
<iter>
<kw name="Run Keyword And Return Status" library="BuiltIn">
<var>${isVisible}</var>
<arg>Element Should Be Visible</arg>
<arg>${btn_cookie}</arg>
<doc>Runs the given keyword with given arguments and returns the status as a Boolean value.</doc>
<kw name="Element Should Be Visible" library="SeleniumLibrary">
<arg>${btn_cookie}</arg>
<doc>Verifies that the element identified by ``locator`` is visible.</doc>
<msg timestamp="20230620 16:28:21.309" level="INFO">Element 'xpath://div[@class="cookieButton"]/a' is displayed.</msg>
<status status="PASS" starttime="20230620 16:28:21.301" endtime="20230620 16:28:21.309"/>
</kw>
<msg timestamp="20230620 16:28:21.310" level="INFO">${isVisible} = True</msg>
<status status="PASS" starttime="20230620 16:28:21.301" endtime="20230620 16:28:21.310"/>
</kw>
<status status="PASS" starttime="20230620 16:28:21.300" endtime="20230620 16:28:21.310"/>
</iter>
<iter>
<kw name="Run Keyword And Return Status" library="BuiltIn">
<var>${isVisible}</var>
<arg>Element Should Be Visible</arg>
<arg>${btn_cookie}</arg>
<doc>Runs the given keyword with given arguments and returns the status as a Boolean value.</doc>
<kw name="Element Should Be Visible" library="SeleniumLibrary">
<arg>${btn_cookie}</arg>
<doc>Verifies that the element identified by ``locator`` is visible.</doc>
<msg timestamp="20230620 16:28:21.321" level="INFO">Element 'xpath://div[@class="cookieButton"]/a' is displayed.</msg>
<status status="PASS" starttime="20230620 16:28:21.310" endtime="20230620 16:28:21.321"/>
</kw>
<msg timestamp="20230620 16:28:21.322" level="INFO">${isVisible} = True</msg>
<status status="PASS" starttime="20230620 16:28:21.310" endtime="20230620 16:28:21.322"/>
</kw>
<status status="PASS" starttime="20230620 16:28:21.310" endtime="20230620 16:28:21.322"/>
</iter>
<iter>
<kw name="Run Keyword And Return Status" library="BuiltIn">
<var>${isVisible}</var>
<arg>Element Should Be Visible</arg>
<arg>${btn_cookie}</arg>
<doc>Runs the given keyword with given arguments and returns the status as a Boolean value.</doc>
<kw name="Element Should Be Visible" library="SeleniumLibrary">
<arg>${btn_cookie}</arg>
<doc>Verifies that the element identified by ``locator`` is visible.</doc>
<msg timestamp="20230620 16:28:21.334" level="INFO">Element 'xpath://div[@class="cookieButton"]/a' is displayed.</msg>
<status status="PASS" starttime="20230620 16:28:21.322" endtime="20230620 16:28:21.334"/>
</kw>
<msg timestamp="20230620 16:28:21.334" level="INFO">${isVisible} = True</msg>
<status status="PASS" starttime="20230620 16:28:21.322" endtime="20230620 16:28:21.334"/>
</kw>
<status status="PASS" starttime="20230620 16:28:21.322" endtime="20230620 16:28:21.334"/>
</iter>
<iter>
<kw name="Run Keyword And Return Status" library="BuiltIn">
<var>${isVisible}</var>
<arg>Element Should Be Visible</arg>
<arg>${btn_cookie}</arg>
<doc>Runs the given keyword with given arguments and returns the status as a Boolean value.</doc>
<kw name="Element Should Be Visible" library="SeleniumLibrary">
<arg>${btn_cookie}</arg>
<doc>Verifies that the element identified by ``locator`` is visible.</doc>
<msg timestamp="20230620 16:28:21.343" level="INFO">Element 'xpath://div[@class="cookieButton"]/a' is displayed.</msg>
<status status="PASS" starttime="20230620 16:28:21.335" endtime="20230620 16:28:21.343"/>
</kw>
<msg timestamp="20230620 16:28:21.343" level="INFO">${isVisible} = True</msg>
<status status="PASS" starttime="20230620 16:28:21.335" endtime="20230620 16:28:21.343"/>
</kw>
<status status="PASS" starttime="20230620 16:28:21.334" endtime="20230620 16:28:21.344"/>
</iter>
<iter>
<kw name="Run Keyword And Return Status" library="BuiltIn">
<var>${isVisible}</var>
<arg>Element Should Be Visible</arg>
<arg>${btn_cookie}</arg>
<doc>Runs the given keyword with given arguments and returns the status as a Boolean value.</doc>
<kw name="Element Should Be Visible" library="SeleniumLibrary">
<arg>${btn_cookie}</arg>
<doc>Verifies that the element identified by ``locator`` is visible.</doc>
<msg timestamp="20230620 16:28:21.355" level="INFO">Element 'xpath://div[@class="cookieButton"]/a' is displayed.</msg>
<status status="PASS" starttime="20230620 16:28:21.344" endtime="20230620 16:28:21.355"/>
</kw>
<msg timestamp="20230620 16:28:21.355" level="INFO">${isVisible} = True</msg>
<status status="PASS" starttime="20230620 16:28:21.344" endtime="20230620 16:28:21.355"/>
</kw>
<status status="PASS" starttime="20230620 16:28:21.344" endtime="20230620 16:28:21.355"/>
</iter>
<iter>
<kw name="Run Keyword And Return Status" library="BuiltIn">
<var>${isVisible}</var>
<arg>Element Should Be Visible</arg>
<arg>${btn_cookie}</arg>
<doc>Runs the given keyword with given arguments and returns the status as a Boolean value.</doc>
<kw name="Element Should Be Visible" library="SeleniumLibrary">
<arg>${btn_cookie}</arg>
<doc>Verifies that the element identified by ``locator`` is visible.</doc>
<msg timestamp="20230620 16:28:21.366" level="INFO">Element 'xpath://div[@class="cookieButton"]/a' is displayed.</msg>
<status status="PASS" starttime="20230620 16:28:21.356" endtime="20230620 16:28:21.366"/>
</kw>
<msg timestamp="20230620 16:28:21.366" level="INFO">${isVisible} = True</msg>
<status status="PASS" starttime="20230620 16:28:21.356" endtime="20230620 16:28:21.366"/>
</kw>
<status status="PASS" starttime="20230620 16:28:21.355" endtime="20230620 16:28:21.366"/>
</iter>
<iter>
<kw name="Run Keyword And Return Status" library="BuiltIn">
<var>${isVisible}</var>
<arg>Element Should Be Visible</arg>
<arg>${btn_cookie}</arg>
<doc>Runs the given keyword with given arguments and returns the status as a Boolean value.</doc>
<kw name="Element Should Be Visible" library="SeleniumLibrary">
<arg>${btn_cookie}</arg>
<doc>Verifies that the element identified by ``locator`` is visible.</doc>
<msg timestamp="20230620 16:28:21.374" level="INFO">Element 'xpath://div[@class="cookieButton"]/a' is displayed.</msg>
<status status="PASS" starttime="20230620 16:28:21.366" endtime="20230620 16:28:21.374"/>
</kw>
<msg timestamp="20230620 16:28:21.374" level="INFO">${isVisible} = True</msg>
<status status="PASS" starttime="20230620 16:28:21.366" endtime="20230620 16:28:21.375"/>
</kw>
<status status="PASS" starttime="20230620 16:28:21.366" endtime="20230620 16:28:21.375"/>
</iter>
<iter>
<kw name="Run Keyword And Return Status" library="BuiltIn">
<var>${isVisible}</var>
<arg>Element Should Be Visible</arg>
<arg>${btn_cookie}</arg>
<doc>Runs the given keyword with given arguments and returns the status as a Boolean value.</doc>
<kw name="Element Should Be Visible" library="SeleniumLibrary">
<arg>${btn_cookie}</arg>
<doc>Verifies that the element identified by ``locator`` is visible.</doc>
<msg timestamp="20230620 16:28:21.385" level="INFO">Element 'xpath://div[@class="cookieButton"]/a' is displayed.</msg>
<status status="PASS" starttime="20230620 16:28:21.375" endtime="20230620 16:28:21.385"/>
</kw>
<msg timestamp="20230620 16:28:21.386" level="INFO">${isVisible} = True</msg>
<status status="PASS" starttime="20230620 16:28:21.375" endtime="20230620 16:28:21.386"/>
</kw>
<status status="PASS" starttime="20230620 16:28:21.375" endtime="20230620 16:28:21.386"/>
</iter>
<iter>
<kw name="Run Keyword And Return Status" library="BuiltIn">
<var>${isVisible}</var>
<arg>Element Should Be Visible</arg>
<arg>${btn_cookie}</arg>
<doc>Runs the given keyword with given arguments and returns the status as a Boolean value.</doc>
<kw name="Element Should Be Visible" library="SeleniumLibrary">
<arg>${btn_cookie}</arg>
<doc>Verifies that the element identified by ``locator`` is visible.</doc>
<msg timestamp="20230620 16:28:21.398" level="INFO">Element 'xpath://div[@class="cookieButton"]/a' is displayed.</msg>
<status status="PASS" starttime="20230620 16:28:21.386" endtime="20230620 16:28:21.398"/>
</kw>
<msg timestamp="20230620 16:28:21.398" level="INFO">${isVisible} = True</msg>
<status status="PASS" starttime="20230620 16:28:21.386" endtime="20230620 16:28:21.398"/>
</kw>
<status status="PASS" starttime="20230620 16:28:21.386" endtime="20230620 16:28:21.398"/>
</iter>
<iter>
<kw name="Run Keyword And Return Status" library="BuiltIn">
<var>${isVisible}</var>
<arg>Element Should Be Visible</arg>
<arg>${btn_cookie}</arg>
<doc>Runs the given keyword with given arguments and returns the status as a Boolean value.</doc>
<kw name="Element Should Be Visible" library="SeleniumLibrary">
<arg>${btn_cookie}</arg>
<doc>Verifies that the element identified by ``locator`` is visible.</doc>
<msg timestamp="20230620 16:28:21.407" level="INFO">Element 'xpath://div[@class="cookieButton"]/a' is displayed.</msg>
<status status="PASS" starttime="20230620 16:28:21.398" endtime="20230620 16:28:21.407"/>
</kw>
<msg timestamp="20230620 16:28:21.408" level="INFO">${isVisible} = True</msg>
<status status="PASS" starttime="20230620 16:28:21.398" endtime="20230620 16:28:21.408"/>
</kw>
<status status="PASS" starttime="20230620 16:28:21.398" endtime="20230620 16:28:21.408"/>
</iter>
<iter>
<kw name="Run Keyword And Return Status" library="BuiltIn">
<var>${isVisible}</var>
<arg>Element Should Be Visible</arg>
<arg>${btn_cookie}</arg>
<doc>Runs the given keyword with given arguments and returns the status as a Boolean value.</doc>
<kw name="Element Should Be Visible" library="SeleniumLibrary">
<arg>${btn_cookie}</arg>
<doc>Verifies that the element identified by ``locator`` is visible.</doc>
<msg timestamp="20230620 16:28:21.419" level="INFO">Element 'xpath://div[@class="cookieButton"]/a' is displayed.</msg>
<status status="PASS" starttime="20230620 16:28:21.408" endtime="20230620 16:28:21.419"/>
</kw>
<msg timestamp="20230620 16:28:21.419" level="INFO">${isVisible} = True</msg>
<status status="PASS" starttime="20230620 16:28:21.408" endtime="20230620 16:28:21.419"/>
</kw>
<status status="PASS" starttime="20230620 16:28:21.408" endtime="20230620 16:28:21.419"/>
</iter>
<iter>
<kw name="Run Keyword And Return Status" library="BuiltIn">
<var>${isVisible}</var>
<arg>Element Should Be Visible</arg>
<arg>${btn_cookie}</arg>
<doc>Runs the given keyword with given arguments and returns the status as a Boolean value.</doc>
<kw name="Element Should Be Visible" library="SeleniumLibrary">
<arg>${btn_cookie}</arg>
<doc>Verifies that the element identified by ``locator`` is visible.</doc>
<msg timestamp="20230620 16:28:21.430" level="INFO">Element 'xpath://div[@class="cookieButton"]/a' is displayed.</msg>
<status status="PASS" starttime="20230620 16:28:21.420" endtime="20230620 16:28:21.430"/>
</kw>
<msg timestamp="20230620 16:28:21.430" level="INFO">${isVisible} = True</msg>
<status status="PASS" starttime="20230620 16:28:21.419" endtime="20230620 16:28:21.431"/>
</kw>
<status status="PASS" starttime="20230620 16:28:21.419" endtime="20230620 16:28:21.431"/>
</iter>
<iter>
<kw name="Run Keyword And Return Status" library="BuiltIn">
<var>${isVisible}</var>
<arg>Element Should Be Visible</arg>
<arg>${btn_cookie}</arg>
<doc>Runs the given keyword with given arguments and returns the status as a Boolean value.</doc>
<kw name="Element Should Be Visible" library="SeleniumLibrary">
<arg>${btn_cookie}</arg>
<doc>Verifies that the element identified by ``locator`` is visible.</doc>
<msg timestamp="20230620 16:28:21.440" level="INFO">Element 'xpath://div[@class="cookieButton"]/a' is displayed.</msg>
<status status="PASS" starttime="20230620 16:28:21.431" endtime="20230620 16:28:21.440"/>
</kw>
<msg timestamp="20230620 16:28:21.440" level="INFO">${isVisible} = True</msg>
<status status="PASS" starttime="20230620 16:28:21.431" endtime="20230620 16:28:21.440"/>
</kw>
<status status="PASS" starttime="20230620 16:28:21.431" endtime="20230620 16:28:21.440"/>
</iter>
<iter>
<kw name="Run Keyword And Return Status" library="BuiltIn">
<var>${isVisible}</var>
<arg>Element Should Be Visible</arg>
<arg>${btn_cookie}</arg>
<doc>Runs the given keyword with given arguments and returns the status as a Boolean value.</doc>
<kw name="Element Should Be Visible" library="SeleniumLibrary">
<arg>${btn_cookie}</arg>
<doc>Verifies that the element identified by ``locator`` is visible.</doc>
<msg timestamp="20230620 16:28:21.451" level="INFO">Element 'xpath://div[@class="cookieButton"]/a' is displayed.</msg>
<status status="PASS" starttime="20230620 16:28:21.441" endtime="20230620 16:28:21.451"/>
</kw>
<msg timestamp="20230620 16:28:21.451" level="INFO">${isVisible} = True</msg>
<status status="PASS" starttime="20230620 16:28:21.440" endtime="20230620 16:28:21.451"/>
</kw>
<status status="PASS" starttime="20230620 16:28:21.440" endtime="20230620 16:28:21.451"/>
</iter>
<iter>
<kw name="Run Keyword And Return Status" library="BuiltIn">
<var>${isVisible}</var>
<arg>Element Should Be Visible</arg>
<arg>${btn_cookie}</arg>
<doc>Runs the given keyword with given arguments and returns the status as a Boolean value.</doc>
<kw name="Element Should Be Visible" library="SeleniumLibrary">
<arg>${btn_cookie}</arg>
<doc>Verifies that the element identified by ``locator`` is visible.</doc>
<msg timestamp="20230620 16:28:21.460" level="INFO">Element 'xpath://div[@class="cookieButton"]/a' is displayed.</msg>
<status status="PASS" starttime="20230620 16:28:21.451" endtime="20230620 16:28:21.460"/>
</kw>
<msg timestamp="20230620 16:28:21.460" level="INFO">${isVisible} = True</msg>
<status status="PASS" starttime="20230620 16:28:21.451" endtime="20230620 16:28:21.460"/>
</kw>
<status status="PASS" starttime="20230620 16:28:21.451" endtime="20230620 16:28:21.460"/>
</iter>
<iter>
<kw name="Run Keyword And Return Status" library="BuiltIn">
<var>${isVisible}</var>
<arg>Element Should Be Visible</arg>
<arg>${btn_cookie}</arg>
<doc>Runs the given keyword with given arguments and returns the status as a Boolean value.</doc>
<kw name="Element Should Be Visible" library="SeleniumLibrary">
<arg>${btn_cookie}</arg>
<doc>Verifies that the element identified by ``locator`` is visible.</doc>
<msg timestamp="20230620 16:28:21.581" level="INFO" html="true">&lt;/td&gt;&lt;/tr&gt;&lt;tr&gt;&lt;td colspan="3"&gt;&lt;a href="selenium-screenshot-1.png"&gt;&lt;img src="selenium-screenshot-1.png" width="800px"&gt;&lt;/a&gt;</msg>
<msg timestamp="20230620 16:28:21.581" level="FAIL">The element 'xpath://div[@class="cookieButton"]/a' should be visible, but it is not.</msg>
<status status="FAIL" starttime="20230620 16:28:21.461" endtime="20230620 16:28:21.583"/>
</kw>
<msg timestamp="20230620 16:28:21.583" level="INFO">${isVisible} = False</msg>
<status status="PASS" starttime="20230620 16:28:21.461" endtime="20230620 16:28:21.583"/>
</kw>
<status status="PASS" starttime="20230620 16:28:21.460" endtime="20230620 16:28:21.583"/>
</iter>
<status status="PASS" starttime="20230620 16:28:20.659" endtime="20230620 16:28:21.583"/>
</while>
<status status="PASS" starttime="20230620 16:28:20.277" endtime="20230620 16:28:21.584"/>
</kw>
<kw name="Wait Until Element Is Enabled" library="SeleniumLibrary">
<arg>${user_email}</arg>
<arg>${GENERAL_TIMEOUT}</arg>
<doc>Waits until the element ``locator`` is enabled.</doc>
<status status="PASS" starttime="20230620 16:28:21.584" endtime="20230620 16:28:21.607"/>
</kw>
<status status="PASS" starttime="20230620 16:28:17.787" endtime="20230620 16:28:21.607"/>
</kw>
<kw name="Efetuar o login do operador" library="login_keyword">
<kw name="Wait Until Element Is Enabled" library="SeleniumLibrary">
<arg>${user_email}</arg>
<arg>${GENERAL_TIMEOUT}</arg>
<doc>Waits until the element ``locator`` is enabled.</doc>
<status status="PASS" starttime="20230620 16:28:21.608" endtime="20230620 16:28:21.625"/>
</kw>
<kw name="Input Text" library="SeleniumLibrary">
<arg>${user_email}</arg>
<arg>${OPERADOR}</arg>
<doc>Types the given ``text`` into the text field identified by ``locator``.</doc>
<msg timestamp="20230620 16:28:21.626" level="INFO">Typing text 'backup.whatsapp@bazardoconsorcio.com.br' into text field 'id:user_email'.</msg>
<status status="PASS" starttime="20230620 16:28:21.626" endtime="20230620 16:28:21.724"/>
</kw>
<kw name="Input Text" library="SeleniumLibrary">
<arg>${user_password}</arg>
<arg>${OPERADOR_PWD}</arg>
<doc>Types the given ``text`` into the text field identified by ``locator``.</doc>
<msg timestamp="20230620 16:28:21.725" level="INFO">Typing text '8zn!QeEJ3Q' into text field 'id:user_password'.</msg>
<status status="PASS" starttime="20230620 16:28:21.725" endtime="20230620 16:28:21.798"/>
</kw>
<kw name="Click Element" library="SeleniumLibrary">
<arg>${btn_logar}</arg>
<doc>Click the element identified by ``locator``.</doc>
<msg timestamp="20230620 16:28:21.799" level="INFO">Clicking element 'xpath://input[@data-disable-with='Entrar']'.</msg>
<status status="PASS" starttime="20230620 16:28:21.798" endtime="20230620 16:28:28.777"/>
</kw>
<status status="PASS" starttime="20230620 16:28:21.608" endtime="20230620 16:28:28.777"/>
</kw>
<kw name="Clicar no botão Kanban" library="operator">
<kw name="Wait Until Element Is Enabled" library="SeleniumLibrary">
<arg>${opc_kanban}</arg>
<arg>${GENERAL_TIMEOUT}</arg>
<doc>Waits until the element ``locator`` is enabled.</doc>
<status status="PASS" starttime="20230620 16:28:28.779" endtime="20230620 16:28:28.824"/>
</kw>
<kw name="Click Element" library="SeleniumLibrary">
<arg>${opc_kanban}</arg>
<doc>Click the element identified by ``locator``.</doc>
<msg timestamp="20230620 16:28:28.825" level="INFO">Clicking element 'xpath://li[@class='bid']'.</msg>
<status status="PASS" starttime="20230620 16:28:28.825" endtime="20230620 16:28:28.881"/>
</kw>
<kw name="Wait Until Element Is Enabled" library="SeleniumLibrary">
<arg>${link_kanban}</arg>
<arg>${GENERAL_TIMEOUT}</arg>
<doc>Waits until the element ``locator`` is enabled.</doc>
<status status="PASS" starttime="20230620 16:28:28.881" endtime="20230620 16:28:28.906"/>
</kw>
<kw name="Click Element" library="SeleniumLibrary">
<arg>${link_kanban}</arg>
<doc>Click the element identified by ``locator``.</doc>
<msg timestamp="20230620 16:28:28.907" level="INFO">Clicking element 'xpath://span[text()='Kanban de Ofertas']/..'.</msg>
<status status="PASS" starttime="20230620 16:28:28.906" endtime="20230620 16:28:28.947"/>
</kw>
<kw name="Wait Until Element Is Enabled" library="SeleniumLibrary">
<arg>${card_kanban}</arg>
<arg>${GENERAL_TIMEOUT}</arg>
<doc>Waits until the element ``locator`` is enabled.</doc>
[...]
<msg timestamp="20230620 16:30:16.079" level="FAIL">The element 'xpath://div[@class="cookieButton"]/a' should be visible, but it is not.</msg>
<status status="FAIL" starttime="20230620 16:30:15.923" endtime="20230620 16:30:16.080"/>
</kw>
<msg timestamp="20230620 16:30:16.080" level="INFO">${isVisible} = False</msg>
<status status="PASS" starttime="20230620 16:30:15.923" endtime="20230620 16:30:16.080"/>
</kw>
<status status="PASS" starttime="20230620 16:30:15.922" endtime="20230620 16:30:16.080"/>
</iter>
<status status="PASS" starttime="20230620 16:30:15.121" endtime="20230620 16:30:16.081"/>
</while>
<status status="PASS" starttime="20230620 16:30:14.779" endtime="20230620 16:30:16.081"/>
</kw>
<kw name="Clicar no botão Vender" library="home_keyword">
<kw name="Click Element" library="SeleniumLibrary">
<arg>${btn_vender}</arg>
<doc>Click the element identified by ``locator``.</doc>
<msg timestamp="20230620 16:30:16.083" level="INFO">Clicking element 'xpath://a[text()="Vender agora"]'.</msg>
<status status="PASS" starttime="20230620 16:30:16.082" endtime="20230620 16:30:16.818"/>
</kw>
<kw name="Wait Until Element Is Enabled" library="SeleniumLibrary">
<arg>${label_administradora}</arg>
<arg>${GENERAL_TIMEOUT}</arg>
<doc>Waits until the element ``locator`` is enabled.</doc>
<status status="PASS" starttime="20230620 16:30:16.818" endtime="20230620 16:30:16.870"/>
</kw>
<status status="PASS" starttime="20230620 16:30:16.082" endtime="20230620 16:30:16.871"/>
</kw>
<kw name="Selecionar a administradora Itaú" library="register_keyword" sourcename="Selecionar a administradora ${ADM}">
<kw name="Selecionar adm mar aberto" library="enums">
<var>${option}</var>
<arg>adm=${ADM}</arg>
<kw name="Set Test Variable" library="BuiltIn">
<arg>${adms}</arg>
<arg>xpath://option[text()="${adm}"]</arg>
<doc>Makes a variable available everywhere within the scope of the current test.</doc>
<msg timestamp="20230620 16:30:16.874" level="INFO">${adms} = xpath://option[text()="Itaú"]</msg>
<status status="PASS" starttime="20230620 16:30:16.872" endtime="20230620 16:30:16.874"/>
</kw>
<msg timestamp="20230620 16:30:16.874" level="INFO">${option} = xpath://option[text()="Itaú"]</msg>
<status status="PASS" starttime="20230620 16:30:16.871" endtime="20230620 16:30:16.874"/>
</kw>
<kw name="Wait Until Element Is Enabled" library="SeleniumLibrary">
<arg>${option}</arg>
<arg>${GENERAL_TIMEOUT}</arg>
<doc>Waits until the element ``locator`` is enabled.</doc>
<status status="PASS" starttime="20230620 16:30:16.874" endtime="20230620 16:30:16.899"/>
</kw>
<kw name="Click Element" library="SeleniumLibrary">
<arg>${option}</arg>
<doc>Click the element identified by ``locator``.</doc>
<msg timestamp="20230620 16:30:16.900" level="INFO">Clicking element 'xpath://option[text()="Itaú"]'.</msg>
<status status="PASS" starttime="20230620 16:30:16.899" endtime="20230620 16:30:16.939"/>
</kw>
<status status="PASS" starttime="20230620 16:30:16.871" endtime="20230620 16:30:16.939"/>
</kw>
<kw name="Avanço para a próxima etapa" library="register_keyword">
<kw name="Wait Until Element Is Enabled" library="SeleniumLibrary">
<arg>${btn_avancar}</arg>
<arg>${GENERAL_TIMEOUT}</arg>
<doc>Waits until the element ``locator`` is enabled.</doc>
<status status="PASS" starttime="20230620 16:30:16.940" endtime="20230620 16:30:16.966"/>
</kw>
<kw name="Click Element" library="SeleniumLibrary">
<arg>${btn_avancar}</arg>
<doc>Click the element identified by ``locator``.</doc>
<msg timestamp="20230620 16:30:16.967" level="INFO">Clicking element 'xpath://input[@value="Avançar"]'.</msg>
<status status="PASS" starttime="20230620 16:30:16.967" endtime="20230620 16:30:20.021"/>
</kw>
<status status="PASS" starttime="20230620 16:30:16.939" endtime="20230620 16:30:20.021"/>
</kw>
<kw name="Clicar na opção de cliente PJ" library="register_keyword" sourcename="Clicar na opção de cliente ${TYPE_CLIENT}">
<kw name="Wait Until Element Is Enabled" library="SeleniumLibrary">
<arg>${btn_pf}</arg>
<arg>${GENERAL_TIMEOUT}</arg>
<doc>Waits until the element ``locator`` is enabled.</doc>
<status status="PASS" starttime="20230620 16:30:20.022" endtime="20230620 16:30:20.045"/>
</kw>
<if>
<branch type="IF" condition="'${TYPE_CLIENT}' == 'PF'">
<kw name="Click Element" library="SeleniumLibrary">
<arg>${btn_pf}</arg>
<doc>Click the element identified by ``locator``.</doc>
<status status="NOT RUN" starttime="20230620 16:30:20.045" endtime="20230620 16:30:20.045"/>
</kw>
<status status="NOT RUN" starttime="20230620 16:30:20.045" endtime="20230620 16:30:20.045"/>
</branch>
<branch type="ELSE">
<kw name="Click Element" library="SeleniumLibrary">
<arg>${btn_pj}</arg>
<doc>Click the element identified by ``locator``.</doc>
<msg timestamp="20230620 16:30:20.046" level="INFO">Clicking element 'xpath://label[text()="Pessoa jurídica"]'.</msg>
<status status="PASS" starttime="20230620 16:30:20.046" endtime="20230620 16:30:20.104"/>
</kw>
<status status="PASS" starttime="20230620 16:30:20.046" endtime="20230620 16:30:20.104"/>
</branch>
<status status="PASS" starttime="20230620 16:30:20.045" endtime="20230620 16:30:20.104"/>
</if>
<status status="PASS" starttime="20230620 16:30:20.022" endtime="20230620 16:30:20.105"/>
</kw>
<kw name="Informar os dados do usuário PJ" library="register_keyword" sourcename="Informar os dados do usuário ${TYPE_CLIENT}">
<kw name="Wait Until Element Is Enabled" library="SeleniumLibrary">
<arg>${fld_name}</arg>
<arg>${GENERAL_TIMEOUT}</arg>
<doc>Waits until the element ``locator`` is enabled.</doc>
<status status="PASS" starttime="20230620 16:30:20.106" endtime="20230620 16:30:20.138"/>
</kw>
<kw name="Gerar nome aleatório" library="accounts">
<var>${NAME}</var>
<kw name="Name Nonbinary" library="FakerLibrary">
<var>${NAME}</var>
<msg timestamp="20230620 16:30:20.139" level="INFO">${NAME} = Olivia da Rosa</msg>
<status status="PASS" starttime="20230620 16:30:20.139" endtime="20230620 16:30:20.139"/>
</kw>
<msg timestamp="20230620 16:30:20.139" level="INFO">${NAME} = Olivia da Rosa</msg>
<status status="PASS" starttime="20230620 16:30:20.139" endtime="20230620 16:30:20.139"/>
</kw>
<kw name="Gerar cpf aleatório" library="accounts">
<var>${CPF}</var>
<kw name="Cpf" library="FakerLibrary">
<var>${CPF}</var>
<msg timestamp="20230620 16:30:20.140" level="INFO">${CPF} = 659.310.427-25</msg>
<status status="PASS" starttime="20230620 16:30:20.140" endtime="20230620 16:30:20.140"/>
</kw>
<msg timestamp="20230620 16:30:20.140" level="INFO">${CPF} = 659.310.427-25</msg>
<status status="PASS" starttime="20230620 16:30:20.140" endtime="20230620 16:30:20.140"/>
</kw>
<kw name="Gerar cnpj aleatório" library="accounts">
<var>${CNPJ}</var>
<kw name="Cnpj" library="FakerLibrary">
<var>${CNPJ}</var>
<msg timestamp="20230620 16:30:20.141" level="INFO">${CNPJ} = 61.574.890/0001-30</msg>
<status status="PASS" starttime="20230620 16:30:20.141" endtime="20230620 16:30:20.141"/>
</kw>
<msg timestamp="20230620 16:30:20.141" level="INFO">${CNPJ} = 61.574.890/0001-30</msg>
<status status="PASS" starttime="20230620 16:30:20.140" endtime="20230620 16:30:20.141"/>
</kw>
<kw name="Gerar email valido" library="accounts">
<var>${EMAIL}</var>
<kw name="Get Current Date" library="DateTime">
<var>${date}</var>
<arg>result_format=%Y%m%d%H%M%S</arg>
<doc>Returns current local or UTC time with an optional increment.</doc>
<msg timestamp="20230620 16:30:20.141" level="INFO">${date} = 20230620163020</msg>
<status status="PASS" starttime="20230620 16:30:20.141" endtime="20230620 16:30:20.141"/>
</kw>
<kw name="Set Variable" library="BuiltIn">
<var>${EMAIL}</var>
<arg>backup.whatsapp+${date}@bazardoconsorcio.com.br</arg>
<doc>Returns the given values which can then be assigned to a variables.</doc>
<msg timestamp="20230620 16:30:20.142" level="INFO">${EMAIL} = backup.whatsapp+20230620163020@bazardoconsorcio.com.br</msg>
<status status="PASS" starttime="20230620 16:30:20.141" endtime="20230620 16:30:20.142"/>
</kw>
<msg timestamp="20230620 16:30:20.142" level="INFO">${EMAIL} = backup.whatsapp+20230620163020@bazardoconsorcio.com.br</msg>
<status status="PASS" starttime="20230620 16:30:20.141" endtime="20230620 16:30:20.142"/>
</kw>
<kw name="Input Text" library="SeleniumLibrary">
<arg>${fld_name}</arg>
<arg>${NAME}</arg>
<doc>Types the given ``text`` into the text field identified by ``locator``.</doc>
<msg timestamp="20230620 16:30:20.142" level="INFO">Typing text 'Olivia da Rosa' into text field 'id:customer_name'.</msg>
<status status="PASS" starttime="20230620 16:30:20.142" endtime="20230620 16:30:20.268"/>
</kw>
<if>
<branch type="IF" condition="'${TYPE_CLIENT}' == 'PF'">
<kw name="Input Text" library="SeleniumLibrary">
<arg>${fld_cpf}</arg>
<arg>${CPF}</arg>
<doc>Types the given ``text`` into the text field identified by ``locator``.</doc>
<status status="NOT RUN" starttime="20230620 16:30:20.269" endtime="20230620 16:30:20.269"/>
</kw>
<status status="NOT RUN" starttime="20230620 16:30:20.269" endtime="20230620 16:30:20.269"/>
</branch>
<branch type="ELSE">
<kw name="Input Text" library="SeleniumLibrary">
<arg>${fld_cnpj}</arg>
<arg>${CNPJ}</arg>
<doc>Types the given ``text`` into the text field identified by ``locator``.</doc>
<msg timestamp="20230620 16:30:20.269" level="INFO">Typing text '61.574.890/0001-30' into text field 'id:customer_cnpj'.</msg>
<status status="PASS" starttime="20230620 16:30:20.269" endtime="20230620 16:30:20.336"/>
</kw>
<status status="PASS" starttime="20230620 16:30:20.269" endtime="20230620 16:30:20.336"/>
</branch>
<status status="PASS" starttime="20230620 16:30:20.269" endtime="20230620 16:30:20.336"/>
</if>
<kw name="Input Text" library="SeleniumLibrary">
<arg>${fld_email}</arg>
<arg>${EMAIL}</arg>
<doc>Types the given ``text`` into the text field identified by ``locator``.</doc>
<msg timestamp="20230620 16:30:20.337" level="INFO">Typing text 'backup.whatsapp+20230620163020@bazardoconsorcio.com.br' into text field 'id:customer_email'.</msg>
<status status="PASS" starttime="20230620 16:30:20.336" endtime="20230620 16:30:20.431"/>
</kw>
<kw name="Input Text" library="SeleniumLibrary">
<arg>${fld_numberCel}</arg>
<arg>11954507555</arg>
<doc>Types the given ``text`` into the text field identified by ``locator``.</doc>
<msg timestamp="20230620 16:30:20.431" level="INFO">Typing text '11954507555' into text field 'id:customer_phones_attributes_0_identifier'.</msg>
<status status="PASS" starttime="20230620 16:30:20.431" endtime="20230620 16:30:20.489"/>
</kw>
<kw name="Set Global Variable" library="BuiltIn">
<arg>${name_user}</arg>
<arg>${NAME}</arg>
<doc>Makes a variable available globally in all tests and suites.</doc>
<msg timestamp="20230620 16:30:20.490" level="INFO">${name_user} = Olivia da Rosa</msg>
<status status="PASS" starttime="20230620 16:30:20.489" endtime="20230620 16:30:20.490"/>
</kw>
<status status="PASS" starttime="20230620 16:30:20.105" endtime="20230620 16:30:20.490"/>
</kw>
<kw name="Avanço para a próxima etapa" library="register_keyword">
<kw name="Wait Until Element Is Enabled" library="SeleniumLibrary">
<arg>${btn_avancar}</arg>
<arg>${GENERAL_TIMEOUT}</arg>
<doc>Waits until the element ``locator`` is enabled.</doc>
<status status="PASS" starttime="20230620 16:30:20.490" endtime="20230620 16:30:20.512"/>
</kw>
<kw name="Click Element" library="SeleniumLibrary">
<arg>${btn_avancar}</arg>
<doc>Click the element identified by ``locator``.</doc>
<msg timestamp="20230620 16:30:20.513" level="INFO">Clicking element 'xpath://input[@value="Avançar"]'.</msg>
<status status="PASS" starttime="20230620 16:30:20.513" endtime="20230620 16:30:26.132"/>
</kw>
<status status="PASS" starttime="20230620 16:30:20.490" endtime="20230620 16:30:26.132"/>
</kw>
<kw name="Informo os dados da minha cota contemplada" library="register_keyword">
<kw name="Wait Until Element Is Visible" library="SeleniumLibrary">
<arg>${fld_group}</arg>
<arg>${GENERAL_TIMEOUT}</arg>
<doc>Waits until the element ``locator`` is visible.</doc>
<status status="PASS" starttime="20230620 16:30:26.139" endtime="20230620 16:30:26.160"/>
</kw>
<kw name="Input Text" library="SeleniumLibrary">
<arg>${fld_group}</arg>
<arg>8596</arg>
<doc>Types the given ``text`` into the text field identified by ``locator``.</doc>
<msg timestamp="20230620 16:30:26.161" level="INFO">Typing text '8596' into text field 'id:optin_group'.</msg>
<status status="PASS" starttime="20230620 16:30:26.160" endtime="20230620 16:30:26.221"/>
</kw>
<kw name="Input Text" library="SeleniumLibrary">
<arg>${fld_numberQuota}</arg>
<arg>2351</arg>
<doc>Types the given ``text`` into the text field identified by ``locator``.</doc>
<msg timestamp="20230620 16:30:26.222" level="INFO">Typing text '2351' into text field 'id:optin_number'.</msg>
<status status="PASS" starttime="20230620 16:30:26.222" endtime="20230620 16:30:26.291"/>
</kw>
<kw name="Click Element" library="SeleniumLibrary">
<arg>${label_quotaContemplada}</arg>
<doc>Click the element identified by ``locator``.</doc>
<msg timestamp="20230620 16:30:26.292" level="INFO">Clicking element 'xpath://option[text()="Contemplada"]'.</msg>
<status status="PASS" starttime="20230620 16:30:26.292" endtime="20230620 16:30:26.327"/>
</kw>
<status status="PASS" starttime="20230620 16:30:26.138" endtime="20230620 16:30:26.327"/>
</kw>
<kw name="Avanço para a próxima etapa" library="register_keyword">
<kw name="Wait Until Element Is Enabled" library="SeleniumLibrary">
<arg>${btn_avancar}</arg>
<arg>${GENERAL_TIMEOUT}</arg>
<doc>Waits until the element ``locator`` is enabled.</doc>
<status status="PASS" starttime="20230620 16:30:26.328" endtime="20230620 16:30:26.349"/>
</kw>
<kw name="Click Element" library="SeleniumLibrary">
<arg>${btn_avancar}</arg>
<doc>Click the element identified by ``locator``.</doc>
<msg timestamp="20230620 16:30:26.350" level="INFO">Clicking element 'xpath://input[@value="Avançar"]'.</msg>
<status status="PASS" starttime="20230620 16:30:26.349" endtime="20230620 16:30:28.546"/>
</kw>
<status status="PASS" starttime="20230620 16:30:26.328" endtime="20230620 16:30:28.547"/>
</kw>
<kw name="Informo minha senha de cadastro" library="register_keyword">
<kw name="Wait Until Element Is Enabled" library="SeleniumLibrary">
<arg>${fld_password}</arg>
<arg>${GENERAL_TIMEOUT}</arg>
<doc>Waits until the element ``locator`` is enabled.</doc>
<status status="PASS" starttime="20230620 16:30:28.547" endtime="20230620 16:30:28.566"/>
</kw>
<kw name="Input Text" library="SeleniumLibrary">
<arg>${fld_password}</arg>
<arg>Test@123</arg>
<doc>Types the given ``text`` into the text field identified by ``locator``.</doc>
<msg timestamp="20230620 16:30:28.567" level="INFO">Typing text 'Test@123' into text field 'id:customer_password'.</msg>
<status status="PASS" starttime="20230620 16:30:28.566" endtime="20230620 16:30:28.621"/>
</kw>
<kw name="Input Text" library="SeleniumLibrary">
<arg>${fld_confirmPassword}</arg>
<arg>Test@123</arg>
<doc>Types the given ``text`` into the text field identified by ``locator``.</doc>
<msg timestamp="20230620 16:30:28.622" level="INFO">Typing text 'Test@123' into text field 'id:customer_password_confirmation'.</msg>
<status status="PASS" starttime="20230620 16:30:28.622" endtime="20230620 16:30:28.686"/>
</kw>
<kw name="Click Element" library="SeleniumLibrary">
<arg>${check_termos}</arg>
<doc>Click the element identified by ``locator``.</doc>
<msg timestamp="20230620 16:30:28.686" level="INFO">Clicking element 'xpath://label[@for="customer_terms"]/span'.</msg>
<status status="PASS" starttime="20230620 16:30:28.686" endtime="20230620 16:30:28.768"/>
</kw>
<status status="PASS" starttime="20230620 16:30:28.547" endtime="20230620 16:30:28.769"/>
</kw>
<kw name="Confirmo o cadastro" library="register_keyword">
<kw name="Click Element" library="SeleniumLibrary">
<arg>${btn_create}</arg>
<doc>Click the element identified by ``locator``.</doc>
<msg timestamp="20230620 16:30:28.770" level="INFO">Clicking element 'xpath://input[@value="Criar conta"]'.</msg>
<status status="PASS" starttime="20230620 16:30:28.770" endtime="20230620 16:30:32.280"/>
</kw>
<status status="PASS" starttime="20230620 16:30:28.769" endtime="20230620 16:30:32.281"/>
</kw>
<kw name="Conta criada com sucesso" library="register_keyword">
<kw name="Wait Until Element Is Enabled" library="SeleniumLibrary">
<arg>${alert_confirmCreateAccount}</arg>
<arg>${GENERAL_TIMEOUT}</arg>
<doc>Waits until the element ``locator`` is enabled.</doc>
<status status="PASS" starttime="20230620 16:30:32.283" endtime="20230620 16:30:32.307"/>
</kw>
<kw name="Element Should Contain" library="SeleniumLibrary">
<arg>${alert_confirmCreateAccount}</arg>
<arg>Enviamos um email para</arg>
<doc>Verifies that element ``locator`` contains text ``expected``.</doc>
<msg timestamp="20230620 16:30:32.323" level="INFO">Element 'xpath://figure[@class="confirmation-screen"]' contains text 'Enviamos um email para'.</msg>
<status status="PASS" starttime="20230620 16:30:32.308" endtime="20230620 16:30:32.323"/>
</kw>
<kw name="Element Should Contain" library="SeleniumLibrary">
<arg>${alert_confirmCreateAccount}</arg>
<arg>com instruções para confirmar a sua conta. Após a confirmação você pode acessar sua conta usando a senha cadastrada.</arg>
<doc>Verifies that element ``locator`` contains text ``expected``.</doc>
<msg timestamp="20230620 16:30:32.336" level="INFO">Element 'xpath://figure[@class="confirmation-screen"]' contains text 'com instruções para confirmar a sua conta. Após a confirmação você pode acessar sua conta usando a senha cadastrada.'.</msg>
<status status="PASS" starttime="20230620 16:30:32.324" endtime="20230620 16:30:32.336"/>
</kw>
<status status="PASS" starttime="20230620 16:30:32.281" endtime="20230620 16:30:32.336"/>
</kw>
<kw name="Fechar Navegador" library="generals" type="TEARDOWN">
<kw name="Close Browser" library="SeleniumLibrary">
<doc>Closes the current browser.</doc>
<status status="PASS" starttime="20230620 16:30:32.337" endtime="20230620 16:30:34.935"/>
</kw>
<status status="PASS" starttime="20230620 16:30:32.337" endtime="20230620 16:30:34.936"/>
</kw>
<tag>bpm</tag>
<tag>cadastro</tag>
<tag>front-end</tag>
<tag>regressivo</tag>
<tag>web</tag>
<status status="PASS" starttime="20230620 16:30:10.694" endtime="20230620 16:30:34.936"/>
</test>
<status status="PASS" starttime="20230620 16:29:45.803" endtime="20230620 16:30:34.938"/>
</suite>
<status status="PASS" starttime="20230620 16:28:14.730" endtime="20230620 16:30:34.941"/>
</suite>
<status status="PASS" starttime="20230620 16:28:14.727" endtime="20230620 16:30:34.943"/>
</suite>
<status status="PASS" starttime="20230620 16:28:14.723" endtime="20230620 16:30:34.945"/>
</suite>
<status status="PASS" starttime="20230620 16:28:14.720" endtime="20230620 16:30:34.947"/>
</suite>
<status status="PASS" starttime="20230620 16:28:14.703" endtime="20230620 16:30:34.949"/>
</suite>
<statistics>
<total>
<stat pass="4" fail="0" skip="0">All Tests</stat>
</total>
<tag>
<stat pass="4" fail="0" skip="0">bpm</stat>
<stat pass="4" fail="0" skip="0">cadastro</stat>
<stat pass="4" fail="0" skip="0">front-end</stat>
<stat pass="4" fail="0" skip="0">regressivo</stat>
<stat pass="4" fail="0" skip="0">web</stat>
</tag>
<suite>
<stat pass="4" fail="0" skip="0" id="s1" name="automationQA">automationQA</stat>
<stat pass="4" fail="0" skip="0" id="s1-s1" name="Tests">automationQA.Tests</stat>
<stat pass="4" fail="0" skip="0" id="s1-s1-s1" name="End2End">automationQA.Tests.End2End</stat>
<stat pass="4" fail="0" skip="0" id="s1-s1-s1-s1" name="Ui">automationQA.Tests.End2End.Ui</stat>
<stat pass="4" fail="0" skip="0" id="s1-s1-s1-s1-s1" name="Bpm">automationQA.Tests.End2End.Ui.Bpm</stat>
<stat pass="2" fail="0" skip="0" id="s1-s1-s1-s1-s1-s1" name="Portoseguro">automationQA.Tests.End2End.Ui.Bpm.Portoseguro</stat>
<stat pass="2" fail="0" skip="0" id="s1-s1-s1-s1-s1-s2" name="Register">automationQA.Tests.End2End.Ui.Bpm.Register</stat>
</suite>
</statistics>
<errors>
</errors>
</robot>
