<?xml version="1.0" encoding="UTF-8"?>
<robot generator="Robot 6.0.2 (Python 3.10.11 on win32)" generated="20230609 16:38:37.000" rpa="false" schemaversion="3">
<suite id="s1" name="automationQA" source="C:\Users\george.paes_bazardoc\Documents\GitHub\automationQA">
<suite id="s1-s1" name="Tests" source="C:\Users\george.paes_bazardoc\Documents\GitHub\automationQA\tests">
<suite id="s1-s1-s1" name="Service" source="C:\Users\george.paes_bazardoc\Documents\GitHub\automationQA\tests\service">
<suite id="s1-s1-s1-s1" name="Retool" source="C:\Users\george.paes_bazardoc\Documents\GitHub\automationQA\tests\service\retool">
<suite id="s1-s1-s1-s1-s1" name="Asset Changes" source="C:\Users\george.paes_bazardoc\Documents\GitHub\automationQA\tests\service\retool\asset_changes.robot">
<test id="s1-s1-s1-s1-s1-t1" name="Cenário 1: Get AssetChanges" line="9">
<kw name="Get request with x-api-key" library="retool_keywords">
<var>${resp}</var>
<arg>type_name=ByGetAssetChanges</arg>
<kw name="Create Dictionary" library="BuiltIn">
<var>${headers}</var>
<arg>Content-Type=application/json</arg>
<arg>x-api-key=${TOKEN}</arg>
<doc>Creates and returns a dictionary based on the given ``items``.</doc>
<msg timestamp="20230609 16:38:37.726" level="INFO">${headers} = {'Content-Type': 'application/json', 'x-api-key': '1NrcncqyUG9oJ5hShJq0aafHfWcBWqFdPVBSpee6'}</msg>
<status status="PASS" starttime="20230609 16:38:37.725" endtime="20230609 16:38:37.726"/>
</kw>
<kw name="Create Session" library="RequestsLibrary">
<arg>alias=get_request</arg>
<arg>url=${BPM_BASE}</arg>
<arg>headers=${headers}</arg>
<doc>Create Session: create a HTTP session to a server</doc>
<msg timestamp="20230609 16:38:37.726" level="INFO">Creating Session using : alias=get_request, url=https://staging.bazardoconsorcio.com.br, headers={'Content-Type': 'application/json', 'x-api-key': '1NrcncqyUG9oJ5hShJq0aafHfWcBWqFdPVBSpee6'},                     cookies={}, auth=None, timeout=None, proxies=None, verify=False,                     debug=0 </msg>
<status status="PASS" starttime="20230609 16:38:37.726" endtime="20230609 16:38:37.727"/>
</kw>
<kw name="GET On Session" library="RequestsLibrary">
<var>${resp}</var>
<arg>alias=get_request</arg>
<arg>url=${URI}[${type_name}]</arg>
<doc>Sends a GET request on a previously created HTTP Session.</doc>
<msg timestamp="20230609 16:38:38.166" level="INFO">GET Request : url=https://hexa.bazar-sandbox.technology/asset_changes 
 path_url=/asset_changes 
 headers={'User-Agent': 'python-requests/2.28.2', 'Accept-Encoding': 'gzip, deflate', 'Accept': '*/*', 'Connection': 'keep-alive', 'Content-Type': 'application/json', 'x-api-key': '1NrcncqyUG9oJ5hShJq0aafHfWcBWqFdPVBSpee6'} 
 body=None 
 </msg>
<msg timestamp="20230609 16:38:38.166" level="INFO">GET Response : url=https://hexa.bazar-sandbox.technology/asset_changes 
 status=200, reason=OK 
 headers={'Content-Type': 'application/json', 'Content-Length': '10795', 'Connection': 'keep-alive', 'Date': 'Fri, 09 Jun 2023 19:38:37 GMT', 'x-amzn-RequestId': 'cb17a699-63f1-4f5c-b175-0134ac9c537e', 'x-amzn-Remapped-content-length': '10795', 'x-amz-apigw-id': 'GRDlrHKHoAMF1lA=', 'X-Amzn-Trace-Id': 'Root=1-64837fbd-2ac41493463416b91caf1424;Sampled=0;lineage=695d9c57:0', 'X-Cache': 'Miss from cloudfront', 'Via': '1.1 b97800dba63a54d15f1e69f88e3a1a3e.cloudfront.net (CloudFront)', 'X-Amz-Cf-Pop': 'GRU1-C1', 'X-Amz-Cf-Id': 'huneWdIn63A0pV3gKdj-PkajMcVQ8RY5GCUQhY3hWxC40krcj1g69A=='} 
 body=[{"cota_id":102,"cota_adm":"804325-181373PORTO_SEGURO","cota":"62","grupo":"A284","contrato":"4000097322","short_name":"PORTO_SEGURO","fundo_desc":"ATIVOS ESPECIAIS III - F.INVEST.DIR.CRED","data_assembleia":"2023-06-15T00:00:00","bem_atual":107138.93,"data_primeira_solicitacao":"2023-06-09T19:18:29.277705","data_solicitacao_troca":"2023-06-09T19:18:29.277707","data_resposta_adm":null,"motivo":null,"data_troca_do_bem":null,"numero_tentativa":1,"bem_resposta_adm":null,"bem_troca":53569.47,"status_bem_atual_desc":"TROCA EXPIRADA"},{"cota_id":107,"cota_adm":"851265-178297PORTO_SEGURO","cota":"143","grupo":"I137","contrato":"827865","short_name":"PORTO_SEGURO","fundo_desc":"ATIVOS ESPECIAIS III - F.INVEST.DIR.CRED","data_assembleia":"2023-06-15T00:00:00","bem_atual":364272.35,"data_primeira_solicitacao":"2023-06-09T19:31:00.047100","data_solicitacao_troca":"2023-06-09T19:31:00.047101","data_resposta_adm":"2023-06-09T19:18:32.937697","motivo":null,"data_troca_do_bem":null,"numero_tentativa":1,"bem_resposta_adm":null,"bem_troca":182136.18,"status_bem_atual_desc":"TROCA SOLICITADA"},{"cota_id":127,"cota_adm":"4000366019-1103652PORTO_SEGURO","cota":"54","grupo":"I177","contrato":"955836","short_name":"PORTO_SEGURO","fundo_desc":"ATIVOS ESPECIAIS III - F.INVEST.DIR.CRED","data_assembleia":"2023-06-15T00:00:00","bem_atual":109848.05,"data_primeira_solicitacao":null,"data_solicitacao_troca":null,"data_resposta_adm":"2023-06-09T19:31:03.169378","motivo":null,"data_troca_do_bem":null,"numero_tentativa":null,"bem_resposta_adm":null,"bem_troca":54924.03,"status_bem_atual_desc":"ANALISE PRICING"},{"cota_id":128,"cota_adm":"915685-342189PORTO_SEGURO","cota":"533","grupo":"I185","contrato":"950447","short_name":"PORTO_SEGURO","fundo_desc":"ATIVOS ESPECIAIS III - F.INVEST.DIR.CRED","data_assembleia":"2023-06-15T00:00:00","bem_atual":332895.74,"data_primeira_solicitacao":"2023-06-09T19:21:06.199310","data_solicitacao_troca":"2023-06-09T19:21:06.199312","data_resposta_adm":null,"motivo":null,"data_troca_do_bem":null,"numero_tentativa":1,"bem_resposta_adm":null,"bem_troca":166447.87,"status_bem_atual_desc":"SOLICITAR TROCA"},{"cota_id":103,"cota_adm":"4000403669-1202400PORTO_SEGURO","cota":"35","grupo":"PF111","contrato":"4000169402","short_name":"PORTO_SEGURO","fundo_desc":"ATIVOS ESPECIAIS II - F.INVEST.DIR.CRED","data_assembleia":"2023-06-15T00:00:00","bem_atual":41738.23,"data_primeira_solicitacao":null,"data_solicitacao_troca":null,"data_resposta_adm":"2023-06-09T19:21:10.359267","motivo":null,"data_troca_do_bem":null,"numero_tentativa":null,"bem_resposta_adm":null,"bem_troca":20869.12,"status_bem_atual_desc":"TROCA RECUSADA"},{"cota_id":106,"cota_adm":"4000314443-710587PORTO_SEGURO","cota":"254","grupo":"I155","contrato":"882547","short_name":"PORTO_SEGURO","fundo_desc":"ATIVOS ESPECIAIS II - F.INVEST.DIR.CRED","data_assembleia":"2023-06-15T00:00:00","bem_atual":131754.67,"data_primeira_solicitacao":null,"data_solicitacao_troca":null,"data_resposta_adm":null,"motivo":null,"data_troca_do_bem":null,"numero_tentativa":null,"bem_resposta_adm":null,"bem_troca":65877.34,"status_bem_atual_desc":"TROCA EXPIRADA"},{"cota_id":108,"cota_adm":"4000346406-840934PORTO_SEGURO","cota":"459","grupo":"I165","contrato":"889864","short_name":"PORTO_SEGURO","fundo_desc":"ATIVOS ESPECIAIS III - F.INVEST.DIR.CRED","data_assembleia":"2023-06-15T00:00:00","bem_atual":67954.56,"data_primeira_solicitacao":"2023-06-09T19:34:35.412234","data_solicitacao_troca":"2023-06-09T19:34:35.412236","data_resposta_adm":null,"motivo":null,"data_troca_do_bem":null,"numero_tentativa":1,"bem_resposta_adm":null,"bem_troca":33977.28,"status_bem_atual_desc":"TROCA SOLICITADA"},{"cota_id":114,"cota_adm":"834106-188171PORTO_SEGURO","cota":"62","grupo":"A304","contrato":"4000216530","short_name":"PORTO_SEGURO","fundo_desc":"ATIVOS ESPECIAIS III - F.INVEST.DIR.CRED","data_assembleia":"2023-06-15T00:00:00","bem_atual":99869.61,"data_primeira_solicitacao":null,"data_solicitacao_troca":null,"data_resposta_adm":"2023-06-09T19:34:38.750145","motivo":null,"data_troca_do_bem":null,"numero_tentativa":null,"bem_resposta_adm":null,"bem_troca":49934.81,"status_bem_atual_desc":"ANALISE PRICING"},{"cota_id":115,"cota_adm":"4000320504-726122PORTO_SEGURO","cota":"249","grupo":"BM34","contrato":"6000003470","short_name":"PORTO_SEGURO","fundo_desc":"ATIVOS ESPECIAIS III - F.INVEST.DIR.CRED","data_assembleia":"2023-06-15T00:00:00","bem_atual":44692.48,"data_primeira_solicitacao":null,"data_solicitacao_troca":null,"data_resposta_adm":null,"motivo":null,"data_troca_do_bem":null,"numero_tentativa":null,"bem_resposta_adm":null,"bem_troca":22346.24,"status_bem_atual_desc":"SOLICITAR TROCA"},{"cota_id":116,"cota_adm":"891847-206977PORTO_SEGURO","cota":"83","grupo":"I119","contrato":"827111","short_name":"PORTO_SEGURO","fundo_desc":"ATIVOS ESPECIAIS III - F.INVEST.DIR.CRED","data_assembleia":"2023-06-15T00:00:00","bem_atual":145247.81,"data_primeira_solicitacao":null,"data_solicitacao_troca":null,"data_resposta_adm":null,"motivo":null,"data_troca_do_bem":null,"numero_tentativa":null,"bem_resposta_adm":null,"bem_troca":72623.91,"status_bem_atual_desc":"TROCA RECUSADA"},{"cota_id":117,"cota_adm":"875568-304769PORTO_SEGURO","cota":"274","grupo":"I172","contrato":"916336","short_name":"PORTO_SEGURO","fundo_desc":"ATIVOS ESPECIAIS III - F.INVEST.DIR.CRED","data_assembleia":"2023-06-15T00:00:00","bem_atual":102527.86,"data_primeira_solicitacao":null,"data_solicitacao_troca":null,"data_resposta_adm":null,"motivo":null,"data_troca_do_bem":null,"numero_tentativa":null,"bem_resposta_adm":null,"bem_troca":51263.93,"status_bem_atual_desc":"TROCA EXPIRADA"},{"cota_id":118,"cota_adm":"4000111910-500635PORTO_SEGURO","cota":"201","grupo":"I172","contrato":"916335","short_name":"PORTO_SEGURO","fundo_desc":"ATIVOS ESPECIAIS III - F.INVEST.DIR.CRED","data_assembleia":"2023-06-15T00:00:00","bem_atual":43366.95,"data_primeira_solicitacao":"2023-06-09T19:27:15.683864","data_solicitacao_troca":"2023-06-09T19:37:33.632582","data_resposta_adm":null,"motivo":null,"data_troca_do_bem":null,"numero_tentativa":2,"bem_resposta_adm":null,"bem_troca":27160.12,"status_bem_atual_desc":"TROCA SOLICITADA"},{"cota_id":83,"cota_adm":"30383015SANTANDER","cota":"1269","grupo":"669","contrato":"30492673","short_name":"SANTANDER","fundo_desc":"ATIVOS ESPECIAIS III - F.INVEST.DIR.CRED","data_assembleia":"2023-06-15T00:00:00","bem_atual":23397.5,"data_primeira_solicitacao":null,"data_solicitacao_troca":null,"data_resposta_adm":"2023-06-09T19:37:36.913371","motivo":null,"data_troca_do_bem":null,"numero_tentativa":null,"bem_resposta_adm":null,"bem_troca":11698.75,"status_bem_atual_desc":"ANALISE PRICING"},{"cota_id":86,"cota_adm":"30481842SANTANDER","cota":"234234","grupo":"704","contrato":"30680088","short_name":"SANTANDER","fundo_desc":"ATIVOS ESPECIAIS III - F.INVEST.DIR.CRED","data_assembleia":"2023-06-15T00:00:00","bem_atual":638295.4,"data_primeira_solicitacao":null,"data_solicitacao_troca":null,"data_resposta_adm":null,"motivo":null,"data_troca_do_bem":null,"numero_tentativa":null,"bem_resposta_adm":null,"bem_troca":319147.7,"status_bem_atual_desc":"SOLICITAR TROCA"},{"cota_id":88,"cota_adm":"30245804SANTANDER","cota":"123","grupo":"656","contrato":"30437571","short_name":"SANTANDER","fundo_desc":"ATIVOS ESPECIAIS III - F.INVEST.DIR.CRED","data_assembleia":"2023-06-15T00:00:00","bem_atual":48645.0,"data_primeira_solicitacao":"2023-06-09T19:29:11.685491","data_solicitacao_troca":"2023-06-09T19:29:11.685493","data_resposta_adm":null,"motivo":null,"data_troca_do_bem":null,"numero_tentativa":1,"bem_resposta_adm":null,"bem_troca":24322.5,"status_bem_atual_desc":"TROCA RECUSADA"},{"cota_id":85,"cota_adm":"30376082SANTANDER","cota":"0043","grupo":"714","contrato":"30681919","short_name":"SANTANDER","fundo_desc":"ATIVOS ESPECIAIS III - F.INVEST.DIR.CRED","data_assembleia":"2023-06-15T00:00:00","bem_atual":215779.6,"data_primeira_solicitacao":null,"data_solicitacao_troca":null,"data_resposta_adm":"2023-06-09T19:29:15.045486","motivo":null,"data_troca_do_bem":null,"numero_tentativa":null,"bem_resposta_adm":null,"bem_troca":124537.15,"status_bem_atual_desc":"TROCA EXPIRADA"},{"cota_id":54,"cota_adm":"30387200SANTANDER","cota":"0117","grupo":"3047","contrato":"30225299","short_name":"SANTANDER","fundo_desc":"ATIVOS ESPECIAIS III - F.INVEST.DIR.CRED","data_assembleia":"2023-06-15T00:00:00","bem_atual":23207.89,"data_primeira_solicitacao":"2023-05-23T13:31:13.939506","data_solicitacao_troca":"2023-06-09T19:38:06.161107","data_resposta_adm":"2023-06-09T12:53:45.354218","motivo":null,"data_troca_do_bem":null,"numero_tentativa":3,"bem_resposta_adm":null,"bem_troca":11603.95,"status_bem_atual_desc":"TROCA SOLICITADA"},{"cota_id":62,"cota_adm":"30496189SANTANDER","cota":"14305","grupo":"565","contrato":"30577812","short_name":"SANTANDER","fundo_desc":"ATIVOS ESPECIAIS III - F.INVEST.DIR.CRED","data_assembleia":"2023-06-15T00:00:00","bem_atual":61037.25,"data_primeira_solicitacao":"2023-06-09T19:13:15.213103","data_solicitacao_troca":"2023-06-09T19:29:37.466439","data_resposta_adm":"2023-06-09T19:38:10.252716","motivo":null,"data_troca_do_bem":null,"numero_tentativa":2,"bem_resposta_adm":null,"bem_troca":30518.63,"status_bem_atual_desc":"ANALISE PRICING"},{"cota_id":122,"cota_adm":"841076-195512PORTO_SEGURO","cota":"4","grupo":"I141","contrato":"828685","short_name":"PORTO_SEGURO","fundo_desc":"ATIVOS ESPECIAIS II - F.INVEST.DIR.CRED","data_assembleia":"2023-06-15T00:00:00","bem_atual":368054.01,"data_primeira_solicitacao":"2023-06-07T21:06:44.400332","data_solicitacao_troca":"2023-06-09T19:15:12.694868","data_resposta_adm":"2023-06-09T19:29:41.246502","motivo":null,"data_troca_do_bem":null,"numero_tentativa":2,"bem_resposta_adm":null,"bem_troca":184027.01,"status_bem_atual_desc":"SOLICITAR TROCA"},{"cota_id":90,"cota_adm":"30538845SANTANDER","cota":"","grupo":"656","contrato":"30437571","short_name":"SANTANDER","fundo_desc":"ATIVOS ESPECIAIS III - F.INVEST.... (set the log level to DEBUG or TRACE to see the full content) 
 </msg>
<msg timestamp="20230609 16:38:38.167" level="INFO">C:\Users\george.paes_bazardoc\Documents\GitHub\automationQA\robotEnv\lib\site-packages\urllib3\connectionpool.py:1045: InsecureRequestWarning: Unverified HTTPS request is being made to host 'hexa.bazar-sandbox.technology'. Adding certificate verification is strongly advised. See: https://urllib3.readthedocs.io/en/1.26.x/advanced-usage.html#ssl-warnings
  warnings.warn(</msg>
<msg timestamp="20230609 16:38:38.167" level="INFO">${resp} = &lt;Response [200]&gt;</msg>
<status status="PASS" starttime="20230609 16:38:37.727" endtime="20230609 16:38:38.167"/>
</kw>
<msg timestamp="20230609 16:38:38.168" level="INFO">${resp} = &lt;Response [200]&gt;</msg>
<status status="PASS" starttime="20230609 16:38:37.725" endtime="20230609 16:38:38.168"/>
</kw>
<kw name="Status Should Be" library="RequestsLibrary">
<arg>200</arg>
<arg>${resp}</arg>
<doc>Fails if response status code is different than the expected.</doc>
<status status="PASS" starttime="20230609 16:38:38.169" endtime="20230609 16:38:38.169"/>
</kw>
<kw name="Validate Json By Schema File" library="JSONLibrary">
<arg>${resp.json()}</arg>
<arg>${RETOOL_SCHEMAS}/get_assetChanges.json</arg>
<doc>Validate json object by json schema file.
Arguments:
    - json_object: json as a dictionary object.
    - json_path: path to file with json schema</doc>
<status status="PASS" starttime="20230609 16:38:38.169" endtime="20230609 16:38:38.181"/>
</kw>
<tag>assetChanges</tag>
<tag>backend</tag>
<tag>regressivo</tag>
<tag>retool</tag>
<status status="PASS" starttime="20230609 16:38:37.724" endtime="20230609 16:38:38.181"/>
</test>
<test id="s1-s1-s1-s1-s1-t2" name="Cenário 2: Patch AssetChanges with status TROCA SOLICITADA" line="19">
<kw name="Set Global Variable" library="BuiltIn">
<arg>${status}</arg>
<arg>TROCA SOLICITADA</arg>
<doc>Makes a variable available globally in all tests and suites.</doc>
<msg timestamp="20230609 16:38:38.184" level="INFO">${status} = TROCA SOLICITADA</msg>
<status status="PASS" starttime="20230609 16:38:38.183" endtime="20230609 16:38:38.184"/>
</kw>
<kw name="Get request with x-api-key" library="retool_keywords">
<var>${get}</var>
<arg>type_name=ByGetAssetChanges</arg>
<kw name="Create Dictionary" library="BuiltIn">
<var>${headers}</var>
<arg>Content-Type=application/json</arg>
<arg>x-api-key=${TOKEN}</arg>
<doc>Creates and returns a dictionary based on the given ``items``.</doc>
<msg timestamp="20230609 16:38:38.184" level="INFO">${headers} = {'Content-Type': 'application/json', 'x-api-key': '1NrcncqyUG9oJ5hShJq0aafHfWcBWqFdPVBSpee6'}</msg>
<status status="PASS" starttime="20230609 16:38:38.184" endtime="20230609 16:38:38.184"/>
</kw>
<kw name="Create Session" library="RequestsLibrary">
<arg>alias=get_request</arg>
<arg>url=${BPM_BASE}</arg>
<arg>headers=${headers}</arg>
<doc>Create Session: create a HTTP session to a server</doc>
<msg timestamp="20230609 16:38:38.184" level="INFO">Creating Session using : alias=get_request, url=https://staging.bazardoconsorcio.com.br, headers={'Content-Type': 'application/json', 'x-api-key': '1NrcncqyUG9oJ5hShJq0aafHfWcBWqFdPVBSpee6'},                     cookies={}, auth=None, timeout=None, proxies=None, verify=False,                     debug=0 </msg>
<status status="PASS" starttime="20230609 16:38:38.184" endtime="20230609 16:38:38.184"/>
</kw>
<kw name="GET On Session" library="RequestsLibrary">
<var>${resp}</var>
<arg>alias=get_request</arg>
<arg>url=${URI}[${type_name}]</arg>
<doc>Sends a GET request on a previously created HTTP Session.</doc>
<msg timestamp="20230609 16:38:38.572" level="INFO">GET Request : url=https://hexa.bazar-sandbox.technology/asset_changes 
 path_url=/asset_changes 
 headers={'User-Agent': 'python-requests/2.28.2', 'Accept-Encoding': 'gzip, deflate', 'Accept': '*/*', 'Connection': 'keep-alive', 'Content-Type': 'application/json', 'x-api-key': '1NrcncqyUG9oJ5hShJq0aafHfWcBWqFdPVBSpee6'} 
 body=None 
 </msg>
<msg timestamp="20230609 16:38:38.572" level="INFO">GET Response : url=https://hexa.bazar-sandbox.technology/asset_changes 
 status=200, reason=OK 
 headers={'Content-Type': 'application/json', 'Content-Length': '10795', 'Connection': 'keep-alive', 'Date': 'Fri, 09 Jun 2023 19:38:38 GMT', 'x-amzn-RequestId': '5d029257-4d98-4516-97c3-2e679cc7fbb2', 'x-amzn-Remapped-content-length': '10795', 'x-amz-apigw-id': 'GRDlvFtioAMFlZA=', 'X-Amzn-Trace-Id': 'Root=1-64837fbe-0e5c7daf7b775f5039e115ef;Sampled=0;lineage=695d9c57:0', 'X-Cache': 'Miss from cloudfront', 'Via': '1.1 90b76e653c2ec3d955102c951a3c0250.cloudfront.net (CloudFront)', 'X-Amz-Cf-Pop': 'GRU1-C1', 'X-Amz-Cf-Id': 'mOfqRI-AsFCVwq4rXLEIlRzQRKkSXTRXvPN-LS0nsZwTtZ_udvcigg=='} 
 body=[{"cota_id":102,"cota_adm":"804325-181373PORTO_SEGURO","cota":"62","grupo":"A284","contrato":"4000097322","short_name":"PORTO_SEGURO","fundo_desc":"ATIVOS ESPECIAIS III - F.INVEST.DIR.CRED","data_assembleia":"2023-06-15T00:00:00","bem_atual":107138.93,"data_primeira_solicitacao":"2023-06-09T19:18:29.277705","data_solicitacao_troca":"2023-06-09T19:18:29.277707","data_resposta_adm":null,"motivo":null,"data_troca_do_bem":null,"numero_tentativa":1,"bem_resposta_adm":null,"bem_troca":53569.47,"status_bem_atual_desc":"TROCA EXPIRADA"},{"cota_id":107,"cota_adm":"851265-178297PORTO_SEGURO","cota":"143","grupo":"I137","contrato":"827865","short_name":"PORTO_SEGURO","fundo_desc":"ATIVOS ESPECIAIS III - F.INVEST.DIR.CRED","data_assembleia":"2023-06-15T00:00:00","bem_atual":364272.35,"data_primeira_solicitacao":"2023-06-09T19:31:00.047100","data_solicitacao_troca":"2023-06-09T19:31:00.047101","data_resposta_adm":"2023-06-09T19:18:32.937697","motivo":null,"data_troca_do_bem":null,"numero_tentativa":1,"bem_resposta_adm":null,"bem_troca":182136.18,"status_bem_atual_desc":"TROCA SOLICITADA"},{"cota_id":127,"cota_adm":"4000366019-1103652PORTO_SEGURO","cota":"54","grupo":"I177","contrato":"955836","short_name":"PORTO_SEGURO","fundo_desc":"ATIVOS ESPECIAIS III - F.INVEST.DIR.CRED","data_assembleia":"2023-06-15T00:00:00","bem_atual":109848.05,"data_primeira_solicitacao":null,"data_solicitacao_troca":null,"data_resposta_adm":"2023-06-09T19:31:03.169378","motivo":null,"data_troca_do_bem":null,"numero_tentativa":null,"bem_resposta_adm":null,"bem_troca":54924.03,"status_bem_atual_desc":"ANALISE PRICING"},{"cota_id":128,"cota_adm":"915685-342189PORTO_SEGURO","cota":"533","grupo":"I185","contrato":"950447","short_name":"PORTO_SEGURO","fundo_desc":"ATIVOS ESPECIAIS III - F.INVEST.DIR.CRED","data_assembleia":"2023-06-15T00:00:00","bem_atual":332895.74,"data_primeira_solicitacao":"2023-06-09T19:21:06.199310","data_solicitacao_troca":"2023-06-09T19:21:06.199312","data_resposta_adm":null,"motivo":null,"data_troca_do_bem":null,"numero_tentativa":1,"bem_resposta_adm":null,"bem_troca":166447.87,"status_bem_atual_desc":"SOLICITAR TROCA"},{"cota_id":103,"cota_adm":"4000403669-1202400PORTO_SEGURO","cota":"35","grupo":"PF111","contrato":"4000169402","short_name":"PORTO_SEGURO","fundo_desc":"ATIVOS ESPECIAIS II - F.INVEST.DIR.CRED","data_assembleia":"2023-06-15T00:00:00","bem_atual":41738.23,"data_primeira_solicitacao":null,"data_solicitacao_troca":null,"data_resposta_adm":"2023-06-09T19:21:10.359267","motivo":null,"data_troca_do_bem":null,"numero_tentativa":null,"bem_resposta_adm":null,"bem_troca":20869.12,"status_bem_atual_desc":"TROCA RECUSADA"},{"cota_id":106,"cota_adm":"4000314443-710587PORTO_SEGURO","cota":"254","grupo":"I155","contrato":"882547","short_name":"PORTO_SEGURO","fundo_desc":"ATIVOS ESPECIAIS II - F.INVEST.DIR.CRED","data_assembleia":"2023-06-15T00:00:00","bem_atual":131754.67,"data_primeira_solicitacao":null,"data_solicitacao_troca":null,"data_resposta_adm":null,"motivo":null,"data_troca_do_bem":null,"numero_tentativa":null,"bem_resposta_adm":null,"bem_troca":65877.34,"status_bem_atual_desc":"TROCA EXPIRADA"},{"cota_id":108,"cota_adm":"4000346406-840934PORTO_SEGURO","cota":"459","grupo":"I165","contrato":"889864","short_name":"PORTO_SEGURO","fundo_desc":"ATIVOS ESPECIAIS III - F.INVEST.DIR.CRED","data_assembleia":"2023-06-15T00:00:00","bem_atual":67954.56,"data_primeira_solicitacao":"2023-06-09T19:34:35.412234","data_solicitacao_troca":"2023-06-09T19:34:35.412236","data_resposta_adm":null,"motivo":null,"data_troca_do_bem":null,"numero_tentativa":1,"bem_resposta_adm":null,"bem_troca":33977.28,"status_bem_atual_desc":"TROCA SOLICITADA"},{"cota_id":114,"cota_adm":"834106-188171PORTO_SEGURO","cota":"62","grupo":"A304","contrato":"4000216530","short_name":"PORTO_SEGURO","fundo_desc":"ATIVOS ESPECIAIS III - F.INVEST.DIR.CRED","data_assembleia":"2023-06-15T00:00:00","bem_atual":99869.61,"data_primeira_solicitacao":null,"data_solicitacao_troca":null,"data_resposta_adm":"2023-06-09T19:34:38.750145","motivo":null,"data_troca_do_bem":null,"numero_tentativa":null,"bem_resposta_adm":null,"bem_troca":49934.81,"status_bem_atual_desc":"ANALISE PRICING"},{"cota_id":115,"cota_adm":"4000320504-726122PORTO_SEGURO","cota":"249","grupo":"BM34","contrato":"6000003470","short_name":"PORTO_SEGURO","fundo_desc":"ATIVOS ESPECIAIS III - F.INVEST.DIR.CRED","data_assembleia":"2023-06-15T00:00:00","bem_atual":44692.48,"data_primeira_solicitacao":null,"data_solicitacao_troca":null,"data_resposta_adm":null,"motivo":null,"data_troca_do_bem":null,"numero_tentativa":null,"bem_resposta_adm":null,"bem_troca":22346.24,"status_bem_atual_desc":"SOLICITAR TROCA"},{"cota_id":116,"cota_adm":"891847-206977PORTO_SEGURO","cota":"83","grupo":"I119","contrato":"827111","short_name":"PORTO_SEGURO","fundo_desc":"ATIVOS ESPECIAIS III - F.INVEST.DIR.CRED","data_assembleia":"2023-06-15T00:00:00","bem_atual":145247.81,"data_primeira_solicitacao":null,"data_solicitacao_troca":null,"data_resposta_adm":null,"motivo":null,"data_troca_do_bem":null,"numero_tentativa":null,"bem_resposta_adm":null,"bem_troca":72623.91,"status_bem_atual_desc":"TROCA RECUSADA"},{"cota_id":117,"cota_adm":"875568-304769PORTO_SEGURO","cota":"274","grupo":"I172","contrato":"916336","short_name":"PORTO_SEGURO","fundo_desc":"ATIVOS ESPECIAIS III - F.INVEST.DIR.CRED","data_assembleia":"2023-06-15T00:00:00","bem_atual":102527.86,"data_primeira_solicitacao":null,"data_solicitacao_troca":null,"data_resposta_adm":null,"motivo":null,"data_troca_do_bem":null,"numero_tentativa":null,"bem_resposta_adm":null,"bem_troca":51263.93,"status_bem_atual_desc":"TROCA EXPIRADA"},{"cota_id":118,"cota_adm":"4000111910-500635PORTO_SEGURO","cota":"201","grupo":"I172","contrato":"916335","short_name":"PORTO_SEGURO","fundo_desc":"ATIVOS ESPECIAIS III - F.INVEST.DIR.CRED","data_assembleia":"2023-06-15T00:00:00","bem_atual":43366.95,"data_primeira_solicitacao":"2023-06-09T19:27:15.683864","data_solicitacao_troca":"2023-06-09T19:37:33.632582","data_resposta_adm":null,"motivo":null,"data_troca_do_bem":null,"numero_tentativa":2,"bem_resposta_adm":null,"bem_troca":27160.12,"status_bem_atual_desc":"TROCA SOLICITADA"},{"cota_id":83,"cota_adm":"30383015SANTANDER","cota":"1269","grupo":"669","contrato":"30492673","short_name":"SANTANDER","fundo_desc":"ATIVOS ESPECIAIS III - F.INVEST.DIR.CRED","data_assembleia":"2023-06-15T00:00:00","bem_atual":23397.5,"data_primeira_solicitacao":null,"data_solicitacao_troca":null,"data_resposta_adm":"2023-06-09T19:37:36.913371","motivo":null,"data_troca_do_bem":null,"numero_tentativa":null,"bem_resposta_adm":null,"bem_troca":11698.75,"status_bem_atual_desc":"ANALISE PRICING"},{"cota_id":86,"cota_adm":"30481842SANTANDER","cota":"234234","grupo":"704","contrato":"30680088","short_name":"SANTANDER","fundo_desc":"ATIVOS ESPECIAIS III - F.INVEST.DIR.CRED","data_assembleia":"2023-06-15T00:00:00","bem_atual":638295.4,"data_primeira_solicitacao":null,"data_solicitacao_troca":null,"data_resposta_adm":null,"motivo":null,"data_troca_do_bem":null,"numero_tentativa":null,"bem_resposta_adm":null,"bem_troca":319147.7,"status_bem_atual_desc":"SOLICITAR TROCA"},{"cota_id":88,"cota_adm":"30245804SANTANDER","cota":"123","grupo":"656","contrato":"30437571","short_name":"SANTANDER","fundo_desc":"ATIVOS ESPECIAIS III - F.INVEST.DIR.CRED","data_assembleia":"2023-06-15T00:00:00","bem_atual":48645.0,"data_primeira_solicitacao":"2023-06-09T19:29:11.685491","data_solicitacao_troca":"2023-06-09T19:29:11.685493","data_resposta_adm":null,"motivo":null,"data_troca_do_bem":null,"numero_tentativa":1,"bem_resposta_adm":null,"bem_troca":24322.5,"status_bem_atual_desc":"TROCA RECUSADA"},{"cota_id":85,"cota_adm":"30376082SANTANDER","cota":"0043","grupo":"714","contrato":"30681919","short_name":"SANTANDER","fundo_desc":"ATIVOS ESPECIAIS III - F.INVEST.DIR.CRED","data_assembleia":"2023-06-15T00:00:00","bem_atual":215779.6,"data_primeira_solicitacao":null,"data_solicitacao_troca":null,"data_resposta_adm":"2023-06-09T19:29:15.045486","motivo":null,"data_troca_do_bem":null,"numero_tentativa":null,"bem_resposta_adm":null,"bem_troca":124537.15,"status_bem_atual_desc":"TROCA EXPIRADA"},{"cota_id":54,"cota_adm":"30387200SANTANDER","cota":"0117","grupo":"3047","contrato":"30225299","short_name":"SANTANDER","fundo_desc":"ATIVOS ESPECIAIS III - F.INVEST.DIR.CRED","data_assembleia":"2023-06-15T00:00:00","bem_atual":23207.89,"data_primeira_solicitacao":"2023-05-23T13:31:13.939506","data_solicitacao_troca":"2023-06-09T19:38:06.161107","data_resposta_adm":"2023-06-09T12:53:45.354218","motivo":null,"data_troca_do_bem":null,"numero_tentativa":3,"bem_resposta_adm":null,"bem_troca":11603.95,"status_bem_atual_desc":"TROCA SOLICITADA"},{"cota_id":62,"cota_adm":"30496189SANTANDER","cota":"14305","grupo":"565","contrato":"30577812","short_name":"SANTANDER","fundo_desc":"ATIVOS ESPECIAIS III - F.INVEST.DIR.CRED","data_assembleia":"2023-06-15T00:00:00","bem_atual":61037.25,"data_primeira_solicitacao":"2023-06-09T19:13:15.213103","data_solicitacao_troca":"2023-06-09T19:29:37.466439","data_resposta_adm":"2023-06-09T19:38:10.252716","motivo":null,"data_troca_do_bem":null,"numero_tentativa":2,"bem_resposta_adm":null,"bem_troca":30518.63,"status_bem_atual_desc":"ANALISE PRICING"},{"cota_id":122,"cota_adm":"841076-195512PORTO_SEGURO","cota":"4","grupo":"I141","contrato":"828685","short_name":"PORTO_SEGURO","fundo_desc":"ATIVOS ESPECIAIS II - F.INVEST.DIR.CRED","data_assembleia":"2023-06-15T00:00:00","bem_atual":368054.01,"data_primeira_solicitacao":"2023-06-07T21:06:44.400332","data_solicitacao_troca":"2023-06-09T19:15:12.694868","data_resposta_adm":"2023-06-09T19:29:41.246502","motivo":null,"data_troca_do_bem":null,"numero_tentativa":2,"bem_resposta_adm":null,"bem_troca":184027.01,"status_bem_atual_desc":"SOLICITAR TROCA"},{"cota_id":90,"cota_adm":"30538845SANTANDER","cota":"","grupo":"656","contrato":"30437571","short_name":"SANTANDER","fundo_desc":"ATIVOS ESPECIAIS III - F.INVEST.... (set the log level to DEBUG or TRACE to see the full content) 
 </msg>
<msg timestamp="20230609 16:38:38.572" level="INFO">C:\Users\george.paes_bazardoc\Documents\GitHub\automationQA\robotEnv\lib\site-packages\urllib3\connectionpool.py:1045: InsecureRequestWarning: Unverified HTTPS request is being made to host 'hexa.bazar-sandbox.technology'. Adding certificate verification is strongly advised. See: https://urllib3.readthedocs.io/en/1.26.x/advanced-usage.html#ssl-warnings
  warnings.warn(</msg>
<msg timestamp="20230609 16:38:38.573" level="INFO">${resp} = &lt;Response [200]&gt;</msg>
<status status="PASS" starttime="20230609 16:38:38.185" endtime="20230609 16:38:38.573"/>
</kw>
<msg timestamp="20230609 16:38:38.574" level="INFO">${get} = &lt;Response [200]&gt;</msg>
<status status="PASS" starttime="20230609 16:38:38.184" endtime="20230609 16:38:38.574"/>
</kw>
<kw name="Patch request with x-api-key" library="retool_keywords">
<var>${resp}</var>
<arg>type_name=ByPatchAssetChanges</arg>
<arg>id=${get.json()}[0][cota_id]</arg>
<kw name="Create Dictionary" library="BuiltIn">
<var>${headers}</var>
<arg>Content-Type=application/json</arg>
<arg>x-api-key=${TOKEN}</arg>
<doc>Creates and returns a dictionary based on the given ``items``.</doc>
<msg timestamp="20230609 16:38:38.576" level="INFO">${headers} = {'Content-Type': 'application/json', 'x-api-key': '1NrcncqyUG9oJ5hShJq0aafHfWcBWqFdPVBSpee6'}</msg>
<status status="PASS" starttime="20230609 16:38:38.576" endtime="20230609 16:38:38.576"/>
</kw>
<kw name="Load Json From File" library="JSONLibrary">
<var>${body}</var>
<arg>${BODY}[${type_name}]</arg>
<doc>Load JSON from file.</doc>
<msg timestamp="20230609 16:38:38.578" level="INFO">${body} = {'status_bem_atual_desc': 'TROCA EXPIRADA', 'bem_resposta_adm': 10000}</msg>
<status status="PASS" starttime="20230609 16:38:38.576" endtime="20230609 16:38:38.578"/>
</kw>
<if>
<branch type="IF" condition="&quot;${type_name}&quot; == &quot;ByPatchAssetChanges&quot;">
<if>
<branch type="IF" condition="&quot;${status}&quot; == &quot;TROCA SOLICITADA&quot;">
<kw name="Update Value To Json" library="JSONLibrary">
<var>${body}</var>
<arg>${body}</arg>
<arg>$.status_bem_atual_desc</arg>
<arg>${status}</arg>
<doc>Update value to JSON using JSONPath</doc>
<msg timestamp="20230609 16:38:38.600" level="INFO">${body} = {'status_bem_atual_desc': 'TROCA SOLICITADA', 'bem_resposta_adm': 10000}</msg>
<status status="PASS" starttime="20230609 16:38:38.578" endtime="20230609 16:38:38.600"/>
</kw>
<kw name="Delete Object From Json" library="JSONLibrary">
<var>${body}</var>
<arg>${body}</arg>
<arg>$.bem_resposta_adm</arg>
<doc>Delete Object From JSON using json_path</doc>
<msg timestamp="20230609 16:38:38.613" level="INFO">${body} = {'status_bem_atual_desc': 'TROCA SOLICITADA'}</msg>
<status status="PASS" starttime="20230609 16:38:38.600" endtime="20230609 16:38:38.613"/>
</kw>
<status status="PASS" starttime="20230609 16:38:38.578" endtime="20230609 16:38:38.613"/>
</branch>
<branch type="ELSE IF" condition="&quot;${status}&quot; == &quot;BEM CORRETO&quot;">
<kw name="Update Value To Json" library="JSONLibrary">
<var>${body}</var>
<arg>${body}</arg>
<arg>$.status_bem_atual_desc</arg>
<arg>${status}</arg>
<doc>Update value to JSON using JSONPath</doc>
<status status="NOT RUN" starttime="20230609 16:38:38.613" endtime="20230609 16:38:38.613"/>
</kw>
<kw name="Update Value To Json" library="JSONLibrary">
<var>${body}</var>
<arg>${body}</arg>
<arg>$.bem_resposta_adm</arg>
<arg>25000</arg>
<doc>Update value to JSON using JSONPath</doc>
<status status="NOT RUN" starttime="20230609 16:38:38.613" endtime="20230609 16:38:38.613"/>
</kw>
<status status="NOT RUN" starttime="20230609 16:38:38.613" endtime="20230609 16:38:38.613"/>
</branch>
<branch type="ELSE IF" condition="&quot;${status}&quot; == &quot;TROCA APROVADA&quot;">
<kw name="Update Value To Json" library="JSONLibrary">
<var>${body}</var>
<arg>${body}</arg>
<arg>$.status_bem_atual_desc</arg>
<arg>${status}</arg>
<doc>Update value to JSON using JSONPath</doc>
<status status="NOT RUN" starttime="20230609 16:38:38.613" endtime="20230609 16:38:38.614"/>
</kw>
<kw name="Update Value To Json" library="JSONLibrary">
<var>${body}</var>
<arg>${body}</arg>
<arg>$.bem_resposta_adm</arg>
<arg>25000</arg>
<doc>Update value to JSON using JSONPath</doc>
<status status="NOT RUN" starttime="20230609 16:38:38.614" endtime="20230609 16:38:38.614"/>
</kw>
<status status="NOT RUN" starttime="20230609 16:38:38.613" endtime="20230609 16:38:38.614"/>
</branch>
<branch type="ELSE IF" condition="&quot;${status}&quot; == &quot;ANALISE PRICING&quot;">
<kw name="Update Value To Json" library="JSONLibrary">
<var>${body}</var>
<arg>${body}</arg>
<arg>$.status_bem_atual_desc</arg>
<arg>${status}</arg>
<doc>Update value to JSON using JSONPath</doc>
<status status="NOT RUN" starttime="20230609 16:38:38.614" endtime="20230609 16:38:38.614"/>
</kw>
<kw name="Delete Object From Json" library="JSONLibrary">
<var>${body}</var>
<arg>${body}</arg>
<arg>$.bem_resposta_adm</arg>
<doc>Delete Object From JSON using json_path</doc>
<status status="NOT RUN" starttime="20230609 16:38:38.614" endtime="20230609 16:38:38.614"/>
</kw>
<status status="NOT RUN" starttime="20230609 16:38:38.614" endtime="20230609 16:38:38.614"/>
</branch>
<branch type="ELSE IF" condition="&quot;${status}&quot; == &quot;SOLICITAR TROCA&quot;">
<kw name="Update Value To Json" library="JSONLibrary">
<var>${body}</var>
<arg>${body}</arg>
<arg>$.status_bem_atual_desc</arg>
<arg>${status}</arg>
<doc>Update value to JSON using JSONPath</doc>
<status status="NOT RUN" starttime="20230609 16:38:38.614" endtime="20230609 16:38:38.614"/>
</kw>
<kw name="Delete Object From Json" library="JSONLibrary">
<var>${body}</var>
<arg>${body}</arg>
<arg>$.bem_resposta_adm</arg>
<doc>Delete Object From JSON using json_path</doc>
<status status="NOT RUN" starttime="20230609 16:38:38.614" endtime="20230609 16:38:38.614"/>
</kw>
<status status="NOT RUN" starttime="20230609 16:38:38.614" endtime="20230609 16:38:38.614"/>
</branch>
<branch type="ELSE IF" condition="&quot;${status}&quot; == &quot;TROCA RECUSADA&quot;">
<kw name="Update Value To Json" library="JSONLibrary">
<var>${body}</var>
<arg>${body}</arg>
<arg>$.status_bem_atual_desc</arg>
<arg>${status}</arg>
<doc>Update value to JSON using JSONPath</doc>
<status status="NOT RUN" starttime="20230609 16:38:38.614" endtime="20230609 16:38:38.614"/>
</kw>
<kw name="Delete Object From Json" library="JSONLibrary">
<var>${body}</var>
<arg>${body}</arg>
<arg>$.bem_resposta_adm</arg>
<doc>Delete Object From JSON using json_path</doc>
<status status="NOT RUN" starttime="20230609 16:38:38.614" endtime="20230609 16:38:38.614"/>
</kw>
<status status="NOT RUN" starttime="20230609 16:38:38.614" endtime="20230609 16:38:38.614"/>
</branch>
<branch type="ELSE IF" condition="&quot;${status}&quot; == &quot;TROCA EXPIRADA&quot;">
<kw name="Update Value To Json" library="JSONLibrary">
<var>${body}</var>
<arg>${body}</arg>
<arg>$.status_bem_atual_desc</arg>
<arg>${status}</arg>
<doc>Update value to JSON using JSONPath</doc>
<status status="NOT RUN" starttime="20230609 16:38:38.614" endtime="20230609 16:38:38.614"/>
</kw>
<kw name="Delete Object From Json" library="JSONLibrary">
<var>${body}</var>
<arg>${body}</arg>
<arg>$.bem_resposta_adm</arg>
<doc>Delete Object From JSON using json_path</doc>
<status status="NOT RUN" starttime="20230609 16:38:38.614" endtime="20230609 16:38:38.614"/>
</kw>
<status status="NOT RUN" starttime="20230609 16:38:38.614" endtime="20230609 16:38:38.614"/>
</branch>
<status status="PASS" starttime="20230609 16:38:38.578" endtime="20230609 16:38:38.614"/>
</if>
<status status="PASS" starttime="20230609 16:38:38.578" endtime="20230609 16:38:38.614"/>
</branch>
<status status="PASS" starttime="20230609 16:38:38.578" endtime="20230609 16:38:38.614"/>
</if>
<kw name="Create Session" library="RequestsLibrary">
<arg>alias=patch_request</arg>
<arg>url=${BPM_BASE}</arg>
<arg>headers=${headers}</arg>
<doc>Create Session: create a HTTP session to a server</doc>
<msg timestamp="20230609 16:38:38.615" level="INFO">Creating Session using : alias=patch_request, url=https://staging.bazardoconsorcio.com.br, headers={'Content-Type': 'application/json', 'x-api-key': '1NrcncqyUG9oJ5hShJq0aafHfWcBWqFdPVBSpee6'},                     cookies={}, auth=None, timeout=None, proxies=None, verify=False,                     debug=0 </msg>
<status status="PASS" starttime="20230609 16:38:38.615" endtime="20230609 16:38:38.615"/>
</kw>
<kw name="Set Variable If" library="BuiltIn">
<var>${urls}</var>
<arg>"${type_name}" == "ByPatchAssetChanges"</arg>
<arg>${URI}[${type_name}]/${id}/asset_changes</arg>
<arg>"${type_name}" != "ByPatchAssetChanges"</arg>
<arg>${URI}[${type_name}]/${id}</arg>
<doc>Sets variable based on the given condition.</doc>
<msg timestamp="20230609 16:38:38.615" level="INFO">${urls} = https://hexa.bazar-sandbox.technology/quotas/102/asset_changes</msg>
<status status="PASS" starttime="20230609 16:38:38.615" endtime="20230609 16:38:38.615"/>
</kw>
<kw name="PATCH On Session" library="RequestsLibrary">
<var>${resp}</var>
<arg>alias=patch_request</arg>
<arg>url=${urls}</arg>
<arg>json=${body}</arg>
<doc>Sends a PATCH request on a previously created HTTP Session.</doc>
<msg timestamp="20230609 16:38:39.045" level="INFO">PATCH Request : url=https://hexa.bazar-sandbox.technology/quotas/102/asset_changes 
 path_url=/quotas/102/asset_changes 
 headers={'User-Agent': 'python-requests/2.28.2', 'Accept-Encoding': 'gzip, deflate', 'Accept': '*/*', 'Connection': 'keep-alive', 'Content-Type': 'application/json', 'x-api-key': '1NrcncqyUG9oJ5hShJq0aafHfWcBWqFdPVBSpee6', 'Content-Length': '45'} 
 body=b'{"status_bem_atual_desc": "TROCA SOLICITADA"}' 
 </msg>
<msg timestamp="20230609 16:38:39.045" level="INFO">PATCH Response : url=https://hexa.bazar-sandbox.technology/quotas/102/asset_changes 
 status=200, reason=OK 
 headers={'Content-Type': 'application/json', 'Content-Length': '648', 'Connection': 'keep-alive', 'Date': 'Fri, 09 Jun 2023 19:38:38 GMT', 'x-amzn-RequestId': '1a664dd9-1c2f-4025-b4d6-0398f0bfa3ba', 'x-amzn-Remapped-content-length': '648', 'x-amz-apigw-id': 'GRDlzFlIIAMF0zA=', 'X-Amzn-Trace-Id': 'Root=1-64837fbe-3cc974956172d5d80d403b47;Sampled=0;lineage=695d9c57:0', 'X-Cache': 'Miss from cloudfront', 'Via': '1.1 1e65be156f8a5be307085efe774bde36.cloudfront.net (CloudFront)', 'X-Amz-Cf-Pop': 'GRU1-C1', 'X-Amz-Cf-Id': 'a8kQAUAyOdZqaaIn8PiA4xeX8oXQbU183niOqJ7VXcaKWHSHLmYgvw=='} 
 body={"created_at":"2023-06-09T19:38:38.575046","modified_at":"2023-06-09T19:38:38.575054","deleted_at":null,"created_by":1,"modified_by":1,"deleted_by":null,"is_deleted":false,"bem_atual_id":228,"status_type_bem_atual_id":2,"cota_id":102,"bem_atual":107138.93,"feedback_adm":false,"bem_correto":false,"data_pdc":"2023-05-20T00:16:23.950460","bem_resposta_adm":null,"data_resposta_adm":null,"data_solicitacao_troca":"2023-06-09T19:38:38.574303","motivo":null,"observacao":null,"origem":"PdC","data_primeira_solicitacao":"2023-06-09T19:18:29.277705","data_troca_do_bem":null,"numero_tentativa":2,"valid_from":"2023-06-09T19:38:38.533007","valid_to":null} 
 </msg>
<msg timestamp="20230609 16:38:39.045" level="INFO">C:\Users\george.paes_bazardoc\Documents\GitHub\automationQA\robotEnv\lib\site-packages\urllib3\connectionpool.py:1045: InsecureRequestWarning: Unverified HTTPS request is being made to host 'hexa.bazar-sandbox.technology'. Adding certificate verification is strongly advised. See: https://urllib3.readthedocs.io/en/1.26.x/advanced-usage.html#ssl-warnings
  warnings.warn(</msg>
<msg timestamp="20230609 16:38:39.046" level="INFO">${resp} = &lt;Response [200]&gt;</msg>
<status status="PASS" starttime="20230609 16:38:38.615" endtime="20230609 16:38:39.046"/>
</kw>
<msg timestamp="20230609 16:38:39.046" level="INFO">${resp} = &lt;Response [200]&gt;</msg>
<status status="PASS" starttime="20230609 16:38:38.574" endtime="20230609 16:38:39.047"/>
</kw>
<kw name="Status Should Be" library="RequestsLibrary">
<arg>200</arg>
<arg>${resp}</arg>
<doc>Fails if response status code is different than the expected.</doc>
<status status="PASS" starttime="20230609 16:38:39.047" endtime="20230609 16:38:39.048"/>
</kw>
<kw name="Validate Json By Schema File" library="JSONLibrary">
<arg>${resp.json()}</arg>
<arg>${RETOOL_SCHEMAS}/patch_assetChanges.json</arg>
<doc>Validate json object by json schema file.
Arguments:
    - json_object: json as a dictionary object.
    - json_path: path to file with json schema</doc>
<status status="PASS" starttime="20230609 16:38:39.048" endtime="20230609 16:38:39.056"/>
</kw>
<tag>assetChanges</tag>
<tag>backend</tag>
<tag>regressivo</tag>
<tag>retool</tag>
<status status="PASS" starttime="20230609 16:38:38.182" endtime="20230609 16:38:39.057"/>
</test>
<test id="s1-s1-s1-s1-s1-t3" name="Cenário 3: Patch AssetChanges with status BEM CORRETO" line="35">
<kw name="Set Global Variable" library="BuiltIn">
<arg>${status}</arg>
<arg>BEM CORRETO</arg>
<doc>Makes a variable available globally in all tests and suites.</doc>
<msg timestamp="20230609 16:38:39.059" level="INFO">${status} = BEM CORRETO</msg>
<status status="PASS" starttime="20230609 16:38:39.059" endtime="20230609 16:38:39.059"/>
</kw>
<kw name="Get request with x-api-key" library="retool_keywords">
<var>${get}</var>
<arg>type_name=ByGetAssetChanges</arg>
<kw name="Create Dictionary" library="BuiltIn">
<var>${headers}</var>
<arg>Content-Type=application/json</arg>
<arg>x-api-key=${TOKEN}</arg>
<doc>Creates and returns a dictionary based on the given ``items``.</doc>
<msg timestamp="20230609 16:38:39.060" level="INFO">${headers} = {'Content-Type': 'application/json', 'x-api-key': '1NrcncqyUG9oJ5hShJq0aafHfWcBWqFdPVBSpee6'}</msg>
<status status="PASS" starttime="20230609 16:38:39.060" endtime="20230609 16:38:39.060"/>
</kw>
<kw name="Create Session" library="RequestsLibrary">
<arg>alias=get_request</arg>
<arg>url=${BPM_BASE}</arg>
<arg>headers=${headers}</arg>
<doc>Create Session: create a HTTP session to a server</doc>
<msg timestamp="20230609 16:38:39.060" level="INFO">Creating Session using : alias=get_request, url=https://staging.bazardoconsorcio.com.br, headers={'Content-Type': 'application/json', 'x-api-key': '1NrcncqyUG9oJ5hShJq0aafHfWcBWqFdPVBSpee6'},                     cookies={}, auth=None, timeout=None, proxies=None, verify=False,                     debug=0 </msg>
<status status="PASS" starttime="20230609 16:38:39.060" endtime="20230609 16:38:39.060"/>
</kw>
<kw name="GET On Session" library="RequestsLibrary">
<var>${resp}</var>
<arg>alias=get_request</arg>
<arg>url=${URI}[${type_name}]</arg>
<doc>Sends a GET request on a previously created HTTP Session.</doc>
<msg timestamp="20230609 16:38:39.416" level="INFO">GET Request : url=https://hexa.bazar-sandbox.technology/asset_changes 
 path_url=/asset_changes 
 headers={'User-Agent': 'python-requests/2.28.2', 'Accept-Encoding': 'gzip, deflate', 'Accept': '*/*', 'Connection': 'keep-alive', 'Content-Type': 'application/json', 'x-api-key': '1NrcncqyUG9oJ5hShJq0aafHfWcBWqFdPVBSpee6'} 
 body=None 
 </msg>
<msg timestamp="20230609 16:38:39.416" level="INFO">GET Response : url=https://hexa.bazar-sandbox.technology/asset_changes 
 status=200, reason=OK 
 headers={'Content-Type': 'application/json', 'Content-Length': '10797', 'Connection': 'keep-alive', 'Date': 'Fri, 09 Jun 2023 19:38:39 GMT', 'x-amzn-RequestId': '89f1043b-6abf-47b6-94f5-cf1719cae7cf', 'x-amzn-Remapped-content-length': '10797', 'x-amz-apigw-id': 'GRDl4En9IAMFfFQ=', 'X-Amzn-Trace-Id': 'Root=1-64837fbe-57d839c8560fc40823fada36;Sampled=0;lineage=695d9c57:0', 'X-Cache': 'Miss from cloudfront', 'Via': '1.1 6989d05f6912c2bbd5aa282851d92728.cloudfront.net (CloudFront)', 'X-Amz-Cf-Pop': 'GRU1-C1', 'X-Amz-Cf-Id': 'NLwrGxcIk7N0AkACO0oyYw7doJ9FBRLFjBSyMB0h7TANNV473jK1vA=='} 
 body=[{"cota_id":102,"cota_adm":"804325-181373PORTO_SEGURO","cota":"62","grupo":"A284","contrato":"4000097322","short_name":"PORTO_SEGURO","fundo_desc":"ATIVOS ESPECIAIS III - F.INVEST.DIR.CRED","data_assembleia":"2023-06-15T00:00:00","bem_atual":107138.93,"data_primeira_solicitacao":"2023-06-09T19:18:29.277705","data_solicitacao_troca":"2023-06-09T19:38:38.574303","data_resposta_adm":null,"motivo":null,"data_troca_do_bem":null,"numero_tentativa":2,"bem_resposta_adm":null,"bem_troca":53569.47,"status_bem_atual_desc":"TROCA SOLICITADA"},{"cota_id":107,"cota_adm":"851265-178297PORTO_SEGURO","cota":"143","grupo":"I137","contrato":"827865","short_name":"PORTO_SEGURO","fundo_desc":"ATIVOS ESPECIAIS III - F.INVEST.DIR.CRED","data_assembleia":"2023-06-15T00:00:00","bem_atual":364272.35,"data_primeira_solicitacao":"2023-06-09T19:31:00.047100","data_solicitacao_troca":"2023-06-09T19:31:00.047101","data_resposta_adm":"2023-06-09T19:18:32.937697","motivo":null,"data_troca_do_bem":null,"numero_tentativa":1,"bem_resposta_adm":null,"bem_troca":182136.18,"status_bem_atual_desc":"TROCA SOLICITADA"},{"cota_id":127,"cota_adm":"4000366019-1103652PORTO_SEGURO","cota":"54","grupo":"I177","contrato":"955836","short_name":"PORTO_SEGURO","fundo_desc":"ATIVOS ESPECIAIS III - F.INVEST.DIR.CRED","data_assembleia":"2023-06-15T00:00:00","bem_atual":109848.05,"data_primeira_solicitacao":null,"data_solicitacao_troca":null,"data_resposta_adm":"2023-06-09T19:31:03.169378","motivo":null,"data_troca_do_bem":null,"numero_tentativa":null,"bem_resposta_adm":null,"bem_troca":54924.03,"status_bem_atual_desc":"ANALISE PRICING"},{"cota_id":128,"cota_adm":"915685-342189PORTO_SEGURO","cota":"533","grupo":"I185","contrato":"950447","short_name":"PORTO_SEGURO","fundo_desc":"ATIVOS ESPECIAIS III - F.INVEST.DIR.CRED","data_assembleia":"2023-06-15T00:00:00","bem_atual":332895.74,"data_primeira_solicitacao":"2023-06-09T19:21:06.199310","data_solicitacao_troca":"2023-06-09T19:21:06.199312","data_resposta_adm":null,"motivo":null,"data_troca_do_bem":null,"numero_tentativa":1,"bem_resposta_adm":null,"bem_troca":166447.87,"status_bem_atual_desc":"SOLICITAR TROCA"},{"cota_id":103,"cota_adm":"4000403669-1202400PORTO_SEGURO","cota":"35","grupo":"PF111","contrato":"4000169402","short_name":"PORTO_SEGURO","fundo_desc":"ATIVOS ESPECIAIS II - F.INVEST.DIR.CRED","data_assembleia":"2023-06-15T00:00:00","bem_atual":41738.23,"data_primeira_solicitacao":null,"data_solicitacao_troca":null,"data_resposta_adm":"2023-06-09T19:21:10.359267","motivo":null,"data_troca_do_bem":null,"numero_tentativa":null,"bem_resposta_adm":null,"bem_troca":20869.12,"status_bem_atual_desc":"TROCA RECUSADA"},{"cota_id":106,"cota_adm":"4000314443-710587PORTO_SEGURO","cota":"254","grupo":"I155","contrato":"882547","short_name":"PORTO_SEGURO","fundo_desc":"ATIVOS ESPECIAIS II - F.INVEST.DIR.CRED","data_assembleia":"2023-06-15T00:00:00","bem_atual":131754.67,"data_primeira_solicitacao":null,"data_solicitacao_troca":null,"data_resposta_adm":null,"motivo":null,"data_troca_do_bem":null,"numero_tentativa":null,"bem_resposta_adm":null,"bem_troca":65877.34,"status_bem_atual_desc":"TROCA EXPIRADA"},{"cota_id":108,"cota_adm":"4000346406-840934PORTO_SEGURO","cota":"459","grupo":"I165","contrato":"889864","short_name":"PORTO_SEGURO","fundo_desc":"ATIVOS ESPECIAIS III - F.INVEST.DIR.CRED","data_assembleia":"2023-06-15T00:00:00","bem_atual":67954.56,"data_primeira_solicitacao":"2023-06-09T19:34:35.412234","data_solicitacao_troca":"2023-06-09T19:34:35.412236","data_resposta_adm":null,"motivo":null,"data_troca_do_bem":null,"numero_tentativa":1,"bem_resposta_adm":null,"bem_troca":33977.28,"status_bem_atual_desc":"TROCA SOLICITADA"},{"cota_id":114,"cota_adm":"834106-188171PORTO_SEGURO","cota":"62","grupo":"A304","contrato":"4000216530","short_name":"PORTO_SEGURO","fundo_desc":"ATIVOS ESPECIAIS III - F.INVEST.DIR.CRED","data_assembleia":"2023-06-15T00:00:00","bem_atual":99869.61,"data_primeira_solicitacao":null,"data_solicitacao_troca":null,"data_resposta_adm":"2023-06-09T19:34:38.750145","motivo":null,"data_troca_do_bem":null,"numero_tentativa":null,"bem_resposta_adm":null,"bem_troca":49934.81,"status_bem_atual_desc":"ANALISE PRICING"},{"cota_id":115,"cota_adm":"4000320504-726122PORTO_SEGURO","cota":"249","grupo":"BM34","contrato":"6000003470","short_name":"PORTO_SEGURO","fundo_desc":"ATIVOS ESPECIAIS III - F.INVEST.DIR.CRED","data_assembleia":"2023-06-15T00:00:00","bem_atual":44692.48,"data_primeira_solicitacao":null,"data_solicitacao_troca":null,"data_resposta_adm":null,"motivo":null,"data_troca_do_bem":null,"numero_tentativa":null,"bem_resposta_adm":null,"bem_troca":22346.24,"status_bem_atual_desc":"SOLICITAR TROCA"},{"cota_id":116,"cota_adm":"891847-206977PORTO_SEGURO","cota":"83","grupo":"I119","contrato":"827111","short_name":"PORTO_SEGURO","fundo_desc":"ATIVOS ESPECIAIS III - F.INVEST.DIR.CRED","data_assembleia":"2023-06-15T00:00:00","bem_atual":145247.81,"data_primeira_solicitacao":null,"data_solicitacao_troca":null,"data_resposta_adm":null,"motivo":null,"data_troca_do_bem":null,"numero_tentativa":null,"bem_resposta_adm":null,"bem_troca":72623.91,"status_bem_atual_desc":"TROCA RECUSADA"},{"cota_id":117,"cota_adm":"875568-304769PORTO_SEGURO","cota":"274","grupo":"I172","contrato":"916336","short_name":"PORTO_SEGURO","fundo_desc":"ATIVOS ESPECIAIS III - F.INVEST.DIR.CRED","data_assembleia":"2023-06-15T00:00:00","bem_atual":102527.86,"data_primeira_solicitacao":null,"data_solicitacao_troca":null,"data_resposta_adm":null,"motivo":null,"data_troca_do_bem":null,"numero_tentativa":null,"bem_resposta_adm":null,"bem_troca":51263.93,"status_bem_atual_desc":"TROCA EXPIRADA"},{"cota_id":118,"cota_adm":"4000111910-500635PORTO_SEGURO","cota":"201","grupo":"I172","contrato":"916335","short_name":"PORTO_SEGURO","fundo_desc":"ATIVOS ESPECIAIS III - F.INVEST.DIR.CRED","data_assembleia":"2023-06-15T00:00:00","bem_atual":43366.95,"data_primeira_solicitacao":"2023-06-09T19:27:15.683864","data_solicitacao_troca":"2023-06-09T19:37:33.632582","data_resposta_adm":null,"motivo":null,"data_troca_do_bem":null,"numero_tentativa":2,"bem_resposta_adm":null,"bem_troca":27160.12,"status_bem_atual_desc":"TROCA SOLICITADA"},{"cota_id":83,"cota_adm":"30383015SANTANDER","cota":"1269","grupo":"669","contrato":"30492673","short_name":"SANTANDER","fundo_desc":"ATIVOS ESPECIAIS III - F.INVEST.DIR.CRED","data_assembleia":"2023-06-15T00:00:00","bem_atual":23397.5,"data_primeira_solicitacao":null,"data_solicitacao_troca":null,"data_resposta_adm":"2023-06-09T19:37:36.913371","motivo":null,"data_troca_do_bem":null,"numero_tentativa":null,"bem_resposta_adm":null,"bem_troca":11698.75,"status_bem_atual_desc":"ANALISE PRICING"},{"cota_id":86,"cota_adm":"30481842SANTANDER","cota":"234234","grupo":"704","contrato":"30680088","short_name":"SANTANDER","fundo_desc":"ATIVOS ESPECIAIS III - F.INVEST.DIR.CRED","data_assembleia":"2023-06-15T00:00:00","bem_atual":638295.4,"data_primeira_solicitacao":null,"data_solicitacao_troca":null,"data_resposta_adm":null,"motivo":null,"data_troca_do_bem":null,"numero_tentativa":null,"bem_resposta_adm":null,"bem_troca":319147.7,"status_bem_atual_desc":"SOLICITAR TROCA"},{"cota_id":88,"cota_adm":"30245804SANTANDER","cota":"123","grupo":"656","contrato":"30437571","short_name":"SANTANDER","fundo_desc":"ATIVOS ESPECIAIS III - F.INVEST.DIR.CRED","data_assembleia":"2023-06-15T00:00:00","bem_atual":48645.0,"data_primeira_solicitacao":"2023-06-09T19:29:11.685491","data_solicitacao_troca":"2023-06-09T19:29:11.685493","data_resposta_adm":null,"motivo":null,"data_troca_do_bem":null,"numero_tentativa":1,"bem_resposta_adm":null,"bem_troca":24322.5,"status_bem_atual_desc":"TROCA RECUSADA"},{"cota_id":85,"cota_adm":"30376082SANTANDER","cota":"0043","grupo":"714","contrato":"30681919","short_name":"SANTANDER","fundo_desc":"ATIVOS ESPECIAIS III - F.INVEST.DIR.CRED","data_assembleia":"2023-06-15T00:00:00","bem_atual":215779.6,"data_primeira_solicitacao":null,"data_solicitacao_troca":null,"data_resposta_adm":"2023-06-09T19:29:15.045486","motivo":null,"data_troca_do_bem":null,"numero_tentativa":null,"bem_resposta_adm":null,"bem_troca":124537.15,"status_bem_atual_desc":"TROCA EXPIRADA"},{"cota_id":54,"cota_adm":"30387200SANTANDER","cota":"0117","grupo":"3047","contrato":"30225299","short_name":"SANTANDER","fundo_desc":"ATIVOS ESPECIAIS III - F.INVEST.DIR.CRED","data_assembleia":"2023-06-15T00:00:00","bem_atual":23207.89,"data_primeira_solicitacao":"2023-05-23T13:31:13.939506","data_solicitacao_troca":"2023-06-09T19:38:06.161107","data_resposta_adm":"2023-06-09T12:53:45.354218","motivo":null,"data_troca_do_bem":null,"numero_tentativa":3,"bem_resposta_adm":null,"bem_troca":11603.95,"status_bem_atual_desc":"TROCA SOLICITADA"},{"cota_id":62,"cota_adm":"30496189SANTANDER","cota":"14305","grupo":"565","contrato":"30577812","short_name":"SANTANDER","fundo_desc":"ATIVOS ESPECIAIS III - F.INVEST.DIR.CRED","data_assembleia":"2023-06-15T00:00:00","bem_atual":61037.25,"data_primeira_solicitacao":"2023-06-09T19:13:15.213103","data_solicitacao_troca":"2023-06-09T19:29:37.466439","data_resposta_adm":"2023-06-09T19:38:10.252716","motivo":null,"data_troca_do_bem":null,"numero_tentativa":2,"bem_resposta_adm":null,"bem_troca":30518.63,"status_bem_atual_desc":"ANALISE PRICING"},{"cota_id":122,"cota_adm":"841076-195512PORTO_SEGURO","cota":"4","grupo":"I141","contrato":"828685","short_name":"PORTO_SEGURO","fundo_desc":"ATIVOS ESPECIAIS II - F.INVEST.DIR.CRED","data_assembleia":"2023-06-15T00:00:00","bem_atual":368054.01,"data_primeira_solicitacao":"2023-06-07T21:06:44.400332","data_solicitacao_troca":"2023-06-09T19:15:12.694868","data_resposta_adm":"2023-06-09T19:29:41.246502","motivo":null,"data_troca_do_bem":null,"numero_tentativa":2,"bem_resposta_adm":null,"bem_troca":184027.01,"status_bem_atual_desc":"SOLICITAR TROCA"},{"cota_id":90,"cota_adm":"30538845SANTANDER","cota":"","grupo":"656","contrato":"30437571","short_name":"SANTANDER","fundo_desc":"ATIVOS ESPECIAIS III - F.INVES... (set the log level to DEBUG or TRACE to see the full content) 
 </msg>
<msg timestamp="20230609 16:38:39.416" level="INFO">C:\Users\george.paes_bazardoc\Documents\GitHub\automationQA\robotEnv\lib\site-packages\urllib3\connectionpool.py:1045: InsecureRequestWarning: Unverified HTTPS request is being made to host 'hexa.bazar-sandbox.technology'. Adding certificate verification is strongly advised. See: https://urllib3.readthedocs.io/en/1.26.x/advanced-usage.html#ssl-warnings
  warnings.warn(</msg>
<msg timestamp="20230609 16:38:39.417" level="INFO">${resp} = &lt;Response [200]&gt;</msg>
<status status="PASS" starttime="20230609 16:38:39.060" endtime="20230609 16:38:39.417"/>
</kw>
<msg timestamp="20230609 16:38:39.417" level="INFO">${get} = &lt;Response [200]&gt;</msg>
<status status="PASS" starttime="20230609 16:38:39.059" endtime="20230609 16:38:39.417"/>
</kw>
<kw name="Patch request with x-api-key" library="retool_keywords">
<var>${resp}</var>
<arg>type_name=ByPatchAssetChanges</arg>
<arg>id=${get.json()}[0][cota_id]</arg>
<kw name="Create Dictionary" library="BuiltIn">
<var>${headers}</var>
<arg>Content-Type=application/json</arg>
<arg>x-api-key=${TOKEN}</arg>
<doc>Creates and returns a dictionary based on the given ``items``.</doc>
<msg timestamp="20230609 16:38:39.419" level="INFO">${headers} = {'Content-Type': 'application/json', 'x-api-key': '1NrcncqyUG9oJ5hShJq0aafHfWcBWqFdPVBSpee6'}</msg>
<status status="PASS" starttime="20230609 16:38:39.419" endtime="20230609 16:38:39.419"/>
</kw>
<kw name="Load Json From File" library="JSONLibrary">
<var>${body}</var>
<arg>${BODY}[${type_name}]</arg>
<doc>Load JSON from file.</doc>
<msg timestamp="20230609 16:38:39.421" level="INFO">${body} = {'status_bem_atual_desc': 'TROCA EXPIRADA', 'bem_resposta_adm': 10000}</msg>
<status status="PASS" starttime="20230609 16:38:39.420" endtime="20230609 16:38:39.421"/>
</kw>
<if>
<branch type="IF" condition="&quot;${type_name}&quot; == &quot;ByPatchAssetChanges&quot;">
<if>
<branch type="IF" condition="&quot;${status}&quot; == &quot;TROCA SOLICITADA&quot;">
<kw name="Update Value To Json" library="JSONLibrary">
<var>${body}</var>
<arg>${body}</arg>
<arg>$.status_bem_atual_desc</arg>
<arg>${status}</arg>
<doc>Update value to JSON using JSONPath</doc>
<status status="NOT RUN" starttime="20230609 16:38:39.421" endtime="20230609 16:38:39.421"/>
</kw>
<kw name="Delete Object From Json" library="JSONLibrary">
<var>${body}</var>
<arg>${body}</arg>
<arg>$.bem_resposta_adm</arg>
<doc>Delete Object From JSON using json_path</doc>
<status status="NOT RUN" starttime="20230609 16:38:39.422" endtime="20230609 16:38:39.422"/>
</kw>
<status status="NOT RUN" starttime="20230609 16:38:39.421" endtime="20230609 16:38:39.422"/>
</branch>
<branch type="ELSE IF" condition="&quot;${status}&quot; == &quot;BEM CORRETO&quot;">
<kw name="Update Value To Json" library="JSONLibrary">
<var>${body}</var>
<arg>${body}</arg>
<arg>$.status_bem_atual_desc</arg>
<arg>${status}</arg>
<doc>Update value to JSON using JSONPath</doc>
<msg timestamp="20230609 16:38:39.437" level="INFO">${body} = {'status_bem_atual_desc': 'BEM CORRETO', 'bem_resposta_adm': 10000}</msg>
<status status="PASS" starttime="20230609 16:38:39.422" endtime="20230609 16:38:39.437"/>
</kw>
<kw name="Update Value To Json" library="JSONLibrary">
<var>${body}</var>
<arg>${body}</arg>
<arg>$.bem_resposta_adm</arg>
<arg>25000</arg>
<doc>Update value to JSON using JSONPath</doc>
<msg timestamp="20230609 16:38:39.461" level="INFO">${body} = {'status_bem_atual_desc': 'BEM CORRETO', 'bem_resposta_adm': '25000'}</msg>
<status status="PASS" starttime="20230609 16:38:39.437" endtime="20230609 16:38:39.461"/>
</kw>
<status status="PASS" starttime="20230609 16:38:39.422" endtime="20230609 16:38:39.461"/>
</branch>
<branch type="ELSE IF" condition="&quot;${status}&quot; == &quot;TROCA APROVADA&quot;">
<kw name="Update Value To Json" library="JSONLibrary">
<var>${body}</var>
<arg>${body}</arg>
<arg>$.status_bem_atual_desc</arg>
<arg>${status}</arg>
<doc>Update value to JSON using JSONPath</doc>
<status status="NOT RUN" starttime="20230609 16:38:39.461" endtime="20230609 16:38:39.461"/>
</kw>
<kw name="Update Value To Json" library="JSONLibrary">
<var>${body}</var>
<arg>${body}</arg>
<arg>$.bem_resposta_adm</arg>
<arg>25000</arg>
<doc>Update value to JSON using JSONPath</doc>
<status status="NOT RUN" starttime="20230609 16:38:39.461" endtime="20230609 16:38:39.462"/>
</kw>
<status status="NOT RUN" starttime="20230609 16:38:39.461" endtime="20230609 16:38:39.462"/>
</branch>
<branch type="ELSE IF" condition="&quot;${status}&quot; == &quot;ANALISE PRICING&quot;">
<kw name="Update Value To Json" library="JSONLibrary">
<var>${body}</var>
<arg>${body}</arg>
<arg>$.status_bem_atual_desc</arg>
<arg>${status}</arg>
<doc>Update value to JSON using JSONPath</doc>
<status status="NOT RUN" starttime="20230609 16:38:39.462" endtime="20230609 16:38:39.462"/>
</kw>
<kw name="Delete Object From Json" library="JSONLibrary">
<var>${body}</var>
<arg>${body}</arg>
<arg>$.bem_resposta_adm</arg>
<doc>Delete Object From JSON using json_path</doc>
<status status="NOT RUN" starttime="20230609 16:38:39.462" endtime="20230609 16:38:39.462"/>
</kw>
<status status="NOT RUN" starttime="20230609 16:38:39.462" endtime="20230609 16:38:39.462"/>
</branch>
<branch type="ELSE IF" condition="&quot;${status}&quot; == &quot;SOLICITAR TROCA&quot;">
<kw name="Update Value To Json" library="JSONLibrary">
<var>${body}</var>
<arg>${body}</arg>
<arg>$.status_bem_atual_desc</arg>
<arg>${status}</arg>
<doc>Update value to JSON using JSONPath</doc>
<status status="NOT RUN" starttime="20230609 16:38:39.462" endtime="20230609 16:38:39.462"/>
</kw>
<kw name="Delete Object From Json" library="JSONLibrary">
<var>${body}</var>
<arg>${body}</arg>
<arg>$.bem_resposta_adm</arg>
<doc>Delete Object From JSON using json_path</doc>
<status status="NOT RUN" starttime="20230609 16:38:39.462" endtime="20230609 16:38:39.462"/>
</kw>
<status status="NOT RUN" starttime="20230609 16:38:39.462" endtime="20230609 16:38:39.462"/>
</branch>
<branch type="ELSE IF" condition="&quot;${status}&quot; == &quot;TROCA RECUSADA&quot;">
<kw name="Update Value To Json" library="JSONLibrary">
<var>${body}</var>
<arg>${body}</arg>
<arg>$.status_bem_atual_desc</arg>
<arg>${status}</arg>
<doc>Update value to JSON using JSONPath</doc>
<status status="NOT RUN" starttime="20230609 16:38:39.462" endtime="20230609 16:38:39.462"/>
</kw>
<kw name="Delete Object From Json" library="JSONLibrary">
<var>${body}</var>
<arg>${body}</arg>
<arg>$.bem_resposta_adm</arg>
<doc>Delete Object From JSON using json_path</doc>
<status status="NOT RUN" starttime="20230609 16:38:39.463" endtime="20230609 16:38:39.463"/>
</kw>
<status status="NOT RUN" starttime="20230609 16:38:39.462" endtime="20230609 16:38:39.463"/>
</branch>
<branch type="ELSE IF" condition="&quot;${status}&quot; == &quot;TROCA EXPIRADA&quot;">
<kw name="Update Value To Json" library="JSONLibrary">
<var>${body}</var>
<arg>${body}</arg>
<arg>$.status_bem_atual_desc</arg>
<arg>${status}</arg>
<doc>Update value to JSON using JSONPath</doc>
<status status="NOT RUN" starttime="20230609 16:38:39.463" endtime="20230609 16:38:39.463"/>
</kw>
<kw name="Delete Object From Json" library="JSONLibrary">
<var>${body}</var>
<arg>${body}</arg>
<arg>$.bem_resposta_adm</arg>
<doc>Delete Object From JSON using json_path</doc>
<status status="NOT RUN" starttime="20230609 16:38:39.463" endtime="20230609 16:38:39.463"/>
</kw>
<status status="NOT RUN" starttime="20230609 16:38:39.463" endtime="20230609 16:38:39.463"/>
</branch>
<status status="PASS" starttime="20230609 16:38:39.421" endtime="20230609 16:38:39.463"/>
</if>
<status status="PASS" starttime="20230609 16:38:39.421" endtime="20230609 16:38:39.463"/>
</branch>
<status status="PASS" starttime="20230609 16:38:39.421" endtime="20230609 16:38:39.463"/>
</if>
<kw name="Create Session" library="RequestsLibrary">
<arg>alias=patch_request</arg>
<arg>url=${BPM_BASE}</arg>
<arg>headers=${headers}</arg>
<doc>Create Session: create a HTTP session to a server</doc>
<msg timestamp="20230609 16:38:39.464" level="INFO">Creating Session using : alias=patch_request, url=https://staging.bazardoconsorcio.com.br, headers={'Content-Type': 'application/json', 'x-api-key': '1NrcncqyUG9oJ5hShJq0aafHfWcBWqFdPVBSpee6'},                     cookies={}, auth=None, timeout=None, proxies=None, verify=False,                     debug=0 </msg>
<status status="PASS" starttime="20230609 16:38:39.463" endtime="20230609 16:38:39.464"/>
</kw>
<kw name="Set Variable If" library="BuiltIn">
<var>${urls}</var>
<arg>"${type_name}" == "ByPatchAssetChanges"</arg>
<arg>${URI}[${type_name}]/${id}/asset_changes</arg>
<arg>"${type_name}" != "ByPatchAssetChanges"</arg>
<arg>${URI}[${type_name}]/${id}</arg>
<doc>Sets variable based on the given condition.</doc>
<msg timestamp="20230609 16:38:39.464" level="INFO">${urls} = https://hexa.bazar-sandbox.technology/quotas/102/asset_changes</msg>
<status status="PASS" starttime="20230609 16:38:39.464" endtime="20230609 16:38:39.464"/>
</kw>
<kw name="PATCH On Session" library="RequestsLibrary">
<var>${resp}</var>
<arg>alias=patch_request</arg>
<arg>url=${urls}</arg>
<arg>json=${body}</arg>
<doc>Sends a PATCH request on a previously created HTTP Session.</doc>
<msg timestamp="20230609 16:38:40.344" level="INFO">PATCH Request : url=https://hexa.bazar-sandbox.technology/quotas/102/asset_changes 
 path_url=/quotas/102/asset_changes 
 headers={'User-Agent': 'python-requests/2.28.2', 'Accept-Encoding': 'gzip, deflate', 'Accept': '*/*', 'Connection': 'keep-alive', 'Content-Type': 'application/json', 'x-api-key': '1NrcncqyUG9oJ5hShJq0aafHfWcBWqFdPVBSpee6', 'Content-Length': '69'} 
 body=b'{"status_bem_atual_desc": "BEM CORRETO", "bem_resposta_adm": "25000"}' 
 </msg>
<msg timestamp="20230609 16:38:40.344" level="INFO">PATCH Response : url=https://hexa.bazar-sandbox.technology/quotas/102/asset_changes 
 status=200, reason=OK 
 headers={'Content-Type': 'application/json', 'Content-Length': '695', 'Connection': 'keep-alive', 'Date': 'Fri, 09 Jun 2023 19:38:40 GMT', 'x-amzn-RequestId': 'c698a35d-8765-4fce-bd33-62c73705232f', 'x-amzn-Remapped-content-length': '695', 'x-amz-apigw-id': 'GRDl-HgYIAMFYZw=', 'X-Amzn-Trace-Id': 'Root=1-64837fbf-623de3110ea3f2e12303262a;Sampled=0;lineage=695d9c57:0', 'X-Cache': 'Miss from cloudfront', 'Via': '1.1 c5ef80063fc70555e6c832f7993e1512.cloudfront.net (CloudFront)', 'X-Amz-Cf-Pop': 'GRU1-C1', 'X-Amz-Cf-Id': 'qyV5-eKTr9YCDlPoP2USm9xmve6ixAV8TOd89oGFejjJwq0HzwiITA=='} 
 body={"created_at":"2023-06-09T19:38:39.873322","modified_at":"2023-06-09T19:38:39.873340","deleted_at":null,"created_by":1,"modified_by":1,"deleted_by":null,"is_deleted":false,"bem_atual_id":229,"status_type_bem_atual_id":4,"cota_id":102,"bem_atual":25000.0,"feedback_adm":true,"bem_correto":true,"data_pdc":"2023-05-20T00:16:23.950460","bem_resposta_adm":25000.0,"data_resposta_adm":"2023-06-09T19:38:39.654069","data_solicitacao_troca":"2023-06-09T19:38:38.574303","motivo":null,"observacao":null,"origem":"PdC","data_primeira_solicitacao":"2023-06-09T19:18:29.277705","data_troca_do_bem":"2023-06-09T19:38:39.654070","numero_tentativa":2,"valid_from":"2023-06-09T19:38:39.612609","valid_to":null} 
 </msg>
<msg timestamp="20230609 16:38:40.344" level="INFO">C:\Users\george.paes_bazardoc\Documents\GitHub\automationQA\robotEnv\lib\site-packages\urllib3\connectionpool.py:1045: InsecureRequestWarning: Unverified HTTPS request is being made to host 'hexa.bazar-sandbox.technology'. Adding certificate verification is strongly advised. See: https://urllib3.readthedocs.io/en/1.26.x/advanced-usage.html#ssl-warnings
  warnings.warn(</msg>
<msg timestamp="20230609 16:38:40.345" level="INFO">${resp} = &lt;Response [200]&gt;</msg>
<status status="PASS" starttime="20230609 16:38:39.464" endtime="20230609 16:38:40.345"/>
</kw>
<msg timestamp="20230609 16:38:40.346" level="INFO">${resp} = &lt;Response [200]&gt;</msg>
<status status="PASS" starttime="20230609 16:38:39.418" endtime="20230609 16:38:40.346"/>
</kw>
<kw name="Status Should Be" library="RequestsLibrary">
<arg>200</arg>
<arg>${resp}</arg>
<doc>Fails if response status code is different than the expected.</doc>
<status status="PASS" starttime="20230609 16:38:40.347" endtime="20230609 16:38:40.347"/>
</kw>
<kw name="Validate Json By Schema File" library="JSONLibrary">
<arg>${resp.json()}</arg>
<arg>${RETOOL_SCHEMAS}/patch_assetChanges.json</arg>
<doc>Validate json object by json schema file.
Arguments:
    - json_object: json as a dictionary object.
    - json_path: path to file with json schema</doc>
<status status="PASS" starttime="20230609 16:38:40.348" endtime="20230609 16:38:40.357"/>
</kw>
<tag>assetChanges</tag>
<tag>backend</tag>
<tag>regressivo</tag>
<tag>retool</tag>
<status status="PASS" starttime="20230609 16:38:39.058" endtime="20230609 16:38:40.357"/>
</test>
<test id="s1-s1-s1-s1-s1-t4" name="Cenário 4: Patch AssetChanges with status TROCA APROVADA" line="51">
<kw name="Set Global Variable" library="BuiltIn">
<arg>${status}</arg>
<arg>TROCA APROVADA</arg>
<doc>Makes a variable available globally in all tests and suites.</doc>
<msg timestamp="20230609 16:38:40.359" level="INFO">${status} = TROCA APROVADA</msg>
<status status="PASS" starttime="20230609 16:38:40.359" endtime="20230609 16:38:40.359"/>
</kw>
<kw name="Get request with x-api-key" library="retool_keywords">
<var>${get}</var>
<arg>type_name=ByGetAssetChanges</arg>
<kw name="Create Dictionary" library="BuiltIn">
<var>${headers}</var>
<arg>Content-Type=application/json</arg>
<arg>x-api-key=${TOKEN}</arg>
<doc>Creates and returns a dictionary based on the given ``items``.</doc>
<msg timestamp="20230609 16:38:40.360" level="INFO">${headers} = {'Content-Type': 'application/json', 'x-api-key': '1NrcncqyUG9oJ5hShJq0aafHfWcBWqFdPVBSpee6'}</msg>
<status status="PASS" starttime="20230609 16:38:40.359" endtime="20230609 16:38:40.360"/>
</kw>
<kw name="Create Session" library="RequestsLibrary">
<arg>alias=get_request</arg>
<arg>url=${BPM_BASE}</arg>
<arg>headers=${headers}</arg>
<doc>Create Session: create a HTTP session to a server</doc>
<msg timestamp="20230609 16:38:40.360" level="INFO">Creating Session using : alias=get_request, url=https://staging.bazardoconsorcio.com.br, headers={'Content-Type': 'application/json', 'x-api-key': '1NrcncqyUG9oJ5hShJq0aafHfWcBWqFdPVBSpee6'},                     cookies={}, auth=None, timeout=None, proxies=None, verify=False,                     debug=0 </msg>
<status status="PASS" starttime="20230609 16:38:40.360" endtime="20230609 16:38:40.360"/>
</kw>
<kw name="GET On Session" library="RequestsLibrary">
<var>${resp}</var>
<arg>alias=get_request</arg>
<arg>url=${URI}[${type_name}]</arg>
<doc>Sends a GET request on a previously created HTTP Session.</doc>
<msg timestamp="20230609 16:38:40.926" level="INFO">GET Request : url=https://hexa.bazar-sandbox.technology/asset_changes 
 path_url=/asset_changes 
 headers={'User-Agent': 'python-requests/2.28.2', 'Accept-Encoding': 'gzip, deflate', 'Accept': '*/*', 'Connection': 'keep-alive', 'Content-Type': 'application/json', 'x-api-key': '1NrcncqyUG9oJ5hShJq0aafHfWcBWqFdPVBSpee6'} 
 body=None 
 </msg>
<msg timestamp="20230609 16:38:40.926" level="INFO">GET Response : url=https://hexa.bazar-sandbox.technology/asset_changes 
 status=200, reason=OK 
 headers={'Content-Type': 'application/json', 'Content-Length': '10261', 'Connection': 'keep-alive', 'Date': 'Fri, 09 Jun 2023 19:38:40 GMT', 'x-amzn-RequestId': 'fac562dc-36d4-4344-a805-12b3ca0ed268', 'x-amzn-Remapped-content-length': '10261', 'x-amz-apigw-id': 'GRDmHFJcIAMFcoQ=', 'X-Amzn-Trace-Id': 'Root=1-64837fc0-18cf19657e90fbd9047f5e40;Sampled=0;lineage=695d9c57:0', 'X-Cache': 'Miss from cloudfront', 'Via': '1.1 9e31700f985ceee1721a2621b21c803a.cloudfront.net (CloudFront)', 'X-Amz-Cf-Pop': 'GRU1-C1', 'X-Amz-Cf-Id': 'gbgOvAIP3HJ41mu1KGUxfS57IZgyw4khE-p10DeEjOA3vrya92IIGA=='} 
 body=[{"cota_id":107,"cota_adm":"851265-178297PORTO_SEGURO","cota":"143","grupo":"I137","contrato":"827865","short_name":"PORTO_SEGURO","fundo_desc":"ATIVOS ESPECIAIS III - F.INVEST.DIR.CRED","data_assembleia":"2023-06-15T00:00:00","bem_atual":364272.35,"data_primeira_solicitacao":"2023-06-09T19:31:00.047100","data_solicitacao_troca":"2023-06-09T19:31:00.047101","data_resposta_adm":"2023-06-09T19:18:32.937697","motivo":null,"data_troca_do_bem":null,"numero_tentativa":1,"bem_resposta_adm":null,"bem_troca":182136.18,"status_bem_atual_desc":"TROCA SOLICITADA"},{"cota_id":127,"cota_adm":"4000366019-1103652PORTO_SEGURO","cota":"54","grupo":"I177","contrato":"955836","short_name":"PORTO_SEGURO","fundo_desc":"ATIVOS ESPECIAIS III - F.INVEST.DIR.CRED","data_assembleia":"2023-06-15T00:00:00","bem_atual":109848.05,"data_primeira_solicitacao":null,"data_solicitacao_troca":null,"data_resposta_adm":"2023-06-09T19:31:03.169378","motivo":null,"data_troca_do_bem":null,"numero_tentativa":null,"bem_resposta_adm":null,"bem_troca":54924.03,"status_bem_atual_desc":"ANALISE PRICING"},{"cota_id":128,"cota_adm":"915685-342189PORTO_SEGURO","cota":"533","grupo":"I185","contrato":"950447","short_name":"PORTO_SEGURO","fundo_desc":"ATIVOS ESPECIAIS III - F.INVEST.DIR.CRED","data_assembleia":"2023-06-15T00:00:00","bem_atual":332895.74,"data_primeira_solicitacao":"2023-06-09T19:21:06.199310","data_solicitacao_troca":"2023-06-09T19:21:06.199312","data_resposta_adm":null,"motivo":null,"data_troca_do_bem":null,"numero_tentativa":1,"bem_resposta_adm":null,"bem_troca":166447.87,"status_bem_atual_desc":"SOLICITAR TROCA"},{"cota_id":103,"cota_adm":"4000403669-1202400PORTO_SEGURO","cota":"35","grupo":"PF111","contrato":"4000169402","short_name":"PORTO_SEGURO","fundo_desc":"ATIVOS ESPECIAIS II - F.INVEST.DIR.CRED","data_assembleia":"2023-06-15T00:00:00","bem_atual":41738.23,"data_primeira_solicitacao":null,"data_solicitacao_troca":null,"data_resposta_adm":"2023-06-09T19:21:10.359267","motivo":null,"data_troca_do_bem":null,"numero_tentativa":null,"bem_resposta_adm":null,"bem_troca":20869.12,"status_bem_atual_desc":"TROCA RECUSADA"},{"cota_id":106,"cota_adm":"4000314443-710587PORTO_SEGURO","cota":"254","grupo":"I155","contrato":"882547","short_name":"PORTO_SEGURO","fundo_desc":"ATIVOS ESPECIAIS II - F.INVEST.DIR.CRED","data_assembleia":"2023-06-15T00:00:00","bem_atual":131754.67,"data_primeira_solicitacao":null,"data_solicitacao_troca":null,"data_resposta_adm":null,"motivo":null,"data_troca_do_bem":null,"numero_tentativa":null,"bem_resposta_adm":null,"bem_troca":65877.34,"status_bem_atual_desc":"TROCA EXPIRADA"},{"cota_id":108,"cota_adm":"4000346406-840934PORTO_SEGURO","cota":"459","grupo":"I165","contrato":"889864","short_name":"PORTO_SEGURO","fundo_desc":"ATIVOS ESPECIAIS III - F.INVEST.DIR.CRED","data_assembleia":"2023-06-15T00:00:00","bem_atual":67954.56,"data_primeira_solicitacao":"2023-06-09T19:34:35.412234","data_solicitacao_troca":"2023-06-09T19:34:35.412236","data_resposta_adm":null,"motivo":null,"data_troca_do_bem":null,"numero_tentativa":1,"bem_resposta_adm":null,"bem_troca":33977.28,"status_bem_atual_desc":"TROCA SOLICITADA"},{"cota_id":114,"cota_adm":"834106-188171PORTO_SEGURO","cota":"62","grupo":"A304","contrato":"4000216530","short_name":"PORTO_SEGURO","fundo_desc":"ATIVOS ESPECIAIS III - F.INVEST.DIR.CRED","data_assembleia":"2023-06-15T00:00:00","bem_atual":99869.61,"data_primeira_solicitacao":null,"data_solicitacao_troca":null,"data_resposta_adm":"2023-06-09T19:34:38.750145","motivo":null,"data_troca_do_bem":null,"numero_tentativa":null,"bem_resposta_adm":null,"bem_troca":49934.81,"status_bem_atual_desc":"ANALISE PRICING"},{"cota_id":115,"cota_adm":"4000320504-726122PORTO_SEGURO","cota":"249","grupo":"BM34","contrato":"6000003470","short_name":"PORTO_SEGURO","fundo_desc":"ATIVOS ESPECIAIS III - F.INVEST.DIR.CRED","data_assembleia":"2023-06-15T00:00:00","bem_atual":44692.48,"data_primeira_solicitacao":null,"data_solicitacao_troca":null,"data_resposta_adm":null,"motivo":null,"data_troca_do_bem":null,"numero_tentativa":null,"bem_resposta_adm":null,"bem_troca":22346.24,"status_bem_atual_desc":"SOLICITAR TROCA"},{"cota_id":116,"cota_adm":"891847-206977PORTO_SEGURO","cota":"83","grupo":"I119","contrato":"827111","short_name":"PORTO_SEGURO","fundo_desc":"ATIVOS ESPECIAIS III - F.INVEST.DIR.CRED","data_assembleia":"2023-06-15T00:00:00","bem_atual":145247.81,"data_primeira_solicitacao":null,"data_solicitacao_troca":null,"data_resposta_adm":null,"motivo":null,"data_troca_do_bem":null,"numero_tentativa":null,"bem_resposta_adm":null,"bem_troca":72623.91,"status_bem_atual_desc":"TROCA RECUSADA"},{"cota_id":117,"cota_adm":"875568-304769PORTO_SEGURO","cota":"274","grupo":"I172","contrato":"916336","short_name":"PORTO_SEGURO","fundo_desc":"ATIVOS ESPECIAIS III - F.INVEST.DIR.CRED","data_assembleia":"2023-06-15T00:00:00","bem_atual":102527.86,"data_primeira_solicitacao":null,"data_solicitacao_troca":null,"data_resposta_adm":null,"motivo":null,"data_troca_do_bem":null,"numero_tentativa":null,"bem_resposta_adm":null,"bem_troca":51263.93,"status_bem_atual_desc":"TROCA EXPIRADA"},{"cota_id":118,"cota_adm":"4000111910-500635PORTO_SEGURO","cota":"201","grupo":"I172","contrato":"916335","short_name":"PORTO_SEGURO","fundo_desc":"ATIVOS ESPECIAIS III - F.INVEST.DIR.CRED","data_assembleia":"2023-06-15T00:00:00","bem_atual":43366.95,"data_primeira_solicitacao":"2023-06-09T19:27:15.683864","data_solicitacao_troca":"2023-06-09T19:37:33.632582","data_resposta_adm":null,"motivo":null,"data_troca_do_bem":null,"numero_tentativa":2,"bem_resposta_adm":null,"bem_troca":27160.12,"status_bem_atual_desc":"TROCA SOLICITADA"},{"cota_id":83,"cota_adm":"30383015SANTANDER","cota":"1269","grupo":"669","contrato":"30492673","short_name":"SANTANDER","fundo_desc":"ATIVOS ESPECIAIS III - F.INVEST.DIR.CRED","data_assembleia":"2023-06-15T00:00:00","bem_atual":23397.5,"data_primeira_solicitacao":null,"data_solicitacao_troca":null,"data_resposta_adm":"2023-06-09T19:37:36.913371","motivo":null,"data_troca_do_bem":null,"numero_tentativa":null,"bem_resposta_adm":null,"bem_troca":11698.75,"status_bem_atual_desc":"ANALISE PRICING"},{"cota_id":86,"cota_adm":"30481842SANTANDER","cota":"234234","grupo":"704","contrato":"30680088","short_name":"SANTANDER","fundo_desc":"ATIVOS ESPECIAIS III - F.INVEST.DIR.CRED","data_assembleia":"2023-06-15T00:00:00","bem_atual":638295.4,"data_primeira_solicitacao":null,"data_solicitacao_troca":null,"data_resposta_adm":null,"motivo":null,"data_troca_do_bem":null,"numero_tentativa":null,"bem_resposta_adm":null,"bem_troca":319147.7,"status_bem_atual_desc":"SOLICITAR TROCA"},{"cota_id":88,"cota_adm":"30245804SANTANDER","cota":"123","grupo":"656","contrato":"30437571","short_name":"SANTANDER","fundo_desc":"ATIVOS ESPECIAIS III - F.INVEST.DIR.CRED","data_assembleia":"2023-06-15T00:00:00","bem_atual":48645.0,"data_primeira_solicitacao":"2023-06-09T19:29:11.685491","data_solicitacao_troca":"2023-06-09T19:29:11.685493","data_resposta_adm":null,"motivo":null,"data_troca_do_bem":null,"numero_tentativa":1,"bem_resposta_adm":null,"bem_troca":24322.5,"status_bem_atual_desc":"TROCA RECUSADA"},{"cota_id":85,"cota_adm":"30376082SANTANDER","cota":"0043","grupo":"714","contrato":"30681919","short_name":"SANTANDER","fundo_desc":"ATIVOS ESPECIAIS III - F.INVEST.DIR.CRED","data_assembleia":"2023-06-15T00:00:00","bem_atual":215779.6,"data_primeira_solicitacao":null,"data_solicitacao_troca":null,"data_resposta_adm":"2023-06-09T19:29:15.045486","motivo":null,"data_troca_do_bem":null,"numero_tentativa":null,"bem_resposta_adm":null,"bem_troca":124537.15,"status_bem_atual_desc":"TROCA EXPIRADA"},{"cota_id":54,"cota_adm":"30387200SANTANDER","cota":"0117","grupo":"3047","contrato":"30225299","short_name":"SANTANDER","fundo_desc":"ATIVOS ESPECIAIS III - F.INVEST.DIR.CRED","data_assembleia":"2023-06-15T00:00:00","bem_atual":23207.89,"data_primeira_solicitacao":"2023-05-23T13:31:13.939506","data_solicitacao_troca":"2023-06-09T19:38:06.161107","data_resposta_adm":"2023-06-09T12:53:45.354218","motivo":null,"data_troca_do_bem":null,"numero_tentativa":3,"bem_resposta_adm":null,"bem_troca":11603.95,"status_bem_atual_desc":"TROCA SOLICITADA"},{"cota_id":62,"cota_adm":"30496189SANTANDER","cota":"14305","grupo":"565","contrato":"30577812","short_name":"SANTANDER","fundo_desc":"ATIVOS ESPECIAIS III - F.INVEST.DIR.CRED","data_assembleia":"2023-06-15T00:00:00","bem_atual":61037.25,"data_primeira_solicitacao":"2023-06-09T19:13:15.213103","data_solicitacao_troca":"2023-06-09T19:29:37.466439","data_resposta_adm":"2023-06-09T19:38:10.252716","motivo":null,"data_troca_do_bem":null,"numero_tentativa":2,"bem_resposta_adm":null,"bem_troca":30518.63,"status_bem_atual_desc":"ANALISE PRICING"},{"cota_id":122,"cota_adm":"841076-195512PORTO_SEGURO","cota":"4","grupo":"I141","contrato":"828685","short_name":"PORTO_SEGURO","fundo_desc":"ATIVOS ESPECIAIS II - F.INVEST.DIR.CRED","data_assembleia":"2023-06-15T00:00:00","bem_atual":368054.01,"data_primeira_solicitacao":"2023-06-07T21:06:44.400332","data_solicitacao_troca":"2023-06-09T19:15:12.694868","data_resposta_adm":"2023-06-09T19:29:41.246502","motivo":null,"data_troca_do_bem":null,"numero_tentativa":2,"bem_resposta_adm":null,"bem_troca":184027.01,"status_bem_atual_desc":"SOLICITAR TROCA"},{"cota_id":90,"cota_adm":"30538845SANTANDER","cota":"","grupo":"656","contrato":"30437571","short_name":"SANTANDER","fundo_desc":"ATIVOS ESPECIAIS III - F.INVEST.DIR.CRED","data_assembleia":"2023-06-15T00:00:00","bem_atual":31045.5,"data_primeira_solicitacao":null,"data_solicitacao_troca":null,"data_resposta_adm":null,"motivo":null,"data_troca_do_bem":null,"numero_tentativa":null,"bem_resposta_adm":null,"bem_troca":15522.75,"status_bem_atual_desc":"TROCA RECUSADA"},{"cota_id":100,"cota_adm":"864374-300595PORTO_SEGURO","cota":"1","grupo":"A287","contrato":"4000130874","short_name":"PO
[...]
.37403 90360.247317 42006.300208 7 93510000547587","data_vencimento":"2023-05-15T00:00:00","valor":5475.87,"data_pagamento":null,"valor_pago":null,"status_type_boleto_id":5,"boleto_status_type_desc":"SOLICITAR PAGAMENTO","type_desc":"REATIVACAO","payment_desc":"GESTAO DE REATIVACOES"},{"gestao_reativacao_id":93,"cota_id":81,"cota_adm":"30492110SANTANDER","grupo":"667","contrato":"30499703","data_de_transferencia":"2023-03-27T00:00:00","short_name":"SANTANDER","fundo_desc":"ATIVOS ESPECIAIS III - F.INVEST.DIR.CRED","num_cota_atual":"557358","versao_cota_atual":null,"num_cota_reativacao":"141","versao_cota_reativacao":null,"reativacao_solicitada":true,"data_solicitacao":"2023-06-06T17:38:07.639000","feedback_adm":true,"data_feedback_adm":"2023-06-06T18:58:41.349000","reativacao_efetivada":false,"data_reativacao":null,"data_primeira_solicitacao":"2023-06-06","numero_tentativa":1,"valor_reativacao":null,"motivo":null,"valid_to":null,"valid_from":"2023-06-06T18:59:13.096897","status_type_gestao_reativacao_id":4,"reativacao_status_type_desc":"AGUARDANDO PAGAMENTO REATIVACAO","boleto_id":21,"boleto_type_id":4,"linha_digitavel":"23792.37403 90389.762429 11006.300203 1 93510000251540","data_vencimento":"2023-05-15T00:00:00","valor":2515.4,"data_pagamento":null,"valor_pago":null,"status_type_boleto_id":5,"boleto_status_type_desc":"SOLICITAR PAGAMENTO","type_desc":"REATIVACAO","payment_desc":"GESTAO DE REATIVACOES"},{"gestao_reativacao_id":95,"cota_id":86,"cota_adm":"30481842SANTANDER","grupo":"704","contrato":"30680088","data_de_transferencia":"2023-03-30T00:00:00","short_name":"SANTANDER","fundo_desc":"ATIVOS ESPECIAIS III - F.INVEST.DIR.CRED","num_cota_atual":"21916","versao_cota_atual":null,"num_cota_reativacao":"234234","versao_cota_reativacao":null,"reativacao_solicitada":true,"data_solicitacao":"2023-06-06T17:40:44.810000","feedback_adm":true,"data_feedback_adm":"2023-06-06T19:05:09.471000","reativacao_efetivada":false,"data_reativacao":null,"data_primeira_solicitacao":"2023-06-06","numero_tentativa":1,"valor_reativacao":null,"motivo":null,"valid_to":null,"valid_from":"2023-06-06T19:21:38.748366","status_type_gestao_reativacao_id":4,"reativacao_status_type_desc":"AGUARDANDO PAGAMENTO REATIVACAO","boleto_id":22... (set the log level to DEBUG or TRACE to see the full content) 
 </msg>
<msg timestamp="20230609 16:38:49.054" level="INFO">C:\Users\george.paes_bazardoc\Documents\GitHub\automationQA\robotEnv\lib\site-packages\urllib3\connectionpool.py:1045: InsecureRequestWarning: Unverified HTTPS request is being made to host 'hexa.bazar-sandbox.technology'. Adding certificate verification is strongly advised. See: https://urllib3.readthedocs.io/en/1.26.x/advanced-usage.html#ssl-warnings
  warnings.warn(</msg>
<msg timestamp="20230609 16:38:49.054" level="INFO">${resp} = &lt;Response [200]&gt;</msg>
<status status="PASS" starttime="20230609 16:38:48.491" endtime="20230609 16:38:49.054"/>
</kw>
<msg timestamp="20230609 16:38:49.054" level="INFO">${get} = &lt;Response [200]&gt;</msg>
<status status="PASS" starttime="20230609 16:38:48.490" endtime="20230609 16:38:49.054"/>
</kw>
<kw name="Patch request with x-api-key" library="retool_keywords">
<var>${resp}</var>
<arg>type_name=ByPatchReactivation</arg>
<arg>id=${get.json()}[0][gestao_reativacao_id]</arg>
<kw name="Create Dictionary" library="BuiltIn">
<var>${headers}</var>
<arg>Content-Type=application/json</arg>
<arg>x-api-key=${TOKEN}</arg>
<doc>Creates and returns a dictionary based on the given ``items``.</doc>
<msg timestamp="20230609 16:38:49.056" level="INFO">${headers} = {'Content-Type': 'application/json', 'x-api-key': '1NrcncqyUG9oJ5hShJq0aafHfWcBWqFdPVBSpee6'}</msg>
<status status="PASS" starttime="20230609 16:38:49.056" endtime="20230609 16:38:49.056"/>
</kw>
<kw name="Load Json From File" library="JSONLibrary">
<var>${body}</var>
<arg>${BODY}[${type_name}]</arg>
<doc>Load JSON from file.</doc>
<msg timestamp="20230609 16:38:49.056" level="INFO">${body} = {'boleto_id': 1, 'boleto_type_id': 2, 'linha_digitavel': 'TESTE', 'data_vencimento': '2023-03-06T00:00:00', 'valor': 550.0, 'data_pagamento': '2023-03-06T00:00:00', 'valor_pago': 550.0, 'status_type_b...</msg>
<status status="PASS" starttime="20230609 16:38:49.056" endtime="20230609 16:38:49.056"/>
</kw>
<if>
<branch type="IF" condition="&quot;${type_name}&quot; == &quot;ByPatchAssetChanges&quot;">
<if>
<branch type="IF" condition="&quot;${status}&quot; == &quot;TROCA SOLICITADA&quot;">
<kw name="Update Value To Json" library="JSONLibrary">
<var>${body}</var>
<arg>${body}</arg>
<arg>$.status_bem_atual_desc</arg>
<arg>${status}</arg>
<doc>Update value to JSON using JSONPath</doc>
<status status="NOT RUN" starttime="20230609 16:38:49.057" endtime="20230609 16:38:49.057"/>
</kw>
<kw name="Delete Object From Json" library="JSONLibrary">
<var>${body}</var>
<arg>${body}</arg>
<arg>$.bem_resposta_adm</arg>
<doc>Delete Object From JSON using json_path</doc>
<status status="NOT RUN" starttime="20230609 16:38:49.057" endtime="20230609 16:38:49.057"/>
</kw>
<status status="NOT RUN" starttime="20230609 16:38:49.057" endtime="20230609 16:38:49.057"/>
</branch>
<branch type="ELSE IF" condition="&quot;${status}&quot; == &quot;BEM CORRETO&quot;">
<kw name="Update Value To Json" library="JSONLibrary">
<var>${body}</var>
<arg>${body}</arg>
<arg>$.status_bem_atual_desc</arg>
<arg>${status}</arg>
<doc>Update value to JSON using JSONPath</doc>
<status status="NOT RUN" starttime="20230609 16:38:49.057" endtime="20230609 16:38:49.057"/>
</kw>
<kw name="Update Value To Json" library="JSONLibrary">
<var>${body}</var>
<arg>${body}</arg>
<arg>$.bem_resposta_adm</arg>
<arg>25000</arg>
<doc>Update value to JSON using JSONPath</doc>
<status status="NOT RUN" starttime="20230609 16:38:49.057" endtime="20230609 16:38:49.057"/>
</kw>
<status status="NOT RUN" starttime="20230609 16:38:49.057" endtime="20230609 16:38:49.057"/>
</branch>
<branch type="ELSE IF" condition="&quot;${status}&quot; == &quot;TROCA APROVADA&quot;">
<kw name="Update Value To Json" library="JSONLibrary">
<var>${body}</var>
<arg>${body}</arg>
<arg>$.status_bem_atual_desc</arg>
<arg>${status}</arg>
<doc>Update value to JSON using JSONPath</doc>
<status status="NOT RUN" starttime="20230609 16:38:49.057" endtime="20230609 16:38:49.057"/>
</kw>
<kw name="Update Value To Json" library="JSONLibrary">
<var>${body}</var>
<arg>${body}</arg>
<arg>$.bem_resposta_adm</arg>
<arg>25000</arg>
<doc>Update value to JSON using JSONPath</doc>
<status status="NOT RUN" starttime="20230609 16:38:49.057" endtime="20230609 16:38:49.058"/>
</kw>
<status status="NOT RUN" starttime="20230609 16:38:49.057" endtime="20230609 16:38:49.058"/>
</branch>
<branch type="ELSE IF" condition="&quot;${status}&quot; == &quot;ANALISE PRICING&quot;">
<kw name="Update Value To Json" library="JSONLibrary">
<var>${body}</var>
<arg>${body}</arg>
<arg>$.status_bem_atual_desc</arg>
<arg>${status}</arg>
<doc>Update value to JSON using JSONPath</doc>
<status status="NOT RUN" starttime="20230609 16:38:49.058" endtime="20230609 16:38:49.058"/>
</kw>
<kw name="Delete Object From Json" library="JSONLibrary">
<var>${body}</var>
<arg>${body}</arg>
<arg>$.bem_resposta_adm</arg>
<doc>Delete Object From JSON using json_path</doc>
<status status="NOT RUN" starttime="20230609 16:38:49.058" endtime="20230609 16:38:49.058"/>
</kw>
<status status="NOT RUN" starttime="20230609 16:38:49.058" endtime="20230609 16:38:49.058"/>
</branch>
<branch type="ELSE IF" condition="&quot;${status}&quot; == &quot;SOLICITAR TROCA&quot;">
<kw name="Update Value To Json" library="JSONLibrary">
<var>${body}</var>
<arg>${body}</arg>
<arg>$.status_bem_atual_desc</arg>
<arg>${status}</arg>
<doc>Update value to JSON using JSONPath</doc>
<status status="NOT RUN" starttime="20230609 16:38:49.058" endtime="20230609 16:38:49.058"/>
</kw>
<kw name="Delete Object From Json" library="JSONLibrary">
<var>${body}</var>
<arg>${body}</arg>
<arg>$.bem_resposta_adm</arg>
<doc>Delete Object From JSON using json_path</doc>
<status status="NOT RUN" starttime="20230609 16:38:49.058" endtime="20230609 16:38:49.058"/>
</kw>
<status status="NOT RUN" starttime="20230609 16:38:49.058" endtime="20230609 16:38:49.058"/>
</branch>
<branch type="ELSE IF" condition="&quot;${status}&quot; == &quot;TROCA RECUSADA&quot;">
<kw name="Update Value To Json" library="JSONLibrary">
<var>${body}</var>
<arg>${body}</arg>
<arg>$.status_bem_atual_desc</arg>
<arg>${status}</arg>
<doc>Update value to JSON using JSONPath</doc>
<status status="NOT RUN" starttime="20230609 16:38:49.058" endtime="20230609 16:38:49.058"/>
</kw>
<kw name="Delete Object From Json" library="JSONLibrary">
<var>${body}</var>
<arg>${body}</arg>
<arg>$.bem_resposta_adm</arg>
<doc>Delete Object From JSON using json_path</doc>
<status status="NOT RUN" starttime="20230609 16:38:49.058" endtime="20230609 16:38:49.058"/>
</kw>
<status status="NOT RUN" starttime="20230609 16:38:49.058" endtime="20230609 16:38:49.058"/>
</branch>
<branch type="ELSE IF" condition="&quot;${status}&quot; == &quot;TROCA EXPIRADA&quot;">
<kw name="Update Value To Json" library="JSONLibrary">
<var>${body}</var>
<arg>${body}</arg>
<arg>$.status_bem_atual_desc</arg>
<arg>${status}</arg>
<doc>Update value to JSON using JSONPath</doc>
<status status="NOT RUN" starttime="20230609 16:38:49.059" endtime="20230609 16:38:49.059"/>
</kw>
<kw name="Delete Object From Json" library="JSONLibrary">
<var>${body}</var>
<arg>${body}</arg>
<arg>$.bem_resposta_adm</arg>
<doc>Delete Object From JSON using json_path</doc>
<status status="NOT RUN" starttime="20230609 16:38:49.059" endtime="20230609 16:38:49.059"/>
</kw>
<status status="NOT RUN" starttime="20230609 16:38:49.059" endtime="20230609 16:38:49.059"/>
</branch>
<status status="NOT RUN" starttime="20230609 16:38:49.056" endtime="20230609 16:38:49.059"/>
</if>
<status status="NOT RUN" starttime="20230609 16:38:49.056" endtime="20230609 16:38:49.059"/>
</branch>
<status status="PASS" starttime="20230609 16:38:49.056" endtime="20230609 16:38:49.059"/>
</if>
<kw name="Create Session" library="RequestsLibrary">
<arg>alias=patch_request</arg>
<arg>url=${BPM_BASE}</arg>
<arg>headers=${headers}</arg>
<doc>Create Session: create a HTTP session to a server</doc>
<msg timestamp="20230609 16:38:49.059" level="INFO">Creating Session using : alias=patch_request, url=https://staging.bazardoconsorcio.com.br, headers={'Content-Type': 'application/json', 'x-api-key': '1NrcncqyUG9oJ5hShJq0aafHfWcBWqFdPVBSpee6'},                     cookies={}, auth=None, timeout=None, proxies=None, verify=False,                     debug=0 </msg>
<status status="PASS" starttime="20230609 16:38:49.059" endtime="20230609 16:38:49.059"/>
</kw>
<kw name="Set Variable If" library="BuiltIn">
<var>${urls}</var>
<arg>"${type_name}" == "ByPatchAssetChanges"</arg>
<arg>${URI}[${type_name}]/${id}/asset_changes</arg>
<arg>"${type_name}" != "ByPatchAssetChanges"</arg>
<arg>${URI}[${type_name}]/${id}</arg>
<doc>Sets variable based on the given condition.</doc>
<kw name="Set Variable If" library="BuiltIn">
<arg>"${type_name}" != "ByPatchAssetChanges"</arg>
<arg>${URI}[${type_name}]/${id}</arg>
<doc>Sets variable based on the given condition.</doc>
<status status="PASS" starttime="20230609 16:38:49.060" endtime="20230609 16:38:49.060"/>
</kw>
<msg timestamp="20230609 16:38:49.060" level="INFO">${urls} = https://hexa.bazar-sandbox.technology/reactivation/145</msg>
<status status="PASS" starttime="20230609 16:38:49.059" endtime="20230609 16:38:49.060"/>
</kw>
<kw name="PATCH On Session" library="RequestsLibrary">
<var>${resp}</var>
<arg>alias=patch_request</arg>
<arg>url=${urls}</arg>
<arg>json=${body}</arg>
<doc>Sends a PATCH request on a previously created HTTP Session.</doc>
<msg timestamp="20230609 16:38:49.403" level="INFO">PATCH Request : url=https://hexa.bazar-sandbox.technology/reactivation/145 
 path_url=/reactivation/145 
 headers={'User-Agent': 'python-requests/2.28.2', 'Accept-Encoding': 'gzip, deflate', 'Accept': '*/*', 'Connection': 'keep-alive', 'Content-Type': 'application/json', 'x-api-key': '1NrcncqyUG9oJ5hShJq0aafHfWcBWqFdPVBSpee6', 'Content-Length': '1032'} 
 body=b'{"boleto_id": 1, "boleto_type_id": 2, "linha_digitavel": "TESTE", "data_vencimento": "2023-03-06T00:00:00", "valor": 550.0, "data_pagamento": "2023-03-06T00:00:00", "valor_pago": 550.0, "status_type_boleto_id": 1, "valid_from": "2023-05-29T16:38:22.907888", "valid_to": null, "boleto_status_type_desc": "PAGAMENTO SOLICITADO", "type_desc": "MULTA-JUROS", "payment_desc": "GESTAO DE REATIVACOES", "cota_id": 1, "grupo": "588", "contrato": "TESTE_CONTRATO", "short_name": "ITAU", "fundo_desc": "BAZAR DO CONSORCIO TECNOLOGIA LTDA", "num_cota_atual": "1", "versao_cota_atual": "1", "num_cota_reativacao": "5", "versao_cota_reativacao": "00", "reativacao_solicitada": false, "data_solicitacao": "2023-03-06T00:00:00", "feedback_adm": false, "data_feedback_adm": "2023-03-06T00:00:00", "reativacao_efetivada": false, "data_reativacao": "2023-03-06T00:00:00", "data_primeira_solicitacao": null, "numero_tentativa": 2, "valor_reativacao": 766.0, "status_type_gestao_reativacao_id": 6, "reativacao_status_type_desc": "SOLICITAR REATIVACAO"}' 
 </msg>
<msg timestamp="20230609 16:38:49.403" level="INFO">PATCH Response : url=https://hexa.bazar-sandbox.technology/reactivation/145 
 status=200, reason=OK 
 headers={'Content-Type': 'application/json', 'Content-Length': '739', 'Connection': 'keep-alive', 'Date': 'Fri, 09 Jun 2023 19:38:49 GMT', 'x-amzn-RequestId': '73744eff-a89e-4b01-a092-54f22911169c', 'x-amzn-Remapped-content-length': '739', 'x-amz-apigw-id': 'GRDncH74IAMFuJg=', 'X-Amzn-Trace-Id': 'Root=1-64837fc8-0d50969857a00107768610f3;Sampled=0;lineage=695d9c57:0', 'X-Cache': 'Miss from cloudfront', 'Via': '1.1 1e65be156f8a5be307085efe774bde36.cloudfront.net (CloudFront)', 'X-Amz-Cf-Pop': 'GRU1-C1', 'X-Amz-Cf-Id': 'ESmgyBOjXYBa3tvB_9o8SJzGDIWY7C4r5-03Jqzvosx4pHf6UojKoQ=='} 
 body={"created_at":"2023-06-09T19:38:49.013205","modified_at":"2023-06-09T19:38:49.013220","deleted_at":null,"created_by":0,"modified_by":1,"deleted_by":null,"is_deleted":false,"gestao_reativacao_id":146,"cota_id":90,"status_type_gestao_reativacao_id":1,"num_cota_atual":"0097","versao_cota_atual":null,"num_cota_reativacao":"5","versao_cota_reativacao":"00","reativacao_solicitada":false,"data_solicitacao":"2023-03-06T00:00:00","feedback_adm":false,"data_feedback_adm":"2023-03-06T00:00:00","reativacao_efetivada":false,"data_reativacao":"2023-03-06T00:00:00","valor_reativacao":766.0,"data_primeira_solicitacao":"2023-06-07","numero_tentativa":6,"motivo":"Cota revendida no bolsão","valid_from":"2023-05-29T16:38:22.907888","valid_to":null} 
 </msg>
<msg timestamp="20230609 16:38:49.403" level="INFO">C:\Users\george.paes_bazardoc\Documents\GitHub\automationQA\robotEnv\lib\site-packages\urllib3\connectionpool.py:1045: InsecureRequestWarning: Unverified HTTPS request is being made to host 'hexa.bazar-sandbox.technology'. Adding certificate verification is strongly advised. See: https://urllib3.readthedocs.io/en/1.26.x/advanced-usage.html#ssl-warnings
  warnings.warn(</msg>
<msg timestamp="20230609 16:38:49.405" level="INFO">${resp} = &lt;Response [200]&gt;</msg>
<status status="PASS" starttime="20230609 16:38:49.060" endtime="20230609 16:38:49.405"/>
</kw>
<msg timestamp="20230609 16:38:49.405" level="INFO">${resp} = &lt;Response [200]&gt;</msg>
<status status="PASS" starttime="20230609 16:38:49.055" endtime="20230609 16:38:49.405"/>
</kw>
<kw name="Status Should Be" library="RequestsLibrary">
<arg>200</arg>
<arg>${resp}</arg>
<doc>Fails if response status code is different than the expected.</doc>
<status status="PASS" starttime="20230609 16:38:49.405" endtime="20230609 16:38:49.406"/>
</kw>
<kw name="Validate Json By Schema File" library="JSONLibrary">
<arg>${resp.json()}</arg>
<arg>${RETOOL_SCHEMAS}/patch_reactivation.json</arg>
<doc>Validate json object by json schema file.
Arguments:
    - json_object: json as a dictionary object.
    - json_path: path to file with json schema</doc>
<status status="PASS" starttime="20230609 16:38:49.406" endtime="20230609 16:38:49.408"/>
</kw>
<kw name="Should Not Be Equal" library="BuiltIn">
<arg>${get.json()}[0][gestao_reativacao_id]</arg>
<arg>${resp.json()}[gestao_reativacao_id]</arg>
<doc>Fails if the given objects are equal.</doc>
<status status="PASS" starttime="20230609 16:38:49.408" endtime="20230609 16:38:49.410"/>
</kw>
<tag>backend</tag>
<tag>reactivation</tag>
<tag>regressivo</tag>
<tag>retool</tag>
<status status="PASS" starttime="20230609 16:38:48.489" endtime="20230609 16:38:49.410"/>
</test>
<status status="PASS" starttime="20230609 16:38:47.906" endtime="20230609 16:38:49.411"/>
</suite>
<status status="PASS" starttime="20230609 16:38:37.034" endtime="20230609 16:38:49.413"/>
</suite>
<status status="PASS" starttime="20230609 16:38:37.030" endtime="20230609 16:38:49.416"/>
</suite>
<status status="PASS" starttime="20230609 16:38:37.027" endtime="20230609 16:38:49.418"/>
</suite>
<status status="PASS" starttime="20230609 16:38:37.008" endtime="20230609 16:38:49.419"/>
</suite>
<statistics>
<total>
<stat pass="14" fail="0" skip="0">All Tests</stat>
</total>
<tag>
<stat pass="8" fail="0" skip="0">assetChanges</stat>
<stat pass="14" fail="0" skip="0">backend</stat>
<stat pass="3" fail="0" skip="0">installment</stat>
<stat pass="1" fail="0" skip="0">quotas</stat>
<stat pass="2" fail="0" skip="0">reactivation</stat>
<stat pass="14" fail="0" skip="0">regressivo</stat>
<stat pass="14" fail="0" skip="0">retool</stat>
</tag>
<suite>
<stat pass="14" fail="0" skip="0" id="s1" name="automationQA">automationQA</stat>
<stat pass="14" fail="0" skip="0" id="s1-s1" name="Tests">automationQA.Tests</stat>
<stat pass="14" fail="0" skip="0" id="s1-s1-s1" name="Service">automationQA.Tests.Service</stat>
<stat pass="14" fail="0" skip="0" id="s1-s1-s1-s1" name="Retool">automationQA.Tests.Service.Retool</stat>
<stat pass="8" fail="0" skip="0" id="s1-s1-s1-s1-s1" name="Asset Changes">automationQA.Tests.Service.Retool.Asset Changes</stat>
<stat pass="3" fail="0" skip="0" id="s1-s1-s1-s1-s2" name="Installment">automationQA.Tests.Service.Retool.Installment</stat>
<stat pass="1" fail="0" skip="0" id="s1-s1-s1-s1-s3" name="Quotas">automationQA.Tests.Service.Retool.Quotas</stat>
<stat pass="2" fail="0" skip="0" id="s1-s1-s1-s1-s4" name="Reactivation">automationQA.Tests.Service.Retool.Reactivation</stat>
</suite>
</statistics>
<errors>
<msg timestamp="20230609 16:38:37.719" level="ERROR">Error in file 'C:\Users\george.paes_bazardoc\Documents\GitHub\automationQA\tests\service\retool\keywords\retool_keywords.robot' on line 3: Error in file 'C:\Users\george.paes_bazardoc\Documents\GitHub\automationQA\tests\service\retool\asset_changes.robot' on line 7: Resource file with 'Test Cases' section is invalid.</msg>
<msg timestamp="20230609 16:38:44.958" level="ERROR">Error in file 'C:\Users\george.paes_bazardoc\Documents\GitHub\automationQA\tests\service\retool\keywords\retool_keywords.robot' on line 3: Error in file 'C:\Users\george.paes_bazardoc\Documents\GitHub\automationQA\tests\service\retool\asset_changes.robot' on line 7: Resource file with 'Test Cases' section is invalid.</msg>
<msg timestamp="20230609 16:38:47.302" level="ERROR">Error in file 'C:\Users\george.paes_bazardoc\Documents\GitHub\automationQA\tests\service\retool\keywords\retool_keywords.robot' on line 3: Error in file 'C:\Users\george.paes_bazardoc\Documents\GitHub\automationQA\tests\service\retool\asset_changes.robot' on line 7: Resource file with 'Test Cases' section is invalid.</msg>
<msg timestamp="20230609 16:38:47.922" level="ERROR">Error in file 'C:\Users\george.paes_bazardoc\Documents\GitHub\automationQA\tests\service\retool\keywords\retool_keywords.robot' on line 3: Error in file 'C:\Users\george.paes_bazardoc\Documents\GitHub\automationQA\tests\service\retool\asset_changes.robot' on line 7: Resource file with 'Test Cases' section is invalid.</msg>
</errors>
</robot>
