<?xml version="1.0" encoding="UTF-8"?>
<robot generator="Robot 6.0.2 (Python 3.10.11 on win32)" generated="20230516 13:07:34.783" rpa="false" schemaversion="3">
<suite id="s1" name="automationQA" source="C:\Users\george.paes_bazardoc\Documents\GitHub\automationQA">
<suite id="s1-s1" name="Tests" source="C:\Users\george.paes_bazardoc\Documents\GitHub\automationQA\tests">
<suite id="s1-s1-s1" name="Service" source="C:\Users\george.paes_bazardoc\Documents\GitHub\automationQA\tests\service">
<suite id="s1-s1-s1-s1" name="Retool" source="C:\Users\george.paes_bazardoc\Documents\GitHub\automationQA\tests\service\retool">
<suite id="s1-s1-s1-s1-s1" name="Installment" source="C:\Users\george.paes_bazardoc\Documents\GitHub\automationQA\tests\service\retool\installment.robot">
<test id="s1-s1-s1-s1-s1-t1" name="Cenário 1: Get Installment" line="9">
<kw name="Get request with x-api-key" library="retool">
<var>${resp}</var>
<arg>type_name=ByGetInstallment</arg>
<kw name="Create Dictionary" library="BuiltIn">
<var>${headers}</var>
<arg>Content-Type=application/json</arg>
<arg>x-api-key=${TOKEN}</arg>
<doc>Creates and returns a dictionary based on the given ``items``.</doc>
<msg timestamp="20230516 13:07:35.854" level="INFO">${headers} = {'Content-Type': 'application/json', 'x-api-key': '1NrcncqyUG9oJ5hShJq0aafHfWcBWqFdPVBSpee6'}</msg>
<status status="PASS" starttime="20230516 13:07:35.853" endtime="20230516 13:07:35.854"/>
</kw>
<kw name="Create Session" library="RequestsLibrary">
<arg>alias=get_request</arg>
<arg>url=${BPM_BASE}</arg>
<arg>headers=${headers}</arg>
<doc>Create Session: create a HTTP session to a server</doc>
<msg timestamp="20230516 13:07:35.855" level="INFO">Creating Session using : alias=get_request, url=https://staging.bazardoconsorcio.com.br, headers={'Content-Type': 'application/json', 'x-api-key': '1NrcncqyUG9oJ5hShJq0aafHfWcBWqFdPVBSpee6'},                     cookies={}, auth=None, timeout=None, proxies=None, verify=False,                     debug=0 </msg>
<status status="PASS" starttime="20230516 13:07:35.854" endtime="20230516 13:07:35.856"/>
</kw>
<kw name="GET On Session" library="RequestsLibrary">
<var>${resp}</var>
<arg>alias=get_request</arg>
<arg>url=${URI}[${type_name}]</arg>
<doc>Sends a GET request on a previously created HTTP Session.</doc>
<msg timestamp="20230516 13:07:36.393" level="INFO">GET Request : url=https://hexa.bazar-sandbox.technology/installment 
 path_url=/installment 
 headers={'User-Agent': 'python-requests/2.28.2', 'Accept-Encoding': 'gzip, deflate', 'Accept': '*/*', 'Connection': 'keep-alive', 'Content-Type': 'application/json', 'x-api-key': '1NrcncqyUG9oJ5hShJq0aafHfWcBWqFdPVBSpee6'} 
 body=None 
 </msg>
<msg timestamp="20230516 13:07:36.393" level="INFO">GET Response : url=https://hexa.bazar-sandbox.technology/installment 
 status=200, reason=OK 
 headers={'Content-Type': 'application/json', 'Content-Length': '1837', 'Connection': 'keep-alive', 'Date': 'Tue, 16 May 2023 16:07:36 GMT', 'x-amzn-RequestId': '8aa0bdef-8034-45ef-9944-dac9fd1f9836', 'x-amzn-Remapped-content-length': '1837', 'x-amz-apigw-id': 'FBeLVHeBoAMFxlg=', 'X-Amzn-Trace-Id': 'Root=1-6463aa48-54bc100c1273138120f1097f;Sampled=0;lineage=695d9c57:0', 'X-Cache': 'Miss from cloudfront', 'Via': '1.1 c48d56e625b781495c1f519297290474.cloudfront.net (CloudFront)', 'X-Amz-Cf-Pop': 'GRU1-C1', 'X-Amz-Cf-Id': 'raeKx15Xye6W31dgqkwHtvsJz-h21L-dq-6Da7EbK0idHzt0fiBWCQ=='} 
 body=[{"gestao_parcela_id":2,"cota_id":1,"valor_parcela":260.35,"valor_pago":null,"data_vencimento_parcela":"2023-05-08T00:00:00","linha_digitavel":"34191751243456787123041234560005193440000026035","parcela_paga":false,"data_pagamento_parcela":null,"cota_adm":"TESTE-COTA-ADM","contrato":"TESTE_CONTRATO","grupo":"588","fundo_desc":"BAZAR DO CONSORCIO TECNOLOGIA LTDA","nome_administradora":"ITAÚ ADM DE CONSÓRCIOS LTDA","short_name":"ITAU","data_assembleia":null,"status_gestao_parcela_id":3,"status_type_gestao_parcelas_id":4,"valid_from":"2023-05-16T15:48:06.476199","valid_to":null,"status_type_desc":"A PAGAR"},{"gestao_parcela_id":3,"cota_id":1,"valor_parcela":260.35,"valor_pago":null,"data_vencimento_parcela":"2023-05-08T00:00:00","linha_digitavel":"34191751243456787123041234560005193440000026035","parcela_paga":false,"data_pagamento_parcela":null,"cota_adm":"TESTE-COTA-ADM","contrato":"TESTE_CONTRATO","grupo":"588","fundo_desc":"BAZAR DO CONSORCIO TECNOLOGIA LTDA","nome_administradora":"ITAÚ ADM DE CONSÓRCIOS LTDA","short_name":"ITAU","data_assembleia":null,"status_gestao_parcela_id":4,"status_type_gestao_parcelas_id":4,"valid_from":"2023-05-16T15:48:11.114996","valid_to":null,"status_type_desc":"A PAGAR"},{"gestao_parcela_id":4,"cota_id":1,"valor_parcela":260.35,"valor_pago":null,"data_vencimento_parcela":"2023-05-08T00:00:00","linha_digitavel":"34191751243456787123041234560005193440000026035","parcela_paga":false,"data_pagamento_parcela":null,"cota_adm":"TESTE-COTA-ADM","contrato":"TESTE_CONTRATO","grupo":"588","fundo_desc":"BAZAR DO CONSORCIO TECNOLOGIA LTDA","nome_administradora":"ITAÚ ADM DE CONSÓRCIOS LTDA","short_name":"ITAU","data_assembleia":null,"status_gestao_parcela_id":5,"status_type_gestao_parcelas_id":4,"valid_from":"2023-05-16T15:48:12.654971","valid_to":null,"status_type_desc":"A PAGAR"}] 
 </msg>
<msg timestamp="20230516 13:07:36.393" level="INFO">C:\Users\george.paes_bazardoc\Documents\GitHub\automationQA\robotEnv\lib\site-packages\urllib3\connectionpool.py:1045: InsecureRequestWarning: Unverified HTTPS request is being made to host 'hexa.bazar-sandbox.technology'. Adding certificate verification is strongly advised. See: https://urllib3.readthedocs.io/en/1.26.x/advanced-usage.html#ssl-warnings
  warnings.warn(</msg>
<msg timestamp="20230516 13:07:36.394" level="INFO">${resp} = &lt;Response [200]&gt;</msg>
<status status="PASS" starttime="20230516 13:07:35.856" endtime="20230516 13:07:36.394"/>
</kw>
<msg timestamp="20230516 13:07:36.394" level="INFO">${resp} = &lt;Response [200]&gt;</msg>
<status status="PASS" starttime="20230516 13:07:35.852" endtime="20230516 13:07:36.394"/>
</kw>
<kw name="Status Should Be" library="RequestsLibrary">
<arg>200</arg>
<arg>${resp}</arg>
<doc>Fails if response status code is different than the expected.</doc>
<status status="PASS" starttime="20230516 13:07:36.395" endtime="20230516 13:07:36.395"/>
</kw>
<kw name="Validate Json By Schema File" library="JSONLibrary">
<arg>${resp.json()}</arg>
<arg>${RETOOL_SCHEMAS}/get_installment.json</arg>
<doc>Validate json object by json schema file.
Arguments:
    - json_object: json as a dictionary object.
    - json_path: path to file with json schema</doc>
<status status="PASS" starttime="20230516 13:07:36.396" endtime="20230516 13:07:36.414"/>
</kw>
<tag>back-end</tag>
<tag>installment</tag>
<tag>regressivo</tag>
<tag>retool</tag>
<status status="PASS" starttime="20230516 13:07:35.851" endtime="20230516 13:07:36.415"/>
</test>
<test id="s1-s1-s1-s1-s1-t2" name="Cenário 2: Post Installment" line="19">
<kw name="Post request with x-api-key" library="retool">
<var>${resp}</var>
<arg>type_name=ByPostInstallment</arg>
<kw name="Create Dictionary" library="BuiltIn">
<var>${headers}</var>
<arg>Content-Type=application/json</arg>
<arg>x-api-key=${TOKEN}</arg>
<doc>Creates and returns a dictionary based on the given ``items``.</doc>
<msg timestamp="20230516 13:07:36.419" level="INFO">${headers} = {'Content-Type': 'application/json', 'x-api-key': '1NrcncqyUG9oJ5hShJq0aafHfWcBWqFdPVBSpee6'}</msg>
<status status="PASS" starttime="20230516 13:07:36.418" endtime="20230516 13:07:36.419"/>
</kw>
<kw name="Load Json From File" library="JSONLibrary">
<var>${body}</var>
<arg>${BODY}[${type_name}]</arg>
<doc>Load JSON from file.</doc>
<msg timestamp="20230516 13:07:36.420" level="INFO">${body} = {'cota_id': 1, 'valor_parcela': 200.0, 'data_vencimento': '2023-03-10T10:00:00', 'linha_digitavel': '34191751243456787123041234560005693520000026035', 'parcela_paga': False, 'data_pagamento_parcela': ...</msg>
<status status="PASS" starttime="20230516 13:07:36.419" endtime="20230516 13:07:36.420"/>
</kw>
<kw name="Create Session" library="RequestsLibrary">
<arg>alias=post_request</arg>
<arg>url=${BPM_BASE}</arg>
<arg>headers=${headers}</arg>
<doc>Create Session: create a HTTP session to a server</doc>
<msg timestamp="20230516 13:07:36.421" level="INFO">Creating Session using : alias=post_request, url=https://staging.bazardoconsorcio.com.br, headers={'Content-Type': 'application/json', 'x-api-key': '1NrcncqyUG9oJ5hShJq0aafHfWcBWqFdPVBSpee6'},                     cookies={}, auth=None, timeout=None, proxies=None, verify=False,                     debug=0 </msg>
<status status="PASS" starttime="20230516 13:07:36.420" endtime="20230516 13:07:36.421"/>
</kw>
<kw name="POST On Session" library="RequestsLibrary">
<var>${resp}</var>
<arg>alias=post_request</arg>
<arg>url=${URI}[${type_name}]</arg>
<arg>json=${body}</arg>
<doc>Sends a POST request on a previously created HTTP Session.</doc>
<msg timestamp="20230516 13:07:37.032" level="INFO">POST Request : url=https://hexa.bazar-sandbox.technology/installment 
 path_url=/installment 
 headers={'User-Agent': 'python-requests/2.28.2', 'Accept-Encoding': 'gzip, deflate', 'Accept': '*/*', 'Connection': 'keep-alive', 'Content-Type': 'application/json', 'x-api-key': '1NrcncqyUG9oJ5hShJq0aafHfWcBWqFdPVBSpee6', 'Content-Length': '236'} 
 body=b'{"cota_id": 1, "valor_parcela": 200.0, "data_vencimento": "2023-03-10T10:00:00", "linha_digitavel": "34191751243456787123041234560005693520000026035", "parcela_paga": false, "data_pagamento_parcela": null, "status_type_desc": "A PAGAR"}' 
 </msg>
<msg timestamp="20230516 13:07:37.032" level="INFO">POST Response : url=https://hexa.bazar-sandbox.technology/installment 
 status=200, reason=OK 
 headers={'Content-Type': 'application/json', 'Content-Length': '52', 'Connection': 'keep-alive', 'Date': 'Tue, 16 May 2023 16:07:36 GMT', 'x-amzn-RequestId': 'd97607f3-0382-4429-880e-36b3cf9cbb9a', 'x-amzn-Remapped-content-length': '52', 'x-amz-apigw-id': 'FBeLYGrtoAMFavg=', 'X-Amzn-Trace-Id': 'Root=1-6463aa48-3b9d6bc319e2cf850e6ee0e3;Sampled=0;lineage=695d9c57:0', 'X-Cache': 'Miss from cloudfront', 'Via': '1.1 9bfe9025214153b614d35b5ab1f95b66.cloudfront.net (CloudFront)', 'X-Amz-Cf-Pop': 'GRU1-C1', 'X-Amz-Cf-Id': 'C5K2o8_UpmEyvjGR0YeetA_XtR2egQqCZNhx4mWsEQhe8FCsPWv3Ig=='} 
 body={"gestao_parcela_id":5,"status_gestao_parcela_id":6} 
 </msg>
<msg timestamp="20230516 13:07:37.033" level="INFO">C:\Users\george.paes_bazardoc\Documents\GitHub\automationQA\robotEnv\lib\site-packages\urllib3\connectionpool.py:1045: InsecureRequestWarning: Unverified HTTPS request is being made to host 'hexa.bazar-sandbox.technology'. Adding certificate verification is strongly advised. See: https://urllib3.readthedocs.io/en/1.26.x/advanced-usage.html#ssl-warnings
  warnings.warn(</msg>
<msg timestamp="20230516 13:07:37.033" level="INFO">${resp} = &lt;Response [200]&gt;</msg>
<status status="PASS" starttime="20230516 13:07:36.422" endtime="20230516 13:07:37.033"/>
</kw>
<msg timestamp="20230516 13:07:37.034" level="INFO">${resp} = &lt;Response [200]&gt;</msg>
<status status="PASS" starttime="20230516 13:07:36.418" endtime="20230516 13:07:37.034"/>
</kw>
<kw name="Status Should Be" library="RequestsLibrary">
<arg>200</arg>
<arg>${resp}</arg>
<doc>Fails if response status code is different than the expected.</doc>
<status status="PASS" starttime="20230516 13:07:37.034" endtime="20230516 13:07:37.034"/>
</kw>
<kw name="Validate Json By Schema File" library="JSONLibrary">
<arg>${resp.json()}</arg>
<arg>${RETOOL_SCHEMAS}/post_installment.json</arg>
<doc>Validate json object by json schema file.
Arguments:
    - json_object: json as a dictionary object.
    - json_path: path to file with json schema</doc>
<status status="PASS" starttime="20230516 13:07:37.035" endtime="20230516 13:07:37.043"/>
</kw>
<tag>back-end</tag>
<tag>installment</tag>
<tag>regressivo</tag>
<tag>retool</tag>
<status status="PASS" starttime="20230516 13:07:36.417" endtime="20230516 13:07:37.044"/>
</test>
<test id="s1-s1-s1-s1-s1-t3" name="Cenário 3: Patch Installment" line="29">
<kw name="Post request with x-api-key" library="retool">
<var>${get}</var>
<arg>type_name=ByPostInstallment</arg>
<kw name="Create Dictionary" library="BuiltIn">
<var>${headers}</var>
<arg>Content-Type=application/json</arg>
<arg>x-api-key=${TOKEN}</arg>
<doc>Creates and returns a dictionary based on the given ``items``.</doc>
<msg timestamp="20230516 13:07:37.046" level="INFO">${headers} = {'Content-Type': 'application/json', 'x-api-key': '1NrcncqyUG9oJ5hShJq0aafHfWcBWqFdPVBSpee6'}</msg>
<status status="PASS" starttime="20230516 13:07:37.046" endtime="20230516 13:07:37.047"/>
</kw>
<kw name="Load Json From File" library="JSONLibrary">
<var>${body}</var>
<arg>${BODY}[${type_name}]</arg>
<doc>Load JSON from file.</doc>
<msg timestamp="20230516 13:07:37.048" level="INFO">${body} = {'cota_id': 1, 'valor_parcela': 200.0, 'data_vencimento': '2023-03-10T10:00:00', 'linha_digitavel': '34191751243456787123041234560005693520000026035', 'parcela_paga': False, 'data_pagamento_parcela': ...</msg>
<status status="PASS" starttime="20230516 13:07:37.047" endtime="20230516 13:07:37.048"/>
</kw>
<kw name="Create Session" library="RequestsLibrary">
<arg>alias=post_request</arg>
<arg>url=${BPM_BASE}</arg>
<arg>headers=${headers}</arg>
<doc>Create Session: create a HTTP session to a server</doc>
<msg timestamp="20230516 13:07:37.048" level="INFO">Creating Session using : alias=post_request, url=https://staging.bazardoconsorcio.com.br, headers={'Content-Type': 'application/json', 'x-api-key': '1NrcncqyUG9oJ5hShJq0aafHfWcBWqFdPVBSpee6'},                     cookies={}, auth=None, timeout=None, proxies=None, verify=False,                     debug=0 </msg>
<status status="PASS" starttime="20230516 13:07:37.048" endtime="20230516 13:07:37.048"/>
</kw>
<kw name="POST On Session" library="RequestsLibrary">
<var>${resp}</var>
<arg>alias=post_request</arg>
<arg>url=${URI}[${type_name}]</arg>
<arg>json=${body}</arg>
<doc>Sends a POST request on a previously created HTTP Session.</doc>
<msg timestamp="20230516 13:07:37.647" level="INFO">POST Request : url=https://hexa.bazar-sandbox.technology/installment 
 path_url=/installment 
 headers={'User-Agent': 'python-requests/2.28.2', 'Accept-Encoding': 'gzip, deflate', 'Accept': '*/*', 'Connection': 'keep-alive', 'Content-Type': 'application/json', 'x-api-key': '1NrcncqyUG9oJ5hShJq0aafHfWcBWqFdPVBSpee6', 'Content-Length': '236'} 
 body=b'{"cota_id": 1, "valor_parcela": 200.0, "data_vencimento": "2023-03-10T10:00:00", "linha_digitavel": "34191751243456787123041234560005693520000026035", "parcela_paga": false, "data_pagamento_parcela": null, "status_type_desc": "A PAGAR"}' 
 </msg>
<msg timestamp="20230516 13:07:37.647" level="INFO">POST Response : url=https://hexa.bazar-sandbox.technology/installment 
 status=200, reason=OK 
 headers={'Content-Type': 'application/json', 'Content-Length': '52', 'Connection': 'keep-alive', 'Date': 'Tue, 16 May 2023 16:07:37 GMT', 'x-amzn-RequestId': 'e3305d44-de3c-4d5f-af72-c727dcac2181', 'x-amzn-Remapped-content-length': '52', 'x-amz-apigw-id': 'FBeLgFcIoAMF9YQ=', 'X-Amzn-Trace-Id': 'Root=1-6463aa49-5c12e6a447b14cf63b238a29;Sampled=0;lineage=695d9c57:0', 'X-Cache': 'Miss from cloudfront', 'Via': '1.1 31154529f9ff5fc95f3438c30cfb64f0.cloudfront.net (CloudFront)', 'X-Amz-Cf-Pop': 'GRU1-C1', 'X-Amz-Cf-Id': '4NW-UbX51BS877f-esbOWbqexk2ZkuZfyzmxtmUt4KGXtHBlmQchfw=='} 
 body={"gestao_parcela_id":6,"status_gestao_parcela_id":7} 
 </msg>
<msg timestamp="20230516 13:07:37.647" level="INFO">C:\Users\george.paes_bazardoc\Documents\GitHub\automationQA\robotEnv\lib\site-packages\urllib3\connectionpool.py:1045: InsecureRequestWarning: Unverified HTTPS request is being made to host 'hexa.bazar-sandbox.technology'. Adding certificate verification is strongly advised. See: https://urllib3.readthedocs.io/en/1.26.x/advanced-usage.html#ssl-warnings
  warnings.warn(</msg>
<msg timestamp="20230516 13:07:37.648" level="INFO">${resp} = &lt;Response [200]&gt;</msg>
<status status="PASS" starttime="20230516 13:07:37.048" endtime="20230516 13:07:37.648"/>
</kw>
<msg timestamp="20230516 13:07:37.649" level="INFO">${get} = &lt;Response [200]&gt;</msg>
<status status="PASS" starttime="20230516 13:07:37.046" endtime="20230516 13:07:37.649"/>
</kw>
<kw name="Patch request with x-api-key" library="retool">
<var>${resp}</var>
<arg>type_name=ByPatchInstallment</arg>
<arg>id=${get.json()}[gestao_parcela_id]</arg>
<kw name="Create Dictionary" library="BuiltIn">
<var>${headers}</var>
<arg>Content-Type=application/json</arg>
<arg>x-api-key=${TOKEN}</arg>
<doc>Creates and returns a dictionary based on the given ``items``.</doc>
<msg timestamp="20230516 13:07:37.651" level="INFO">${headers} = {'Content-Type': 'application/json', 'x-api-key': '1NrcncqyUG9oJ5hShJq0aafHfWcBWqFdPVBSpee6'}</msg>
<status status="PASS" starttime="20230516 13:07:37.651" endtime="20230516 13:07:37.651"/>
</kw>
<kw name="Load Json From File" library="JSONLibrary">
<var>${body}</var>
<arg>${BODY}[${type_name}]</arg>
<doc>Load JSON from file.</doc>
<msg timestamp="20230516 13:07:37.652" level="INFO">${body} = {'cota_id': 1, 'status_type_desc': 'PAGA', 'valor_parcela': 200.0, 'valor_pago': 200.0, 'data_vencimento_parcela': '2023-04-05 10:09', 'linha_digitavel': '341917512434567871230412345600056935200000260...</msg>
<status status="PASS" starttime="20230516 13:07:37.652" endtime="20230516 13:07:37.652"/>
</kw>
<kw name="Create Session" library="RequestsLibrary">
<arg>alias=patch_request</arg>
<arg>url=${BPM_BASE}</arg>
<arg>headers=${headers}</arg>
<doc>Create Session: create a HTTP session to a server</doc>
<msg timestamp="20230516 13:07:37.654" level="INFO">Creating Session using : alias=patch_request, url=https://staging.bazardoconsorcio.com.br, headers={'Content-Type': 'application/json', 'x-api-key': '1NrcncqyUG9oJ5hShJq0aafHfWcBWqFdPVBSpee6'},                     cookies={}, auth=None, timeout=None, proxies=None, verify=False,                     debug=0 </msg>
<status status="PASS" starttime="20230516 13:07:37.654" endtime="20230516 13:07:37.655"/>
</kw>
<kw name="PATCH On Session" library="RequestsLibrary">
<var>${resp}</var>
<arg>alias=patch_request</arg>
<arg>url=${URI}[${type_name}]/${id}</arg>
<arg>json=${body}</arg>
<doc>Sends a PATCH request on a previously created HTTP Session.</doc>
<msg timestamp="20230516 13:07:38.091" level="INFO">PATCH Request : url=https://hexa.bazar-sandbox.technology/installment/6 
 path_url=/installment/6 
 headers={'User-Agent': 'python-requests/2.28.2', 'Accept-Encoding': 'gzip, deflate', 'Accept': '*/*', 'Connection': 'keep-alive', 'Content-Type': 'application/json', 'x-api-key': '1NrcncqyUG9oJ5hShJq0aafHfWcBWqFdPVBSpee6', 'Content-Length': '272'} 
 body=b'{"cota_id": 1, "status_type_desc": "PAGA", "valor_parcela": 200.0, "valor_pago": 200.0, "data_vencimento_parcela": "2023-04-05 10:09", "linha_digitavel": "34191751243456787123041234560005693520000026035", "parcela_paga": true, "data_pagamento_parcela": "2023-04-06 10:09"}' 
 </msg>
<msg timestamp="20230516 13:07:38.091" level="INFO">PATCH Response : url=https://hexa.bazar-sandbox.technology/installment/6 
 status=200, reason=OK 
 headers={'Content-Type': 'application/json', 'Content-Length': '424', 'Connection': 'keep-alive', 'Date': 'Tue, 16 May 2023 16:07:38 GMT', 'x-amzn-RequestId': 'ac2d3b75-3e07-4033-b5cb-2ea497f686cc', 'x-amzn-Remapped-content-length': '424', 'x-amz-apigw-id': 'FBeLkEoGoAMF76A=', 'X-Amzn-Trace-Id': 'Root=1-6463aa49-7d7226e246a8f12d7d0a8183;Sampled=0;lineage=695d9c57:0', 'X-Cache': 'Miss from cloudfront', 'Via': '1.1 5f26efcc09f40c81ef0f61d4bcb1f2c8.cloudfront.net (CloudFront)', 'X-Amz-Cf-Pop': 'GRU1-C1', 'X-Amz-Cf-Id': 'fH4MuCfTQFX_tJUi9SOnom9Xr73-g_yz9lG41itckCrNwN1eusG4MQ=='} 
 body=[{"created_at":"2023-05-16T16:07:37.424923","modified_at":"2023-05-16T16:07:37.964625","deleted_at":null,"created_by":1,"modified_by":1,"deleted_by":null,"is_deleted":false,"gestao_parcela_id":6,"cota_id":1,"valor_parcela":260.35,"valor_pago":200.0,"data_vencimento_parcela":"2023-05-16","linha_digitavel":"34191751243456787123041234560005693520000026035","parcela_paga":true,"data_pagamento_parcela":"2023-04-06T10:09:00"}] 
 </msg>
<msg timestamp="20230516 13:07:38.091" level="INFO">C:\Users\george.paes_bazardoc\Documents\GitHub\automationQA\robotEnv\lib\site-packages\urllib3\connectionpool.py:1045: InsecureRequestWarning: Unverified HTTPS request is being made to host 'hexa.bazar-sandbox.technology'. Adding certificate verification is strongly advised. See: https://urllib3.readthedocs.io/en/1.26.x/advanced-usage.html#ssl-warnings
  warnings.warn(</msg>
<msg timestamp="20230516 13:07:38.092" level="INFO">${resp} = &lt;Response [200]&gt;</msg>
<status status="PASS" starttime="20230516 13:07:37.655" endtime="20230516 13:07:38.092"/>
</kw>
<msg timestamp="20230516 13:07:38.093" level="INFO">${resp} = &lt;Response [200]&gt;</msg>
<status status="PASS" starttime="20230516 13:07:37.649" endtime="20230516 13:07:38.093"/>
</kw>
<kw name="Status Should Be" library="RequestsLibrary">
<arg>200</arg>
<arg>${resp}</arg>
<doc>Fails if response status code is different than the expected.</doc>
<status status="PASS" starttime="20230516 13:07:38.093" endtime="20230516 13:07:38.094"/>
</kw>
<kw name="Validate Json By Schema File" library="JSONLibrary">
<arg>${resp.json()}</arg>
<arg>${RETOOL_SCHEMAS}/patch_installment.json</arg>
<doc>Validate json object by json schema file.
Arguments:
    - json_object: json as a dictionary object.
    - json_path: path to file with json schema</doc>
<status status="PASS" starttime="20230516 13:07:38.094" endtime="20230516 13:07:38.111"/>
</kw>
<tag>back-end</tag>
<tag>installment</tag>
<tag>regressivo</tag>
<tag>retool</tag>
<status status="PASS" starttime="20230516 13:07:37.044" endtime="20230516 13:07:38.112"/>
</test>
<status status="PASS" starttime="20230516 13:07:34.847" endtime="20230516 13:07:38.114"/>
</suite>
<status status="PASS" starttime="20230516 13:07:34.837" endtime="20230516 13:07:38.115"/>
</suite>
<status status="PASS" starttime="20230516 13:07:34.834" endtime="20230516 13:07:38.118"/>
</suite>
<status status="PASS" starttime="20230516 13:07:34.831" endtime="20230516 13:07:38.120"/>
</suite>
<status status="PASS" starttime="20230516 13:07:34.793" endtime="20230516 13:07:38.125"/>
</suite>
<statistics>
<total>
<stat pass="3" fail="0" skip="0">All Tests</stat>
</total>
<tag>
<stat pass="3" fail="0" skip="0">back-end</stat>
<stat pass="3" fail="0" skip="0">installment</stat>
<stat pass="3" fail="0" skip="0">regressivo</stat>
<stat pass="3" fail="0" skip="0">retool</stat>
</tag>
<suite>
<stat pass="3" fail="0" skip="0" id="s1" name="automationQA">automationQA</stat>
<stat pass="3" fail="0" skip="0" id="s1-s1" name="Tests">automationQA.Tests</stat>
<stat pass="3" fail="0" skip="0" id="s1-s1-s1" name="Service">automationQA.Tests.Service</stat>
<stat pass="3" fail="0" skip="0" id="s1-s1-s1-s1" name="Retool">automationQA.Tests.Service.Retool</stat>
<stat pass="3" fail="0" skip="0" id="s1-s1-s1-s1-s1" name="Installment">automationQA.Tests.Service.Retool.Installment</stat>
</suite>
</statistics>
<errors>
</errors>
</robot>
