<?xml version="1.0" encoding="UTF-8"?>
<robot generator="Robot 6.0.2 (Python 3.11.2 on win32)" generated="20230320 12:23:28.827" rpa="false" schemaversion="3">
<suite id="s1" name="automationQA" source="C:\Users\george.paes_bazardoc\Documents\GitHub\automationQA">
<suite id="s1-s1" name="Tests" source="C:\Users\george.paes_bazardoc\Documents\GitHub\automationQA\tests">
<suite id="s1-s1-s1" name="End2End" source="C:\Users\george.paes_bazardoc\Documents\GitHub\automationQA\tests\end2end">
<suite id="s1-s1-s1-s1" name="Ui" source="C:\Users\george.paes_bazardoc\Documents\GitHub\automationQA\tests\end2end\ui">
<suite id="s1-s1-s1-s1-s1" name="Bpm" source="C:\Users\george.paes_bazardoc\Documents\GitHub\automationQA\tests\end2end\ui\bpm">
<suite id="s1-s1-s1-s1-s1-s1" name="Cadastro" source="C:\Users\george.paes_bazardoc\Documents\GitHub\automationQA\tests\end2end\ui\bpm\cadastro.robot">
<test id="s1-s1-s1-s1-s1-s1-t1" name="Cenário 1: Cadastrar usuario PF" line="8">
<kw name="Abrir Navegador" library="generals" type="SETUP">
<kw name="Setup Screenshots" library="utils">
<kw name="Set Test Variable" library="BuiltIn">
<arg>${number}</arg>
<arg>1</arg>
<doc>Makes a variable available everywhere within the scope of the current test.</doc>
<msg timestamp="20230320 12:23:29.503" level="INFO">${number} = 1</msg>
<status status="PASS" starttime="20230320 12:23:29.503" endtime="20230320 12:23:29.503"/>
</kw>
<kw name="File Exists" library="file">
<var>${fileExists}</var>
<arg>selenium-screenshot-${number}.png</arg>
<msg timestamp="20230320 12:23:29.504" level="INFO">${fileExists} = False</msg>
<status status="PASS" starttime="20230320 12:23:29.503" endtime="20230320 12:23:29.504"/>
</kw>
<while condition="${fileExists} == True">
<iter>
<kw name="Remove File" library="OperatingSystem">
<arg>selenium-screenshot-${number}.png</arg>
<doc>Removes a file with the given path.</doc>
<status status="NOT RUN" starttime="20230320 12:23:29.504" endtime="20230320 12:23:29.504"/>
</kw>
<kw name="Evaluate" library="BuiltIn">
<var>${number}</var>
<arg>${number}+1</arg>
<doc>Evaluates the given expression in Python and returns the result.</doc>
<status status="NOT RUN" starttime="20230320 12:23:29.504" endtime="20230320 12:23:29.504"/>
</kw>
<kw name="File Exists" library="file">
<var>${fileExists}</var>
<arg>selenium-screenshot-${number}.png</arg>
<status status="NOT RUN" starttime="20230320 12:23:29.504" endtime="20230320 12:23:29.504"/>
</kw>
<status status="NOT RUN" starttime="20230320 12:23:29.504" endtime="20230320 12:23:29.504"/>
</iter>
<status status="NOT RUN" starttime="20230320 12:23:29.504" endtime="20230320 12:23:29.504"/>
</while>
<status status="PASS" starttime="20230320 12:23:29.502" endtime="20230320 12:23:29.504"/>
</kw>
<kw name="Open Browser" library="SeleniumLibrary">
<arg>browser=gc</arg>
<doc>Opens a new browser instance to the optional ``url``.</doc>
<msg timestamp="20230320 12:23:29.505" level="INFO">Opening browser 'gc' to base url 'None'.</msg>
<status status="PASS" starttime="20230320 12:23:29.504" endtime="20230320 12:23:30.803"/>
</kw>
<status status="PASS" starttime="20230320 12:23:29.502" endtime="20230320 12:23:30.803"/>
</kw>
<kw name="Acesso a url do BPM" library="home_keyword">
<kw name="Go To" library="SeleniumLibrary">
<arg>${BASE_URL}</arg>
<doc>Navigates the current browser window to the provided ``url``.</doc>
<msg timestamp="20230320 12:23:30.805" level="INFO">Opening url 'https://staging.bazardoconsorcio.com.br/'</msg>
<status status="PASS" starttime="20230320 12:23:30.804" endtime="20230320 12:23:33.420"/>
</kw>
<kw name="Wait Until Element Is Enabled" library="SeleniumLibrary">
<arg>${btn_vender}</arg>
<arg>${GENERAL_TIMEOUT}</arg>
<doc>Waits until the element ``locator`` is enabled.</doc>
<status status="PASS" starttime="20230320 12:23:33.420" endtime="20230320 12:23:33.451"/>
</kw>
<status status="PASS" starttime="20230320 12:23:30.803" endtime="20230320 12:23:33.451"/>
</kw>
<kw name="Aceita termos de utilização de cookies" library="cadastro_keyword">
<kw name="Run Keyword And Return Status" library="BuiltIn">
<var>${isVisible}</var>
<arg>Element Should Be Visible</arg>
<arg>${btn_cookie}</arg>
<doc>Runs the given keyword with given arguments and returns the status as a Boolean value.</doc>
<kw name="Element Should Be Visible" library="SeleniumLibrary">
<arg>${btn_cookie}</arg>
<doc>Verifies that the element identified by ``locator`` is visible.</doc>
<msg timestamp="20230320 12:23:33.473" level="INFO">Element 'xpath://div[@class="cookieButton"]/a' is displayed.</msg>
<status status="PASS" starttime="20230320 12:23:33.452" endtime="20230320 12:23:33.473"/>
</kw>
<msg timestamp="20230320 12:23:33.474" level="INFO">${isVisible} = True</msg>
<status status="PASS" starttime="20230320 12:23:33.452" endtime="20230320 12:23:33.474"/>
</kw>
<while condition="${isVisible} == False">
<iter>
<kw name="Run Keyword And Return Status" library="BuiltIn">
<var>${isVisible}</var>
<arg>Element Should Be Visible</arg>
<arg>${btn_cookie}</arg>
<doc>Runs the given keyword with given arguments and returns the status as a Boolean value.</doc>
<status status="NOT RUN" starttime="20230320 12:23:33.474" endtime="20230320 12:23:33.474"/>
</kw>
<status status="NOT RUN" starttime="20230320 12:23:33.474" endtime="20230320 12:23:33.474"/>
</iter>
<status status="NOT RUN" starttime="20230320 12:23:33.474" endtime="20230320 12:23:33.474"/>
</while>
<kw name="Double Click Element" library="SeleniumLibrary">
<arg>${btn_cookie}</arg>
<doc>Double clicks the element identified by ``locator``.</doc>
<msg timestamp="20230320 12:23:33.474" level="INFO">Double clicking element 'xpath://div[@class="cookieButton"]/a'.</msg>
<status status="PASS" starttime="20230320 12:23:33.474" endtime="20230320 12:23:33.833"/>
</kw>
<while condition="${isVisible} == True">
<iter>
<kw name="Run Keyword And Return Status" library="BuiltIn">
<var>${isVisible}</var>
<arg>Element Should Be Visible</arg>
<arg>${btn_cookie}</arg>
<doc>Runs the given keyword with given arguments and returns the status as a Boolean value.</doc>
<kw name="Element Should Be Visible" library="SeleniumLibrary">
<arg>${btn_cookie}</arg>
<doc>Verifies that the element identified by ``locator`` is visible.</doc>
<msg timestamp="20230320 12:23:33.857" level="INFO">Element 'xpath://div[@class="cookieButton"]/a' is displayed.</msg>
<status status="PASS" starttime="20230320 12:23:33.834" endtime="20230320 12:23:33.857"/>
</kw>
<msg timestamp="20230320 12:23:33.857" level="INFO">${isVisible} = True</msg>
<status status="PASS" starttime="20230320 12:23:33.833" endtime="20230320 12:23:33.857"/>
</kw>
<status status="PASS" starttime="20230320 12:23:33.833" endtime="20230320 12:23:33.857"/>
</iter>
<iter>
<kw name="Run Keyword And Return Status" library="BuiltIn">
<var>${isVisible}</var>
<arg>Element Should Be Visible</arg>
<arg>${btn_cookie}</arg>
<doc>Runs the given keyword with given arguments and returns the status as a Boolean value.</doc>
<kw name="Element Should Be Visible" library="SeleniumLibrary">
<arg>${btn_cookie}</arg>
<doc>Verifies that the element identified by ``locator`` is visible.</doc>
<msg timestamp="20230320 12:23:33.872" level="INFO">Element 'xpath://div[@class="cookieButton"]/a' is displayed.</msg>
<status status="PASS" starttime="20230320 12:23:33.857" endtime="20230320 12:23:33.872"/>
</kw>
<msg timestamp="20230320 12:23:33.872" level="INFO">${isVisible} = True</msg>
<status status="PASS" starttime="20230320 12:23:33.857" endtime="20230320 12:23:33.872"/>
</kw>
<status status="PASS" starttime="20230320 12:23:33.857" endtime="20230320 12:23:33.873"/>
</iter>
<iter>
<kw name="Run Keyword And Return Status" library="BuiltIn">
<var>${isVisible}</var>
<arg>Element Should Be Visible</arg>
<arg>${btn_cookie}</arg>
<doc>Runs the given keyword with given arguments and returns the status as a Boolean value.</doc>
<kw name="Element Should Be Visible" library="SeleniumLibrary">
<arg>${btn_cookie}</arg>
<doc>Verifies that the element identified by ``locator`` is visible.</doc>
<msg timestamp="20230320 12:23:33.884" level="INFO">Element 'xpath://div[@class="cookieButton"]/a' is displayed.</msg>
<status status="PASS" starttime="20230320 12:23:33.873" endtime="20230320 12:23:33.884"/>
</kw>
<msg timestamp="20230320 12:23:33.884" level="INFO">${isVisible} = True</msg>
<status status="PASS" starttime="20230320 12:23:33.873" endtime="20230320 12:23:33.884"/>
</kw>
<status status="PASS" starttime="20230320 12:23:33.873" endtime="20230320 12:23:33.884"/>
</iter>
<iter>
<kw name="Run Keyword And Return Status" library="BuiltIn">
<var>${isVisible}</var>
<arg>Element Should Be Visible</arg>
<arg>${btn_cookie}</arg>
<doc>Runs the given keyword with given arguments and returns the status as a Boolean value.</doc>
<kw name="Element Should Be Visible" library="SeleniumLibrary">
<arg>${btn_cookie}</arg>
<doc>Verifies that the element identified by ``locator`` is visible.</doc>
<msg timestamp="20230320 12:23:33.894" level="INFO">Element 'xpath://div[@class="cookieButton"]/a' is displayed.</msg>
<status status="PASS" starttime="20230320 12:23:33.885" endtime="20230320 12:23:33.894"/>
</kw>
<msg timestamp="20230320 12:23:33.894" level="INFO">${isVisible} = True</msg>
<status status="PASS" starttime="20230320 12:23:33.885" endtime="20230320 12:23:33.894"/>
</kw>
<status status="PASS" starttime="20230320 12:23:33.884" endtime="20230320 12:23:33.894"/>
</iter>
<iter>
<kw name="Run Keyword And Return Status" library="BuiltIn">
<var>${isVisible}</var>
<arg>Element Should Be Visible</arg>
<arg>${btn_cookie}</arg>
<doc>Runs the given keyword with given arguments and returns the status as a Boolean value.</doc>
<kw name="Element Should Be Visible" library="SeleniumLibrary">
<arg>${btn_cookie}</arg>
<doc>Verifies that the element identified by ``locator`` is visible.</doc>
<msg timestamp="20230320 12:23:33.903" level="INFO">Element 'xpath://div[@class="cookieButton"]/a' is displayed.</msg>
<status status="PASS" starttime="20230320 12:23:33.895" endtime="20230320 12:23:33.903"/>
</kw>
<msg timestamp="20230320 12:23:33.903" level="INFO">${isVisible} = True</msg>
<status status="PASS" starttime="20230320 12:23:33.894" endtime="20230320 12:23:33.903"/>
</kw>
<status status="PASS" starttime="20230320 12:23:33.894" endtime="20230320 12:23:33.903"/>
</iter>
<iter>
<kw name="Run Keyword And Return Status" library="BuiltIn">
<var>${isVisible}</var>
<arg>Element Should Be Visible</arg>
<arg>${btn_cookie}</arg>
<doc>Runs the given keyword with given arguments and returns the status as a Boolean value.</doc>
<kw name="Element Should Be Visible" library="SeleniumLibrary">
<arg>${btn_cookie}</arg>
<doc>Verifies that the element identified by ``locator`` is visible.</doc>
<msg timestamp="20230320 12:23:33.919" level="INFO">Element 'xpath://div[@class="cookieButton"]/a' is displayed.</msg>
<status status="PASS" starttime="20230320 12:23:33.904" endtime="20230320 12:23:33.919"/>
</kw>
<msg timestamp="20230320 12:23:33.919" level="INFO">${isVisible} = True</msg>
<status status="PASS" starttime="20230320 12:23:33.904" endtime="20230320 12:23:33.919"/>
</kw>
<status status="PASS" starttime="20230320 12:23:33.903" endtime="20230320 12:23:33.919"/>
</iter>
<iter>
<kw name="Run Keyword And Return Status" library="BuiltIn">
<var>${isVisible}</var>
<arg>Element Should Be Visible</arg>
<arg>${btn_cookie}</arg>
<doc>Runs the given keyword with given arguments and returns the status as a Boolean value.</doc>
<kw name="Element Should Be Visible" library="SeleniumLibrary">
<arg>${btn_cookie}</arg>
<doc>Verifies that the element identified by ``locator`` is visible.</doc>
<msg timestamp="20230320 12:23:33.935" level="INFO">Element 'xpath://div[@class="cookieButton"]/a' is displayed.</msg>
<status status="PASS" starttime="20230320 12:23:33.919" endtime="20230320 12:23:33.935"/>
</kw>
<msg timestamp="20230320 12:23:33.935" level="INFO">${isVisible} = True</msg>
<status status="PASS" starttime="20230320 12:23:33.919" endtime="20230320 12:23:33.935"/>
</kw>
<status status="PASS" starttime="20230320 12:23:33.919" endtime="20230320 12:23:33.935"/>
</iter>
<iter>
<kw name="Run Keyword And Return Status" library="BuiltIn">
<var>${isVisible}</var>
<arg>Element Should Be Visible</arg>
<arg>${btn_cookie}</arg>
<doc>Runs the given keyword with given arguments and returns the status as a Boolean value.</doc>
<kw name="Element Should Be Visible" library="SeleniumLibrary">
<arg>${btn_cookie}</arg>
<doc>Verifies that the element identified by ``locator`` is visible.</doc>
<msg timestamp="20230320 12:23:33.949" level="INFO">Element 'xpath://div[@class="cookieButton"]/a' is displayed.</msg>
<status status="PASS" starttime="20230320 12:23:33.935" endtime="20230320 12:23:33.949"/>
</kw>
<msg timestamp="20230320 12:23:33.949" level="INFO">${isVisible} = True</msg>
<status status="PASS" starttime="20230320 12:23:33.935" endtime="20230320 12:23:33.949"/>
</kw>
<status status="PASS" starttime="20230320 12:23:33.935" endtime="20230320 12:23:33.949"/>
</iter>
<iter>
<kw name="Run Keyword And Return Status" library="BuiltIn">
<var>${isVisible}</var>
<arg>Element Should Be Visible</arg>
<arg>${btn_cookie}</arg>
<doc>Runs the given keyword with given arguments and returns the status as a Boolean value.</doc>
<kw name="Element Should Be Visible" library="SeleniumLibrary">
<arg>${btn_cookie}</arg>
<doc>Verifies that the element identified by ``locator`` is visible.</doc>
<msg timestamp="20230320 12:23:33.966" level="INFO">Element 'xpath://div[@class="cookieButton"]/a' is displayed.</msg>
<status status="PASS" starttime="20230320 12:23:33.949" endtime="20230320 12:23:33.966"/>
</kw>
<msg timestamp="20230320 12:23:33.966" level="INFO">${isVisible} = True</msg>
<status status="PASS" starttime="20230320 12:23:33.949" endtime="20230320 12:23:33.966"/>
</kw>
<status status="PASS" starttime="20230320 12:23:33.949" endtime="20230320 12:23:33.966"/>
</iter>
<iter>
<kw name="Run Keyword And Return Status" library="BuiltIn">
<var>${isVisible}</var>
<arg>Element Should Be Visible</arg>
<arg>${btn_cookie}</arg>
<doc>Runs the given keyword with given arguments and returns the status as a Boolean value.</doc>
<kw name="Element Should Be Visible" library="SeleniumLibrary">
<arg>${btn_cookie}</arg>
<doc>Verifies that the element identified by ``locator`` is visible.</doc>
<msg timestamp="20230320 12:23:33.982" level="INFO">Element 'xpath://div[@class="cookieButton"]/a' is displayed.</msg>
<status status="PASS" starttime="20230320 12:23:33.966" endtime="20230320 12:23:33.982"/>
</kw>
<msg timestamp="20230320 12:23:33.982" level="INFO">${isVisible} = True</msg>
<status status="PASS" starttime="20230320 12:23:33.966" endtime="20230320 12:23:33.982"/>
</kw>
<status status="PASS" starttime="20230320 12:23:33.966" endtime="20230320 12:23:33.982"/>
</iter>
<iter>
<kw name="Run Keyword And Return Status" library="BuiltIn">
<var>${isVisible}</var>
<arg>Element Should Be Visible</arg>
<arg>${btn_cookie}</arg>
<doc>Runs the given keyword with given arguments and returns the status as a Boolean value.</doc>
<kw name="Element Should Be Visible" library="SeleniumLibrary">
<arg>${btn_cookie}</arg>
<doc>Verifies that the element identified by ``locator`` is visible.</doc>
<msg timestamp="20230320 12:23:33.995" level="INFO">Element 'xpath://div[@class="cookieButton"]/a' is displayed.</msg>
<status status="PASS" starttime="20230320 12:23:33.982" endtime="20230320 12:23:33.995"/>
</kw>
<msg timestamp="20230320 12:23:33.995" level="INFO">${isVisible} = True</msg>
<status status="PASS" starttime="20230320 12:23:33.982" endtime="20230320 12:23:33.995"/>
</kw>
<status status="PASS" starttime="20230320 12:23:33.982" endtime="20230320 12:23:33.995"/>
</iter>
<iter>
<kw name="Run Keyword And Return Status" library="BuiltIn">
<var>${isVisible}</var>
<arg>Element Should Be Visible</arg>
<arg>${btn_cookie}</arg>
<doc>Runs the given keyword with given arguments and returns the status as a Boolean value.</doc>
<kw name="Element Should Be Visible" library="SeleniumLibrary">
<arg>${btn_cookie}</arg>
<doc>Verifies that the element identified by ``locator`` is visible.</doc>
<msg timestamp="20230320 12:23:34.011" level="INFO">Element 'xpath://div[@class="cookieButton"]/a' is displayed.</msg>
<status status="PASS" starttime="20230320 12:23:33.995" endtime="20230320 12:23:34.011"/>
</kw>
<msg timestamp="20230320 12:23:34.011" level="INFO">${isVisible} = True</msg>
<status status="PASS" starttime="20230320 12:23:33.995" endtime="20230320 12:23:34.011"/>
</kw>
<status status="PASS" starttime="20230320 12:23:33.995" endtime="20230320 12:23:34.011"/>
</iter>
<iter>
<kw name="Run Keyword And Return Status" library="BuiltIn">
<var>${isVisible}</var>
<arg>Element Should Be Visible</arg>
<arg>${btn_cookie}</arg>
<doc>Runs the given keyword with given arguments and returns the status as a Boolean value.</doc>
<kw name="Element Should Be Visible" library="SeleniumLibrary">
<arg>${btn_cookie}</arg>
<doc>Verifies that the element identified by ``locator`` is visible.</doc>
<msg timestamp="20230320 12:23:34.027" level="INFO">Element 'xpath://div[@class="cookieButton"]/a' is displayed.</msg>
<status status="PASS" starttime="20230320 12:23:34.012" endtime="20230320 12:23:34.028"/>
</kw>
<msg timestamp="20230320 12:23:34.028" level="INFO">${isVisible} = True</msg>
<status status="PASS" starttime="20230320 12:23:34.012" endtime="20230320 12:23:34.028"/>
</kw>
<status status="PASS" starttime="20230320 12:23:34.011" endtime="20230320 12:23:34.028"/>
</iter>
<iter>
<kw name="Run Keyword And Return Status" library="BuiltIn">
<var>${isVisible}</var>
<arg>Element Should Be Visible</arg>
<arg>${btn_cookie}</arg>
<doc>Runs the given keyword with given arguments and returns the status as a Boolean value.</doc>
<kw name="Element Should Be Visible" library="SeleniumLibrary">
<arg>${btn_cookie}</arg>
<doc>Verifies that the element identified by ``locator`` is visible.</doc>
<msg timestamp="20230320 12:23:34.042" level="INFO">Element 'xpath://div[@class="cookieButton"]/a' is displayed.</msg>
<status status="PASS" starttime="20230320 12:23:34.028" endtime="20230320 12:23:34.042"/>
</kw>
<msg timestamp="20230320 12:23:34.042" level="INFO">${isVisible} = True</msg>
<status status="PASS" starttime="20230320 12:23:34.028" endtime="20230320 12:23:34.042"/>
</kw>
<status status="PASS" starttime="20230320 12:23:34.028" endtime="20230320 12:23:34.042"/>
</iter>
<iter>
<kw name="Run Keyword And Return Status" library="BuiltIn">
<var>${isVisible}</var>
<arg>Element Should Be Visible</arg>
<arg>${btn_cookie}</arg>
<doc>Runs the given keyword with given arguments and returns the status as a Boolean value.</doc>
<kw name="Element Should Be Visible" library="SeleniumLibrary">
<arg>${btn_cookie}</arg>
<doc>Verifies that the element identified by ``locator`` is visible.</doc>
<msg timestamp="20230320 12:23:34.057" level="INFO">Element 'xpath://div[@class="cookieButton"]/a' is displayed.</msg>
<status status="PASS" starttime="20230320 12:23:34.043" endtime="20230320 12:23:34.057"/>
</kw>
<msg timestamp="20230320 12:23:34.057" level="INFO">${isVisible} = True</msg>
<status status="PASS" starttime="20230320 12:23:34.042" endtime="20230320 12:23:34.057"/>
</kw>
<status status="PASS" starttime="20230320 12:23:34.042" endtime="20230320 12:23:34.057"/>
</iter>
<iter>
<kw name="Run Keyword And Return Status" library="BuiltIn">
<var>${isVisible}</var>
<arg>Element Should Be Visible</arg>
<arg>${btn_cookie}</arg>
<doc>Runs the given keyword with given arguments and returns the status as a Boolean value.</doc>
<kw name="Element Should Be Visible" library="SeleniumLibrary">
<arg>${btn_cookie}</arg>
<doc>Verifies that the element identified by ``locator`` is visible.</doc>
<msg timestamp="20230320 12:23:34.071" level="INFO">Element 'xpath://div[@class="cookieButton"]/a' is displayed.</msg>
<status status="PASS" starttime="20230320 12:23:34.057" endtime="20230320 12:23:34.071"/>
</kw>
<msg timestamp="20230320 12:23:34.071" level="INFO">${isVisible} = True</msg>
<status status="PASS" starttime="20230320 12:23:34.057" endtime="20230320 12:23:34.071"/>
</kw>
<status status="PASS" starttime="20230320 12:23:34.057" endtime="20230320 12:23:34.071"/>
</iter>
<iter>
<kw name="Run Keyword And Return Status" library="BuiltIn">
<var>${isVisible}</var>
<arg>Element Should Be Visible</arg>
<arg>${btn_cookie}</arg>
<doc>Runs the given keyword with given arguments and returns the status as a Boolean value.</doc>
<kw name="Element Should Be Visible" library="SeleniumLibrary">
<arg>${btn_cookie}</arg>
<doc>Verifies that the element identified by ``locator`` is visible.</doc>
<msg timestamp="20230320 12:23:34.085" level="INFO">Element 'xpath://div[@class="cookieButton"]/a' is displayed.</msg>
<status status="PASS" starttime="20230320 12:23:34.071" endtime="20230320 12:23:34.085"/>
</kw>
<msg timestamp="20230320 12:23:34.085" level="INFO">${isVisible} = True</msg>
<status status="PASS" starttime="20230320 12:23:34.071" endtime="20230320 12:23:34.085"/>
</kw>
<status status="PASS" starttime="20230320 12:23:34.071" endtime="20230320 12:23:34.085"/>
</iter>
<iter>
<kw name="Run Keyword And Return Status" library="BuiltIn">
<var>${isVisible}</var>
<arg>Element Should Be Visible</arg>
<arg>${btn_cookie}</arg>
<doc>Runs the given keyword with given arguments and returns the status as a Boolean value.</doc>
<kw name="Element Should Be Visible" library="SeleniumLibrary">
<arg>${btn_cookie}</arg>
<doc>Verifies that the element identified by ``locator`` is visible.</doc>
<msg timestamp="20230320 12:23:34.099" level="INFO">Element 'xpath://div[@class="cookieButton"]/a' is displayed.</msg>
<status status="PASS" starttime="20230320 12:23:34.085" endtime="20230320 12:23:34.099"/>
</kw>
<msg timestamp="20230320 12:23:34.099" level="INFO">${isVisible} = True</msg>
<status status="PASS" starttime="20230320 12:23:34.085" endtime="20230320 12:23:34.099"/>
</kw>
<status status="PASS" starttime="20230320 12:23:34.085" endtime="20230320 12:23:34.099"/>
</iter>
<iter>
<kw name="Run Keyword And Return Status" library="BuiltIn">
<var>${isVisible}</var>
<arg>Element Should Be Visible</arg>
<arg>${btn_cookie}</arg>
<doc>Runs the given keyword with given arguments and returns the status as a Boolean value.</doc>
<kw name="Element Should Be Visible" library="SeleniumLibrary">
<arg>${btn_cookie}</arg>
<doc>Verifies that the element identified by ``locator`` is visible.</doc>
<msg timestamp="20230320 12:23:34.113" level="INFO">Element 'xpath://div[@class="cookieButton"]/a' is displayed.</msg>
<status status="PASS" starttime="20230320 12:23:34.099" endtime="20230320 12:23:34.113"/>
</kw>
<msg timestamp="20230320 12:23:34.113" level="INFO">${isVisible} = True</msg>
<status status="PASS" starttime="20230320 12:23:34.099" endtime="20230320 12:23:34.113"/>
</kw>
<status status="PASS" starttime="20230320 12:23:34.099" endtime="20230320 12:23:34.113"/>
</iter>
<iter>
<kw name="Run Keyword And Return Status" library="BuiltIn">
<var>${isVisible}</var>
<arg>Element Should Be Visible</arg>
<arg>${btn_cookie}</arg>
<doc>Runs the given keyword with given arguments and returns the status as a Boolean value.</doc>
<kw name="Element Should Be Visible" library="SeleniumLibrary">
<arg>${btn_cookie}</arg>
<doc>Verifies that the element identified by ``locator`` is visible.</doc>
<msg timestamp="20230320 12:23:34.127" level="INFO">Element 'xpath://div[@class="cookieButton"]/a' is displayed.</msg>
<status status="PASS" starttime="20230320 12:23:34.113" endtime="20230320 12:23:34.127"/>
</kw>
<msg timestamp="20230320 12:23:34.127" level="INFO">${isVisible} = True</msg>
<status status="PASS" starttime="20230320 12:23:34.113" endtime="20230320 12:23:34.127"/>
</kw>
<status status="PASS" starttime="20230320 12:23:34.113" endtime="20230320 12:23:34.127"/>
</iter>
<iter>
<kw name="Run Keyword And Return Status" library="BuiltIn">
<var>${isVisible}</var>
<arg>Element Should Be Visible</arg>
<arg>${btn_cookie}</arg>
<doc>Runs the given keyword with given arguments and returns the status as a Boolean value.</doc>
<kw name="Element Should Be Visible" library="SeleniumLibrary">
<arg>${btn_cookie}</arg>
<doc>Verifies that the element identified by ``locator`` is visible.</doc>
<msg timestamp="20230320 12:23:34.141" level="INFO">Element 'xpath://div[@class="cookieButton"]/a' is displayed.</msg>
<status status="PASS" starttime="20230320 12:23:34.128" endtime="20230320 12:23:34.141"/>
</kw>
<msg timestamp="20230320 12:23:34.141" level="INFO">${isVisible} = True</msg>
<status status="PASS" starttime="20230320 12:23:34.127" endtime="20230320 12:23:34.141"/>
</kw>
<status status="PASS" starttime="20230320 12:23:34.127" endtime="20230320 12:23:34.141"/>
</iter>
<iter>
<kw name="Run Keyword And Return Status" library="BuiltIn">
<var>${isVisible}</var>
<arg>Element Should Be Visible</arg>
<arg>${btn_cookie}</arg>
<doc>Runs the given keyword with given arguments and returns the status as a Boolean value.</doc>
<kw name="Element Should Be Visible" library="SeleniumLibrary">
<arg>${btn_cookie}</arg>
<doc>Verifies that the element identified by ``locator`` is visible.</doc>
<msg timestamp="20230320 12:23:34.156" level="INFO">Element 'xpath://div[@class="cookieButton"]/a' is displayed.</msg>
<status status="PASS" starttime="20230320 12:23:34.141" endtime="20230320 12:23:34.156"/>
</kw>
<msg timestamp="20230320 12:23:34.156" level="INFO">${isVisible} = True</msg>
<status status="PASS" starttime="20230320 12:23:34.141" endtime="20230320 12:23:34.156"/>
</kw>
<status status="PASS" starttime="20230320 12:23:34.141" endtime="20230320 12:23:34.156"/>
</iter>
<iter>
<kw name="Run Keyword And Return Status" library="BuiltIn">
<var>${isVisible}</var>
<arg>Element Should Be Visible</arg>
<arg>${btn_cookie}</arg>
<doc>Runs the given keyword with given arguments and returns the status as a Boolean value.</doc>
<kw name="Element Should Be Visible" library="SeleniumLibrary">
<arg>${btn_cookie}</arg>
<doc>Verifies that the element identified by ``locator`` is visible.</doc>
<msg timestamp="20230320 12:23:34.171" level="INFO">Element 'xpath://div[@class="cookieButton"]/a' is displayed.</msg>
<status status="PASS" starttime="20230320 12:23:34.156" endtime="20230320 12:23:34.171"/>
</kw>
<msg timestamp="20230320 12:23:34.171" level="INFO">${isVisible} = True</msg>
<status status="PASS" starttime="20230320 12:23:34.156" endtime="20230320 12:23:34.171"/>
</kw>
<status status="PASS" starttime="20230320 12:23:34.156" endtime="20230320 12:23:34.171"/>
</iter>
<iter>
<kw name="Run Keyword And Return Status" library="BuiltIn">
<var>${isVisible}</var>
<arg>Element Should Be Visible</arg>
<arg>${btn_cookie}</arg>
<doc>Runs the given keyword with given arguments and returns the status as a Boolean value.</doc>
<kw name="Element Should Be Visible" library="SeleniumLibrary">
<arg>${btn_cookie}</arg>
<doc>Verifies that the element identified by ``locator`` is visible.</doc>
<msg timestamp="20230320 12:23:34.185" level="INFO">Element 'xpath://div[@class="cookieButton"]/a' is displayed.</msg>
<status status="PASS" starttime="20230320 12:23:34.171" endtime="20230320 12:23:34.185"/>
</kw>
<msg timestamp="20230320 12:23:34.185" level="INFO">${isVisible} = True</msg>
<status status="PASS" starttime="20230320 12:23:34.171" endtime="20230320 12:23:34.185"/>
</kw>
<status status="PASS" starttime="20230320 12:23:34.171" endtime="20230320 12:23:34.185"/>
</iter>
<iter>
<kw name="Run Keyword And Return Status" library="BuiltIn">
<var>${isVisible}</var>
<arg>Element Should Be Visible</arg>
<arg>${btn_cookie}</arg>
<doc>Runs the given keyword with given arguments and returns the status as a Boolean value.</doc>
<kw name="Element Should Be Visible" library="SeleniumLibrary">
<arg>${btn_cookie}</arg>
<doc>Verifies that the element identified by ``locator`` is visible.</doc>
<msg timestamp="20230320 12:23:34.199" level="INFO">Element 'xpath://div[@class="cookieButton"]/a' is displayed.</msg>
<status status="PASS" starttime="20230320 12:23:34.185" endtime="20230320 12:23:34.199"/>
</kw>
<msg timestamp="20230320 12:23:34.199" level="INFO">${isVisible} = True</msg>
<status status="PASS" starttime="20230320 12:23:34.185" endtime="20230320 12:23:34.199"/>
</kw>
<status status="PASS" starttime="20230320 12:23:34.185" endtime="20230320 12:23:34.199"/>
</iter>
<iter>
<kw name="Run Keyword And Return Status" library="BuiltIn">
<var>${isVisible}</var>
<arg>Element Should Be Visible</arg>
<arg>${btn_cookie}</arg>
<doc>Runs the given keyword with given arguments and returns the status as a Boolean value.</doc>
<kw name="Element Should Be Visible" library="SeleniumLibrary">
<arg>${btn_cookie}</arg>
<doc>Verifies that the element identified by ``locator`` is visible.</doc>
<msg timestamp="20230320 12:23:34.213" level="INFO">Element 'xpath://div[@class="cookieButton"]/a' is displayed.</msg>
<status status="PASS" starttime="20230320 12:23:34.199" endtime="20230320 12:23:34.213"/>
</kw>
<msg timestamp="20230320 12:23:34.213" level="INFO">${isVisible} = True</msg>
<status status="PASS" starttime="20230320 12:23:34.199" endtime="20230320 12:23:34.213"/>
</kw>
<status status="PASS" starttime="20230320 12:23:34.199" endtime="20230320 12:23:34.213"/>
</iter>
<iter>
<kw name="Run Keyword And Return Status" library="BuiltIn">
<var>${isVisible}</var>
<arg>Element Should Be Visible</arg>
<arg>${btn_cookie}</arg>
<doc>Runs the given keyword with given arguments and returns the status as a Boolean value.</doc>
<kw name="Element Should Be Visible" library="SeleniumLibrary">
<arg>${btn_cookie}</arg>
<doc>Verifies that the element identified by ``locator`` is visible.</doc>
<msg timestamp="20230320 12:23:34.228" level="INFO">Element 'xpath://div[@class="cookieButton"]/a' is displayed.</msg>
<status status="PASS" starttime="20230320 12:23:34.214" endtime="20230320 12:23:34.228"/>
</kw>
<msg timestamp="20230320 12:23:34.228" level="INFO">${isVisible} = True</msg>
<status status="PASS" starttime="20230320 12:23:34.214" endtime="20230320 12:23:34.228"/>
</kw>
<status status="PASS" starttime="20230320 12:23:34.213" endtime="20230320 12:23:34.228"/>
</iter>
<iter>
<kw name="Run Keyword And Return Status" library="BuiltIn">
<var>${isVisible}</var>
<arg>Element Should Be Visible</arg>
<arg>${btn_cookie}</arg>
<doc>Runs the given keyword with given arguments and returns the status as a Boolean value.</doc>
<kw name="Element Should Be Visible" library="SeleniumLibrary">
<arg>${btn_cookie}</arg>
<doc>Verifies that the element identified by ``locator`` is visible.</doc>
<msg timestamp="20230320 12:23:34.241" level="INFO">Element 'xpath://div[@class="cookieButton"]/a' is displayed.</msg>
<status status="PASS" starttime="20230320 12:23:34.228" endtime="20230320 12:23:34.241"/>
</kw>
<msg timestamp="20230320 12:23:34.241" level="INFO">${isVisible} = True</msg>
<status status="PASS" starttime="20230320 12:23:34.228" endtime="20230320 12:23:34.241"/>
</kw>
<status status="PASS" starttime="20230320 12:23:34.228" endtime="20230320 12:23:34.241"/>
</iter>
<iter>
<kw name="Run Keyword And Return Status" library="BuiltIn">
<var>${isVisible}</var>
<arg>Element Should Be Visible</arg>
<arg>${btn_cookie}</arg>
<doc>Runs the given keyword with given arguments and returns the status as a Boolean value.</doc>
<kw name="Element Should Be Visible" library="SeleniumLibrary">
<arg>${btn_cookie}</arg>
<doc>Verifies that the element identified by ``locator`` is visible.</doc>
<msg timestamp="20230320 12:23:34.256" level="INFO">Element 'xpath://div[@class="cookieButton"]/a' is displayed.</msg>
<status status="PASS" starttime="20230320 12:23:34.241" endtime="20230320 12:23:34.256"/>
</kw>
<msg timestamp="20230320 12:23:34.256" level="INFO">${isVisible} = True</msg>
<status status="PASS" starttime="20230320 12:23:34.241" endtime="20230320 12:23:34.256"/>
</kw>
<status status="PASS" starttime="20230320 12:23:34.241" endtime="20230320 12:23:34.256"/>
</iter>
<iter>
<kw name="Run Keyword And Return Status" library="BuiltIn">
<var>${isVisible}</var>
<arg>Element Should Be Visible</arg>
<arg>${btn_cookie}</arg>
<doc>Runs the given keyword with given arguments and returns the status as a Boolean value.</doc>
<kw name="Element Should Be Visible" library="SeleniumLibrary">
<arg>${btn_cookie}</arg>
<doc>Verifies that the element identified by ``locator`` is visible.</doc>
<msg timestamp="20230320 12:23:34.271" level="INFO">Element 'xpath://div[@class="cookieButton"]/a' is displayed.</msg>
<status status="PASS" starttime="20230320 12:23:34.256" endtime="20230320 12:23:34.271"/>
</kw>
<msg timestamp="20230320 12:23:34.271" level="INFO">${isVisible} = True</msg>
<status status="PASS" starttime="20230320 12:23:34.256" endtime="20230320 12:23:34.271"/>
</kw>
<status status="PASS" starttime="20230320 12:23:34.256" endtime="20230320 12:23:34.271"/>
</iter>
<iter>
<kw name="Run Keyword And Return Status" library="BuiltIn">
<var>${isVisible}</var>
<arg>Element Should Be Visible</arg>
<arg>${btn_cookie}</arg>
<doc>Runs the given keyword with given arguments and returns the status as a Boolean value.</doc>
<kw name="Element Should Be Visible" library="SeleniumLibrary">
<arg>${btn_cookie}</arg>
<doc>Verifies that the element identified by ``locator`` is visible.</doc>
<msg timestamp="20230320 12:23:34.283" level="INFO">Element 'xpath://div[@class="cookieButton"]/a' is displayed.</msg>
<status status="PASS" starttime="20230320 12:23:34.271" endtime="20230320 12:23:34.283"/>
</kw>
<msg timestamp="20230320 12:23:34.283" level="INFO">${isVisible} = True</msg>
<status status="PASS" starttime="20230320 12:23:34.271" endtime="20230320 12:23:34.283"/>
</kw>
<status status="PASS" starttime="20230320 12:23:34.271" endtime="20230320 12:23:34.283"/>
</iter>
<iter>
<kw name="Run Keyword And Return Status" library="BuiltIn">
<var>${isVisible}</var>
<arg>Element Should Be Visible</arg>
<arg>${btn_cookie}</arg>
<doc>Runs the given keyword with given arguments and returns the status as a Boolean value.</doc>
<kw name="Element Should Be Visible" library="SeleniumLibrary">
<arg>${btn_cookie}</arg>
<doc>Verifies that the element identified by ``locator`` is visible.</doc>
<msg timestamp="20230320 12:23:34.298" level="INFO">Element 'xpath://div[@class="cookieButton"]/a' is displayed.</msg>
<status status="PASS" starttime="20230320 12:23:34.284" endtime="20230320 12:23:34.298"/>
</kw>
<msg timestamp="20230320 12:23:34.298" level="INFO">${isVisible} = True</msg>
<status status="PASS" starttime="20230320 12:23:34.284" endtime="20230320 12:23:34.298"/>
</kw>
<status status="PASS" starttime="20230320 12:23:34.284" endtime="20230320 12:23:34.298"/>
</iter>
<iter>
<kw name="Run Keyword And Return Status" library="BuiltIn">
<var>${isVisible}</var>
<arg>Element Should Be Visible</arg>
<arg>${btn_cookie}</arg>
<doc>Runs the given keyword with given arguments and returns the status as a Boolean value.</doc>
<kw name="Element Should Be Visible" library="SeleniumLibrary">
<arg>${btn_cookie}</arg>
<doc>Verifies that the element identified by ``locator`` is visible.</doc>
<msg timestamp="20230320 12:23:34.312" level="INFO">Element 'xpath://div[@class="cookieButton"]/a' is displayed.</msg>
<status status="PASS" starttime="20230320 12:23:34.298" endtime="20230320 12:23:34.312"/>
</kw>
<msg timestamp="20230320 12:23:34.312" level="INFO">${isVisible} = True</msg>
<status status="PASS" starttime="20230320 12:23:34.298" endtime="20230320 12:23:34.312"/>
</kw>
<status status="PASS" starttime="20230320 12:23:34.298" endtime="20230320 12:23:34.312"/>
</iter>
<iter>
<kw name="Run Keyword And Return Status" library="BuiltIn">
<var>${isVisible}</var>
<arg>Element Should Be Visible</arg>
<arg>${btn_cookie}</arg>
<doc>Runs the given keyword with given arguments and returns the status as a Boolean value.</doc>
<kw name="Element Should Be Visible" library="SeleniumLibrary">
<arg>${btn_cookie}</arg>
<doc>Verifies that the element identified by ``locator`` is visible.</doc>
<msg timestamp="20230320 12:23:34.326" level="INFO">Element 'xpath://div[@class="cookieButton"]/a' is displayed.</msg>
<status status="PASS" starttime="20230320 12:23:34.312" endtime="20230320 12:23:34.326"/>
</kw>
<msg timestamp="20230320 12:23:34.326" level="INFO">${isVisible} = True</msg>
<status status="PASS" starttime="20230320 12:23:34.312" endtime="20230320 12:23:34.326"/>
</kw>
<status status="PASS" starttime="20230320 12:23:34.312" endtime="20230320 12:23:34.326"/>
</iter>
<iter>
<kw name="Run Keyword And Return Status" library="BuiltIn">
<var>${isVisible}</var>
<arg>Element Should Be Visible</arg>
<arg>${btn_cookie}</arg>
<doc>Runs the given keyword with given arguments and returns the status as a Boolean value.</doc>
<kw name="Element Should Be Visible" library="SeleniumLibrary">
<arg>${btn_cookie}</arg>
<doc>Verifies that the element identified by ``locator`` is visible.</doc>
<msg timestamp="20230320 12:23:34.340" level="INFO">Element 'xpath://div[@class="cookieButton"]/a' is displayed.</msg>
<status status="PASS" starttime="20230320 12:23:34.326" endtime="20230320 12:23:34.340"/>
</kw>
<msg timestamp="20230320 12:23:34.340" level="INFO">${isVisible} = True</msg>
<status status="PASS" starttime="20230320 12:23:34.326" endtime="20230320 12:23:34.340"/>
</kw>
<status status="PASS" starttime="20230320 12:23:34.326" endtime="20230320 12:23:34.340"/>
</iter>
<iter>
<kw name="Run Keyword And Return Status" library="BuiltIn">
<var>${isVisible}</var>
<arg>Element Should Be Visible</arg>
<arg>${btn_cookie}</arg>
<doc>Runs the given keyword with given arguments and returns the status as a Boolean value.</doc>
<kw name="Element Should Be Visible" library="SeleniumLibrary">
<arg>${btn_cookie}</arg>
<doc>Verifies that the element identified by ``locator`` is visible.</doc>
<msg timestamp="20230320 12:23:34.355" level="INFO">Element 'xpath://div[@class="cookieButton"]/a' is displayed.</msg>
<status status="PASS" starttime="20230320 12:23:34.340" endtime="20230320 12:23:34.355"/>
</kw>
<msg timestamp="20230320 12:23:34.355" level="INFO">${isVisible} = True</msg>
<status status="PASS" starttime="20230320 12:23:34.340" endtime="20230320 12:23:34.355"/>
</kw>
<status status="PASS" starttime="20230320 12:23:34.340" endtime="20230320 12:23:34.355"/>
</iter>
<iter>
<kw name="Run Keyword And Return Status" library="BuiltIn">
<var>${isVisible}</var>
<arg>Element Should Be Visible</arg>
<arg>${btn_cookie}</arg>
<doc>Runs the given keyword with given arguments and returns the status as a Boolean value.</doc>
<kw name="Element Should Be Visible" library="SeleniumLibrary">
<arg>${btn_cookie}</arg>
<doc>Verifies that the element identified by ``locator`` is visible.</doc>
<msg timestamp="20230320 12:23:34.370" level="INFO">Element 'xpath://div[@class="cookieButton"]/a' is displayed.</msg>
<status status="PASS" starttime="20230320 12:23:34.356" endtime="20230320 12:23:34.370"/>
</kw>
<msg timestamp="20230320 12:23:34.370" level="INFO">${isVisible} = True</msg>
<status status="PASS" starttime="20230320 12:23:34.355" endtime="20230320 12:23:34.370"/>
</kw>
<status status="PASS" starttime="20230320 12:23:34.355" endtime="20230320 12:23:34.370"/>
</iter>
<iter>
<kw name="Run Keyword And Return Status" library="BuiltIn">
<var>${isVisible}</var>
<arg>Element Should Be Visible</arg>
<arg>${btn_cookie}</arg>
<doc>Runs the given keyword with given arguments and returns the status as a Boolean value.</doc>
<kw name="Element Should Be Visible" library="SeleniumLibrary">
<arg>${btn_cookie}</arg>
<doc>Verifies that the element identified by ``locator`` is visible.</doc>
<msg timestamp="20230320 12:23:34.384" level="INFO">Element 'xpath://div[@class="cookieButton"]/a' is displayed.</msg>
<status status="PASS" starttime="20230320 12:23:34.370" endtime="20230320 12:23:34.384"/>
</kw>
<msg timestamp="20230320 12:23:34.384" level="INFO">${isVisible} = True</msg>
<status status="PASS" starttime="20230320 12:23:34.370" endtime="20230320 12:23:34.384"/>
</kw>
<status status="PASS" starttime="20230320 12:23:34.370" endtime="20230320 12:23:34.384"/>
</iter>
<iter>
<kw name="Run Keyword And Return Status" library="BuiltIn">
<var>${isVisible}</var>
<arg>Element Should Be Visible</arg>
<arg>${btn_cookie}</arg>
<doc>Runs the given keyword with given arguments and returns the status as a Boolean value.</doc>
<kw name="Element Should Be Visible" library="SeleniumLibrary">
<arg>${btn_cookie}</arg>
<doc>Verifies that the element identified by ``locator`` is visible.</doc>
<msg timestamp="20230320 12:23:34.399" level="INFO">Element 'xpath://div[@class="cookieButton"]/a' is displayed.</msg>
<status status="PASS" starttime="20230320 12:23:34.384" endtime="20230320 12:23:34.399"/>
</kw>
<msg timestamp="20230320 12:23:34.399" level="INFO">${isVisible} = True</msg>
<status status="PASS" starttime="20230320 12:23:34.384" endtime="20230320 12:23:34.399"/>
</kw>
<status status="PASS" starttime="20230320 12:23:34.384" endtime="20230320 12:23:34.399"/>
</iter>
<iter>
<kw name="Run Keyword And Return Status" library="BuiltIn">
<var>${isVisible}</var>
<arg>Element Should Be Visible</arg>
<arg>${btn_cookie}</arg>
<doc>Runs the given keyword with given arguments and returns the status as a Boolean value.</doc>
<kw name="Element Should Be Visible" library="SeleniumLibrary">
<arg>${btn_cookie}</arg>
<doc>Verifies that the element identified by ``locator`` is visible.</doc>
<msg timestamp="20230320 12:23:34.413" level="INFO">Element 'xpath://div[@class="cookieButton"]/a' is displayed.</msg>
<status status="PASS" starttime="20230320 12:23:34.399" endtime="20230320 12:23:34.413"/>
</kw>
<msg timestamp="20230320 12:23:34.413" level="INFO">${isVisible} = True</msg>
<status status="PASS" starttime="20230320 12:23:34.399" endtime="20230320 12:23:34.413"/>
</kw>
<status status="PASS" starttime="20230320 12:23:34.399" endtime="20230320 12:23:34.413"/>
</iter>
<iter>
<kw name="Run Keyword And Return Status" library="BuiltIn">
<var>${isVisible}</var>
<arg>Element Should Be Visible</arg>
<arg>${btn_cookie}</arg>
<doc>Runs the given keyword with given arguments and returns the status as a Boolean value.</doc>
<kw name="Element Should Be Visible" library="SeleniumLibrary">
<arg>${btn_cookie}</arg>
<doc>Verifies that the element identified by ``locator`` is visible.</doc>
<msg timestamp="20230320 12:23:34.431" level="INFO">Element 'xpath://div[@class="cookieButton"]/a' is displayed.</msg>
<status status="PASS" starttime="20230320 12:23:34.413" endtime="20230320 12:23:34.431"/>
</kw>
<msg timestamp="20230320 12:23:34.431" level="INFO">${isVisible} = True</msg>
<status status="PASS" starttime="20230320 12:23:34.413" endtime="20230320 12:23:34.432"/>
</kw>
<status status="PASS" starttime="20230320 12:23:34.413" endtime="20230320 12:23:34.432"/>
</iter>
<iter>
<kw name="Run Keyword And Return Status" library="BuiltIn">
<var>${isVisible}</var>
<arg>Element Should Be Visible</arg>
<arg>${btn_cookie}</arg>
<doc>Runs the given keyword with given arguments and returns the status as a Boolean value.</doc>
<kw name="Element Should Be Visible" library="SeleniumLibrary">
<arg>${btn_cookie}</arg>
<doc>Verifies that the element identified by ``locator`` is visible.</doc>
<msg timestamp="20230320 12:23:34.446" level="INFO">Element 'xpath://div[@class="cookieButton"]/a' is displayed.</msg>
<status status="PASS" starttime="20230320 12:23:34.432" endtime="20230320 12:23:34.446"/>
</kw>
<msg timestamp="20230320 12:23:34.446" level="INFO">${isVisible} = True</msg>
<status status="PASS" starttime="20230320 12:23:34.432" endtime="20230320 12:23:34.446"/>
</kw>
<status status="PASS" starttime="20230320 12:23:34.432" endtime="20230320 12:23:34.446"/>
</iter>
<iter>
<kw name="Run Keyword And Return Status" library="BuiltIn">
<var>${isVisible}</var>
<arg>Element Should Be Visible</arg>
<arg>${btn_cookie}</arg>
<doc>Runs the given keyword with given arguments and returns the status as a Boolean value.</doc>
<kw name="Element Should Be Visible" library="SeleniumLibrary">
<arg>${btn_cookie}</arg>
<doc>Verifies that the element identified by ``locator`` is visible.</doc>
<msg timestamp="20230320 12:23:34.463" level="INFO">Element 'xpath://div[@class="cookieButton"]/a' is displayed.</msg>
<status status="PASS" starttime="20230320 12:23:34.447" endtime="20230320 12:23:34.463"/>
</kw>
<msg timestamp="20230320 12:23:34.463" level="INFO">${isVisible} = True</msg>
<status status="PASS" starttime="20230320 12:23:34.446" endtime="20230320 12:23:34.463"/>
</kw>
<status status="PASS" starttime="20230320 12:23:34.446" endtime="20230320 12:23:34.463"/>
</iter>
<iter>
<kw name="Run Keyword And Return Status" library="BuiltIn">
<var>${isVisible}</var>
<arg>Element Should Be Visible</arg>
<arg>${btn_cookie}</arg>
<doc>Runs the given keyword with given arguments and returns the status as a Boolean value.</doc>
<kw name="Element Should Be Visible" library="SeleniumLibrary">
<arg>${btn_cookie}</arg>
<doc>Verifies that the element identified by ``locator`` is visible.</doc>
<msg timestamp="20230320 12:23:34.478" level="INFO">Element 'xpath://div[@class="cookieButton"]/a' is displayed.</msg>
<status status="PASS" starttime="20230320 12:23:34.463" endtime="20230320 12:23:34.478"/>
</kw>
<msg timestamp="20230320 12:23:34.478" level="INFO">${isVisible} = True</msg>
<status status="PASS" starttime="20230320 12:23:34.463" endtime="20230320 12:23:34.478"/>
</kw>
<status status="PASS" starttime="20230320 12:23:34.463" endtime="20230320 12:23:34.478"/>
</iter>
<iter>
<kw name="Run Keyword And Return Status" library="BuiltIn">
<var>${isVisible}</var>
<arg>Element Should Be Visible</arg>
<arg>${btn_cookie}</arg>
<doc>Runs the given keyword with given arguments and returns the status as a Boolean value.</doc>
<kw name="Element Should Be Visible" library="SeleniumLibrary">
<arg>${btn_cookie}</arg>
<doc>Verifies that the element identified by ``locator`` is visible.</doc>
<msg timestamp="20230320 12:23:34.492" level="INFO">Element 'xpath://div[@class="cookieButton"]/a' is displayed.</msg>
<status status="PASS" starttime="20230320 12:23:34.479" endtime="20230320 12:23:34.492"/>
</kw>
<msg timestamp="20230320 12:23:34.492" level="INFO">${isVisible} = True</msg>
<status status="PASS" starttime="20230320 12:23:34.479" endtime="20230320 12:23:34.492"/>
</kw>
<status status="PASS" starttime="20230320 12:23:34.478" endtime="20230320 12:23:34.492"/>
</iter>
<iter>
<kw name="Run Keyword And Return Status" library="BuiltIn">
<var>${isVisible}</var>
<arg>Element Should Be Visible</arg>
<arg>${btn_cookie}</arg>
<doc>Runs the given keyword with given arguments and returns the status as a Boolean value.</doc>
<kw name="Element Should Be Visible" library="SeleniumLibrary">
<arg>${btn_cookie}</arg>
<doc>Verifies that the element identified by ``locator`` is visible.</doc>
<msg timestamp="20230320 12:23:34.505" level="INFO">Element 'xpath://div[@class="cookieButton"]/a' is displayed.</msg>
<status status="PASS" starttime="20230320 12:23:34.492" endtime="20230320 12:23:34.505"/>
</kw>
<msg timestamp="20230320 12:23:34.505" level="INFO">${isVisible} = True</msg>
<status status="PASS" starttime="20230320 12:23:34.492" endtime="20230320 12:23:34.505"/>
</kw>
<status status="PASS" starttime="20230320 12:23:34.492" endtime="20230320 12:23:34.505"/>
</iter>
<iter>
<kw name="Run Keyword And Return Status" library="BuiltIn">
<var>${isVisible}</var>
<arg>Element Should Be Visible</arg>
<arg>${btn_cookie}</arg>
<doc>Runs the given keyword with given arguments and returns the status as a Boolean value.</doc>
<kw name="Element Should Be Visible" library="SeleniumLibrary">
<arg>${btn_cookie}</arg>
<doc>Verifies that the element identified by ``locator`` is visible.</doc>
<msg timestamp="20230320 12:23:34.519" level="INFO">Element 'xpath://div[@class="cookieButton"]/a' is displayed.</msg>
<status status="PASS" starttime="20230320 12:23:34.505" endtime="20230320 12:23:34.519"/>
</kw>
<msg timestamp="20230320 12:23:34.519" level="INFO">${isVisible} = True</msg>
<status status="PASS" starttime="20230320 12:23:34.505" endtime="20230320 12:23:34.519"/>
</kw>
<status status="PASS" starttime="20230320 12:23:34.505" endtime="20230320 12:23:34.519"/>
</iter>
<iter>
<kw name="Run Keyword And Return Status" library="BuiltIn">
<var>${isVisible}</var>
<arg>Element Should Be Visible</arg>
<arg>${btn_cookie}</arg>
<doc>Runs the given keyword with given arguments and returns the status as a Boolean value.</doc>
<kw name="Element Should Be Visible" library="SeleniumLibrary">
<arg>${btn_cookie}</arg>
<doc>Verifies that the element identified by ``locator`` is visible.</doc>
<msg timestamp="20230320 12:23:34.534" level="INFO">Element 'xpath://div[@class="cookieButton"]/a' is displayed.</msg>
<status status="PASS" starttime="20230320 12:23:34.520" endtime="20230320 12:23:34.534"/>
</kw>
<msg timestamp="20230320 12:23:34.534" level="INFO">${isVisible} = True</msg>
<status status="PASS" starttime="20230320 12:23:34.519" endtime="20230320 12:23:34.534"/>
</kw>
<status status="PASS" starttime="20230320 12:23:34.519" endtime="20230320 12:23:34.534"/>
</iter>
<iter>
<kw name="Run Keyword And Return Status" library="BuiltIn">
<var>${isVisible}</var>
<arg>Element Should Be Visible</arg>
<arg>${btn_cookie}</arg>
<doc>Runs the given keyword with given arguments and returns the status as a Boolean value.</doc>
<kw name="Element Should Be Visible" library="SeleniumLibrary">
<arg>${btn_cookie}</arg>
<doc>Verifies that the element identified by ``locator`` is visible.</doc>
<msg timestamp="20230320 12:23:34.548" level="INFO">Element 'xpath://div[@class="cookieButton"]/a' is displayed.</msg>
<status status="PASS" starttime="20230320 12:23:34.534" endtime="20230320 12:23:34.548"/>
</kw>
<msg timestamp="20230320 12:23:34.548" level="INFO">${isVisible} = True</msg>
<status status="PASS" starttime="20230320 12:23:34.534" endtime="20230320 12:23:34.548"/>
</kw>
<status status="PASS" starttime="20230320 12:23:34.534" endtime="20230320 12:23:34.548"/>
</iter>
<iter>
<kw name="Run Keyword And Return Status" library="BuiltIn">
<var>${isVisible}</var>
<arg>Element Should Be Visible</arg>
<arg>${btn_cookie}</arg>
<doc>Runs the given keyword with given arguments and returns the status as a Boolean value.</doc>
<kw name="Element Should Be Visible" library="SeleniumLibrary">
<arg>${btn_cookie}</arg>
<doc>Verifies that the element identified by ``locator`` is visible.</doc>
<msg timestamp="20230320 12:23:34.561" level="INFO">Element 'xpath://div[@class="cookieButton"]/a' is displayed.</msg>
<status status="PASS" starttime="20230320 12:23:34.548" endtime="20230320 12:23:34.561"/>
</kw>
<msg timestamp="20230320 12:23:34.562" level="INFO">${isVisible} = True</msg>
<status status="PASS" starttime="20230320 12:23:34.548" endtime="20230320 12:23:34.562"/>
</kw>
<status status="PASS" starttime="20230320 12:23:34.548" endtime="20230320 12:23:34.562"/>
</iter>
<iter>
<kw name="Run Keyword And Return Status" library="BuiltIn">
<var>${isVisible}</var>
<arg>Element Should Be Visible</arg>
<arg>${btn_cookie}</arg>
<doc>Runs the given keyword with given arguments and returns the status as a Boolean value.</doc>
<kw name="Element Should Be Visible" library="SeleniumLibrary">
<arg>${btn_cookie}</arg>
<doc>Verifies that the element identified by ``locator`` is visible.</doc>
<msg timestamp="20230320 12:23:34.576" level="INFO">Element 'xpath://div[@class="cookieButton"]/a' is displayed.</msg>
<status status="PASS" starttime="20230320 12:23:34.563" endtime="20230320 12:23:34.576"/>
</kw>
<msg timestamp="20230320 12:23:34.576" level="INFO">${isVisible} = True</msg>
<status status="PASS" starttime="20230320 12:23:34.562" endtime="20230320 12:23:34.576"/>
</kw>
<status status="PASS" starttime="20230320 12:23:34.562" endtime="20230320 12:23:34.576"/>
</iter>
<iter>
<kw name="Run Keyword And Return Status" library="BuiltIn">
<var>${isVisible}</var>
<arg>Element Should Be Visible</arg>
<arg>${btn_cookie}</arg>
<doc>Runs the given keyword with given arguments and returns the status as a Boolean value.</doc>
<kw name="Element Should Be Visible" library="SeleniumLibrary">
<arg>${btn_cookie}</arg>
<doc>Verifies that the element identified by ``locator`` is visible.</doc>
<msg timestamp="20230320 12:23:34.586" level="INFO">Element 'xpath://div[@class="cookieButton"]/a' is displayed.</msg>
<status status="PASS" starttime="20230320 12:23:34.577" endtime="20230320 12:23:34.587"/>
</kw>
<msg timestamp="20230320 12:23:34.587" level="INFO">${isVisible} = True</msg>
<status status="PASS" starttime="20230320 12:23:34.576" endtime="20230320 12:23:34.587"/>
</kw>
<status status="PASS" starttime="20230320 12:23:34.576" endtime="20230320 12:23:34.587"/>
</iter>
<iter>
<kw name="Run Keyword And Return Status" library="BuiltIn">
<var>${isVisible}</var>
<arg>Element Should Be Visible</arg>
<arg>${btn_cookie}</arg>
<doc>Runs the given keyword with given arguments and returns the status as a Boolean value.</doc>
<kw name="Element Should Be Visible" library="SeleniumLibrary">
<arg>${btn_cookie}</arg>
<doc>Verifies that the element identified by ``locator`` is visible.</doc>
<msg timestamp="20230320 12:23:34.597" level="INFO">Element 'xpath://div[@class="cookieButton"]/a' is displayed.</msg>
<status status="PASS" starttime="20230320 12:23:34.587" endtime="20230320 12:23:34.598"/>
</kw>
<msg timestamp="20230320 12:23:34.598" level="INFO">${isVisible} = True</msg>
<status status="PASS" starttime="20230320 12:23:34.587" endtime="20230320 12:23:34.598"/>
</kw>
<status status="PASS" starttime="20230320 12:23:34.587" endtime="20230320 12:23:34.598"/>
</iter>
<iter>
<kw name="Run Keyword And Return Status" library="BuiltIn">
<var>${isVisible}</var>
<arg>Element Should Be Visible</arg>
<arg>${btn_cookie}</arg>
<doc>Runs the given keyword with given arguments and returns the status as a Boolean value.</doc>
<kw name="Element Should Be Visible" library="SeleniumLibrary">
<arg>${btn_cookie}</arg>
<doc>Verifies that the element identified by ``locator`` is visible.</doc>
<msg timestamp="20230320 12:23:34.606" level="INFO">Element 'xpath://div[@class="cookieButton"]/a' is displayed.</msg>
<status status="PASS" starttime="20230320 12:23:34.598" endtime="20230320 12:23:34.606"/>
</kw>
<msg timestamp="20230320 12:23:34.606" level="INFO">${isVisible} = True</msg>
<status status="PASS" starttime="20230320 12:23:34.598" endtime="20230320 12:23:34.606"/>
</kw>
<status status="PASS" starttime="20230320 12:23:34.598" endtime="20230320 12:23:34.606"/>
</iter>
<iter>
<kw name="Run Keyword And Return Status" library="BuiltIn">
<var>${isVisible}</var>
<arg>Element Should Be Visible</arg>
<arg>${btn_cookie}</arg>
<doc>Runs the given keyword with given arguments and returns the status as a Boolean value.</doc>
<kw name="Element Should Be Visible" library="SeleniumLibrary">
<arg>${btn_cookie}</arg>
<doc>Verifies that the element identified by ``locator`` is visible.</doc>
<msg timestamp="20230320 12:23:34.617" level="INFO">Element 'xpath://div[@class="cookieButton"]/a' is displayed.</msg>
<status status="PASS" starttime="20230320 12:23:34.606" endtime="20230320 12:23:34.617"/>
</kw>
<msg timestamp="20230320 12:23:34.617" level="INFO">${isVisible} = True</msg>
<status status="PASS" starttime="20230320 12:23:34.606" endtime="20230320 12:23:34.617"/>
</kw>
<status status="PASS" starttime="20230320 12:23:34.606" endtime="20230320 12:23:34.617"/>
</iter>
<iter>
<kw name="Run Keyword And Return Status" library="BuiltIn">
<var>${isVisible}</var>
<arg>Element Should Be Visible</arg>
<arg>${btn_cookie}</arg>
<doc>Runs the given keyword with given arguments and returns the status as a Boolean value.</doc>
<kw name="Element Should Be Visible" library="SeleniumLibrary">
<arg>${btn_cookie}</arg>
<doc>Verifies that the element identified by ``locator`` is visible.</doc>
<msg timestamp="20230320 12:23:34.626" level="INFO">Element 'xpath://div[@class="cookieButton"]/a' is displayed.</msg>
<status status="PASS" starttime="20230320 12:23:34.618" endtime="20230320 12:23:34.626"/>
</kw>
<msg timestamp="20230320 12:23:34.627" level="INFO">${isVisible} = True</msg>
<status status="PASS" starttime="20230320 12:23:34.617" endtime="20230320 12:23:34.627"/>
</kw>
<status status="PASS" starttime="20230320 12:23:34.617" endtime="20230320 12:23:34.627"/>
</iter>
<iter>
<kw name="Run Keyword And Return Status" library="BuiltIn">
<var>${isVisible}</var>
<arg>Element Should Be Visible</arg>
<arg>${btn_cookie}</arg>
<doc>Runs the given keyword with given arguments and returns the status as a Boolean value.</doc>
<kw name="Element Should Be Visible" library="SeleniumLibrary">
<arg>${btn_cookie}</arg>
<doc>Verifies that the element identified by ``locator`` is visible.</doc>
<msg timestamp="20230320 12:23:34.767" level="INFO" html="true">&lt;/td&gt;&lt;/tr&gt;&lt;tr&gt;&lt;td colspan="3"&gt;&lt;a href="selenium-screenshot-1.png"&gt;&lt;img src="selenium-screenshot-1.png" width="800px"&gt;&lt;/a&gt;</msg>
<msg timestamp="20230320 12:23:34.767" level="FAIL">The element 'xpath://div[@class="cookieButton"]/a' should be visible, but it is not.</msg>
<status status="FAIL" starttime="20230320 12:23:34.627" endtime="20230320 12:23:34.769"/>
</kw>
<msg timestamp="20230320 12:23:34.769" level="INFO">${isVisible} = False</msg>
<status status="PASS" starttime="20230320 12:23:34.627" endtime="20230320 12:23:34.769"/>
</kw>
<status status="PASS" starttime="20230320 12:23:34.627" endtime="20230320 12:23:34.770"/>
</iter>
<status status="PASS" starttime="20230320 12:23:33.833" endtime="20230320 12:23:34.770"/>
</while>
<status status="PASS" starttime="20230320 12:23:33.452" endtime="20230320 12:23:34.770"/>
</kw>
<kw name="Clicar no botão Vender" library="home_keyword">
<kw name="Click Element" library="SeleniumLibrary">
<arg>${btn_vender}</arg>
<doc>Click the element identified by ``locator``.</doc>
<msg timestamp="20230320 12:23:34.771" level="INFO">Clicking element 'xpath://a[text()="Vender agora"]'.</msg>
<status status="PASS" starttime="20230320 12:23:34.771" endtime="20230320 12:23:36.012"/>
</kw>
<kw name="Wait Until Element Is Enabled" library="SeleniumLibrary">
<arg>${label_administradora}</arg>
<arg>${GENERAL_TIMEOUT}</arg>
<doc>Waits until the element ``locator`` is enabled.</doc>
<status status="PASS" starttime="20230320 12:23:36.013" endtime="20230320 12:23:36.050"/>
</kw>
<status status="PASS" starttime="20230320 12:23:34.771" endtime="20230320 12:23:36.050"/>
</kw>
<kw name="Selecionar a administradora Itaú" library="cadastro_keyword">
<kw name="Wait Until Element Is Enabled" library="SeleniumLibrary">
<arg>${option_itau}</arg>
<arg>${GENERAL_TIMEOUT}</arg>
<doc>Waits until the element ``locator`` is enabled.</doc>
<status status="PASS" starttime="20230320 12:23:36.051" endtime="20230320 12:23:36.069"/>
</kw>
<kw name="Click Element" library="SeleniumLibrary">
<arg>${option_itau}</arg>
<doc>Click the element identified by ``locator``.</doc>
<msg timestamp="20230320 12:23:36.069" level="INFO">Clicking element 'xpath://option[text()="Itaú"]'.</msg>
<status status="PASS" starttime="20230320 12:23:36.069" endtime="20230320 12:23:36.090"/>
</kw>
<status status="PASS" starttime="20230320 12:23:36.051" endtime="20230320 12:23:36.090"/>
</kw>
<kw name="Avanço para a próxima etapa" library="cadastro_keyword">
<kw name="Wait Until Element Is Enabled" library="SeleniumLibrary">
<arg>${btn_avancar}</arg>
<arg>${GENERAL_TIMEOUT}</arg>
<doc>Waits until the element ``locator`` is enabled.</doc>
<status status="PASS" starttime="20230320 12:23:36.091" endtime="20230320 12:23:36.108"/>
</kw>
<kw name="Click Element" library="SeleniumLibrary">
<arg>${btn_avancar}</arg>
<doc>Click the element identified by ``locator``.</doc>
<msg timestamp="20230320 12:23:36.108" level="INFO">Clicking element 'xpath://input[@value="Avançar"]'.</msg>
<status status="PASS" starttime="20230320 12:23:36.108" endtime="20230320 12:23:38.780"/>
</kw>
<status status="PASS" starttime="20230320 12:23:36.091" endtime="20230320 12:23:38.780"/>
</kw>
<kw name="Clicar na opção de cliente PF" library="cadastro_keyword" sourcename="Clicar na opção de cliente ${TYPE_CLIENT}">
<kw name="Wait Until Element Is Enabled" library="SeleniumLibrary">
<arg>${btn_pf}</arg>
<arg>${GENERAL_TIMEOUT}</arg>
<doc>Waits until the element ``locator`` is enabled.</doc>
<status status="PASS" starttime="20230320 12:23:38.783" endtime="20230320 12:23:38.813"/>
</kw>
<if>
<branch type="IF" condition="'${TYPE_CLIENT}' == 'PF'">
<kw name="Click Element" library="SeleniumLibrary">
<arg>${btn_pf}</arg>
<doc>Click the element identified by ``locator``.</doc>
<msg timestamp="20230320 12:23:38.814" level="INFO">Clicking element 'xpath://label[text()="Pessoa física"]'.</msg>
<status status="PASS" starttime="20230320 12:23:38.814" endtime="20230320 12:23:38.863"/>
</kw>
<status status="PASS" starttime="20230320 12:23:38.813" endtime="20230320 12:23:38.863"/>
</branch>
<branch type="ELSE">
<kw name="Click Element" library="SeleniumLibrary">
<arg>${btn_pj}</arg>
<doc>Click the element identified by ``locator``.</doc>
<status status="NOT RUN" starttime="20230320 12:23:38.863" endtime="20230320 12:23:38.863"/>
</kw>
<status status="NOT RUN" starttime="20230320 12:23:38.863" endtime="20230320 12:23:38.863"/>
</branch>
<status status="PASS" starttime="20230320 12:23:38.813" endtime="20230320 12:23:38.863"/>
</if>
<status status="PASS" starttime="20230320 12:23:38.782" endtime="20230320 12:23:38.863"/>
</kw>
<kw name="Informar os dados do usuário PF" library="cadastro_keyword" sourcename="Informar os dados do usuário ${TYPE_CLIENT}">
<kw name="Wait Until Element Is Enabled" library="SeleniumLibrary">
<arg>${fld_name}</arg>
<arg>${GENERAL_TIMEOUT}</arg>
<doc>Waits until the element ``locator`` is enabled.</doc>
<status status="PASS" starttime="20230320 12:23:38.864" endtime="20230320 12:23:38.889"/>
</kw>
<kw name="Gerar nome aleatório" library="accounts">
<var>${NAME}</var>
<kw name="Name" library="FakerLibrary">
<var>${NAME}</var>
<doc>:example 'John Doe'</doc>
<msg timestamp="20230320 12:23:38.889" level="INFO">${NAME} = Rodrigo Porto</msg>
<status status="PASS" starttime="20230320 12:23:38.889" endtime="20230320 12:23:38.889"/>
</kw>
<msg timestamp="20230320 12:23:38.889" level="INFO">${NAME} = Rodrigo Porto</msg>
<status status="PASS" starttime="20230320 12:23:38.889" endtime="20230320 12:23:38.889"/>
</kw>
<kw name="Gerar cpf aleatório" library="accounts">
<var>${CPF}</var>
<kw name="Cpf" library="FakerLibrary">
<var>${CPF}</var>
<msg timestamp="20230320 12:23:38.890" level="INFO">${CPF} = 075.286.134-44</msg>
<status status="PASS" starttime="20230320 12:23:38.890" endtime="20230320 12:23:38.890"/>
</kw>
<msg timestamp="20230320 12:23:38.890" level="INFO">${CPF} = 075.286.134-44</msg>
<status status="PASS" starttime="20230320 12:23:38.890" endtime="20230320 12:23:38.890"/>
</kw>
<kw name="Gerar cnpj aleatório" library="accounts">
<var>${CNPJ}</var>
<kw name="Cnpj" library="FakerLibrary">
<var>${CNPJ}</var>
<msg timestamp="20230320 12:23:38.890" level="INFO">${CNPJ} = 69.274.518/0001-10</msg>
<status status="PASS" starttime="20230320 12:23:38.890" endtime="20230320 12:23:38.890"/>
</kw>
<msg timestamp="20230320 12:23:38.890" level="INFO">${CNPJ} = 69.274.518/0001-10</msg>
<status status="PASS" starttime="20230320 12:23:38.890" endtime="20230320 12:23:38.890"/>
</kw>
<kw name="Gerar email aleatório" library="accounts">
<var>${EMAIL}</var>
<kw name="Email" library="FakerLibrary">
<var>${EMAIL}</var>
<msg timestamp="20230320 12:23:38.890" level="INFO">${EMAIL} = almeidapedro@example.net</msg>
<status status="PASS" starttime="20230320 12:23:38.890" endtime="20230320 12:23:38.890"/>
</kw>
<msg timestamp="20230320 12:23:38.890" level="INFO">${EMAIL} = almeidapedro@example.net</msg>
<status status="PASS" starttime="20230320 12:23:38.890" endtime="20230320 12:23:38.890"/>
</kw>
<kw name="Input Text" library="SeleniumLibrary">
<arg>${fld_name}</arg>
<arg>${NAME}</arg>
<doc>Types the given ``text`` into the text field identified by ``locator``.</doc>
<msg timestamp="20230320 12:23:38.891" level="INFO">Typing text 'Rodrigo Porto' into text field 'id:customer_name'.</msg>
<status status="PASS" starttime="20230320 12:23:38.891" endtime="20230320 12:23:38.957"/>
</kw>
<if>
<branch type="IF" condition="'${TYPE_CLIENT}' == 'PF'">
<kw name="Input Text" library="SeleniumLibrary">
<arg>${fld_cpf}</arg>
<arg>${CPF}</arg>
<doc>Types the given ``text`` into the text field identified by ``locator``.</doc>
<msg timestamp="20230320 12:23:38.958" level="INFO">Typing text '075.286.134-44' into text field 'id:customer_cpf'.</msg>
<status status="PASS" starttime="20230320 12:23:38.957" endtime="20230320 12:23:39.023"/>
</kw>
<status status="PASS" starttime="20230320 12:23:38.957" endtime="20230320 12:23:39.024"/>
</branch>
<branch type="ELSE">
<kw name="Input Text" library="SeleniumLibrary">
<arg>${fld_cnpj}</arg>
<arg>${CNPJ}</arg>
<doc>Types the given ``text`` into the text field identified by ``locator``.</doc>
<status status="NOT RUN" starttime="20230320 12:23:39.024" endtime="20230320 12:23:39.024"/>
</kw>
<status status="NOT RUN" starttime="20230320 12:23:39.024" endtime="20230320 12:23:39.024"/>
</branch>
<status status="PASS" starttime="20230320 12:23:38.957" endtime="20230320 12:23:39.024"/>
</if>
<kw name="Input Text" library="SeleniumLibrary">
<arg>${fld_email}</arg>
<arg>${EMAIL}</arg>
<doc>Types the given ``text`` into the text field identified by ``locator``.</doc>
<msg timestamp="20230320 12:23:39.024" level="INFO">Typing text 'almeidapedro@example.net' into text field 'id:customer_email'.</msg>
<status status="PASS" starttime="20230320 12:23:39.024" endtime="20230320 12:23:39.113"/>
</kw>
<kw name="Input Text" library="SeleniumLibrary">
<arg>${fld_numberCel}</arg>
<arg>11954507555</arg>
<doc>Types the given ``text`` into the text field identified by ``locator``.</doc>
<msg timestamp="20230320 12:23:39.113" level="INFO">Typing text '11954507555' into text field 'id:customer_phones_attributes_0_identifier'.</msg>
<status status="PASS" starttime="20230320 12:23:39.113" endtime="20230320 12:23:39.175"/>
</kw>
<status status="PASS" starttime="20230320 12:23:38.864" endtime="20230320 12:23:39.175"/>
</kw>
<kw name="Avanço para a próxima etapa" library="cadastro_keyword">
<kw name="Wait Until Element Is Enabled" library="SeleniumLibrary">
<arg>${btn_avancar}</arg>
<arg>${GENERAL_TIMEOUT}</arg>
<doc>Waits until the element ``locator`` is enabled.</doc>
<status status="PASS" starttime="20230320 12:23:39.175" endtime="20230320 12:23:39.191"/>
</kw>
<kw name="Click Element" library="SeleniumLibrary">
<arg>${btn_avancar}</arg>
<doc>Click the element identified by ``locator``.</doc>
<msg timestamp="20230320 12:23:39.191" level="INFO">Clicking element 'xpath://input[@value="Avançar"]'.</msg>
<status status="PASS" starttime="20230320 12:23:39.191" endtime="20230320 12:23:40.848"/>
</kw>
<status status="PASS" starttime="20230320 12:23:39.175" endtime="20230320 12:23:40.848"/>
</kw>
<kw name="Informo os dados da minha cota contemplada" library="cadastro_keyword">
<kw name="Wait Until Element Is Visible" library="SeleniumLibrary">
<arg>${fld_group}</arg>
<arg>${GENERAL_TIMEOUT}</arg>
<doc>Waits until the element ``locator`` is visible.</doc>
<status status="PASS" starttime="20230320 12:23:40.853" endtime="20230320 12:23:40.872"/>
</kw>
<kw name="Input Text" library="SeleniumLibrary">
<arg>${fld_group}</arg>
<arg>8596</arg>
<doc>Types the given ``text`` into the text field identified by ``locator``.</doc>
<msg timestamp="20230320 12:23:40.873" level="INFO">Typing text '8596' into text field 'id:optin_group'.</msg>
<status status="PASS" starttime="20230320 12:23:40.872" endtime="20230320 12:23:40.922"/>
</kw>
<kw name="Input Text" library="SeleniumLibrary">
<arg>${fld_numberQuota}</arg>
<arg>2351</arg>
<doc>Types the given ``text`` into the text field identified by ``locator``.</doc>
<msg timestamp="20230320 12:23:40.923" level="INFO">Typing text '2351' into text field 'id:optin_number'.</msg>
<status status="PASS" starttime="20230320 12:23:40.922" endtime="20230320 12:23:40.980"/>
</kw>
<kw name="Click Element" library="SeleniumLibrary">
<arg>${label_quotaContemplada}</arg>
<doc>Click the element identified by ``locator``.</doc>
<msg timestamp="20230320 12:23:40.981" level="INFO">Clicking element 'xpath://option[text()="Contemplada"]'.</msg>
<status status="PASS" starttime="20230320 12:23:40.981" endtime="20230320 12:23:41.006"/>
</kw>
<status status="PASS" starttime="20230320 12:23:40.853" endtime="20230320 12:23:41.006"/>
</kw>
<kw name="Avanço para a próxima etapa" library="cadastro_keyword">
<kw name="Wait Until Element Is Enabled" library="SeleniumLibrary">
<arg>${btn_avancar}</arg>
<arg>${GENERAL_TIMEOUT}</arg>
<doc>Waits until the element ``locator`` is enabled.</doc>
<status status="PASS" starttime="20230320 12:23:41.007" endtime="20230320 12:23:41.029"/>
</kw>
<kw name="Click Element" library="SeleniumLibrary">
<arg>${btn_avancar}</arg>
<doc>Click the element identified by ``locator``.</doc>
<msg timestamp="20230320 12:23:41.029" level="INFO">Clicking element 'xpath://input[@value="Avançar"]'.</msg>
<status status="PASS" starttime="20230320 12:23:41.029" endtime="20230320 12:23:42.439"/>
</kw>
<status status="PASS" starttime="20230320 12:23:41.007" endtime="20230320 12:23:42.439"/>
</kw>
<kw name="Informo minha senha de cadastro" library="cadastro_keyword">
<kw name="Wait Until Element Is Enabled" library="SeleniumLibrary">
<arg>${fld_password}</arg>
<arg>${GENERAL_TIMEOUT}</arg>
<doc>Waits until the element ``locator`` is enabled.</doc>
<status status="PASS" starttime="20230320 12:23:42.440" endtime="20230320 12:23:42.470"/>
</kw>
<kw name="Input Text" library="SeleniumLibrary">
<arg>${fld_password}</arg>
<arg>Test@123</arg>
<doc>Types the given ``text`` into the text field identified by ``locator``.</doc>
<msg timestamp="20230320 12:23:42.470" level="INFO">Typing text 'Test@123' into text field 'id:customer_password'.</msg>
<status status="PASS" starttime="20230320 12:23:42.470" endtime="20230320 12:23:42.541"/>
</kw>
<kw name="Input Text" library="SeleniumLibrary">
<arg>${fld_confirmPassword}</arg>
<arg>Test@123</arg>
<doc>Types the given ``text`` into the text field identified by ``locator``.</doc>
<msg timestamp="20230320 12:23:42.541" level="INFO">Typing text 'Test@123' into text field 'id:customer_password_confirmation'.</msg>
<status status="PASS" starttime="20230320 12:23:42.541" endtime="20230320 12:23:42.606"/>
</kw>
<kw name="Click Element" library="SeleniumLibrary">
<arg>${check_termos}</arg>
<doc>Click the element identified by ``locator``.</doc>
<msg timestamp="20230320 12:23:42.606" level="INFO">Clicking element 'xpath://label[@for="customer_terms"]/span'.</msg>
<status status="PASS" starttime="20230320 12:23:42.606" endtime="20230320 12:23:42.658"/>
</kw>
<status status="PASS" starttime="20230320 12:23:42.440" endtime="20230320 12:23:42.659"/>
</kw>
<kw name="Confirmo o cadastro" library="cadastro_keyword">
<kw name="Click Element" library="SeleniumLibrary">
<arg>${btn_create}</arg>
<doc>Click the element identified by ``locator``.</doc>
<msg timestamp="20230320 12:23:42.660" level="INFO">Clicking element 'xpath://input[@value="Criar conta"]'.</msg>
<status status="PASS" starttime="20230320 12:23:42.660" endtime="20230320 12:23:44.182"/>
</kw>
<status status="PASS" starttime="20230320 12:23:42.659" endtime="20230320 12:23:44.182"/>
</kw>
<kw name="Conta criada com sucesso" library="cadastro_keyword">
<kw name="Wait Until Element Is Enabled" library="SeleniumLibrary">
<arg>${alert_confirmCreateAccount}</arg>
<arg>${GENERAL_TIMEOUT}</arg>
<doc>Waits until the element ``locator`` is enabled.</doc>
<status status="PASS" starttime="20230320 12:23:44.184" endtime="20230320 12:23:44.237"/>
</kw>
<kw name="Element Should Contain" library="SeleniumLibrary">
<arg>${alert_confirmCreateAccount}</arg>
<arg>Enviamos um email para</arg>
<doc>Verifies that element ``locator`` contains text ``expected``.</doc>
<msg timestamp="20230320 12:23:44.262" level="INFO">Element 'xpath://figure[@class="confirmation-screen"]' contains text 'Enviamos um email para'.</msg>
<status status="PASS" starttime="20230320 12:23:44.237" endtime="20230320 12:23:44.262"/>
</kw>
<kw name="Element Should Contain" library="SeleniumLibrary">
<arg>${alert_confirmCreateAccount}</arg>
<arg>com instruções para confirmar a sua conta. Após a confirmação você pode acessar sua conta usando a senha cadastrada.</arg>
<doc>Verifies that element ``locator`` contains text ``expected``.</doc>
<msg timestamp="20230320 12:23:44.275" level="INFO">Element 'xpath://figure[@class="confirmation-screen"]' contains text 'com instruções para confirmar a sua conta. Após a confirmação você pode acessar sua conta usando a senha cadastrada.'.</msg>
<status status="PASS" starttime="20230320 12:23:44.262" endtime="20230320 12:23:44.275"/>
</kw>
<status status="PASS" starttime="20230320 12:23:44.183" endtime="20230320 12:23:44.275"/>
</kw>
<kw name="Fechar Navegador" library="generals" type="TEARDOWN">
<kw name="Close Browser" library="SeleniumLibrary">
<doc>Closes the current browser.</doc>
<status status="PASS" starttime="20230320 12:23:44.276" endtime="20230320 12:23:46.791"/>
</kw>
<status status="PASS" starttime="20230320 12:23:44.276" endtime="20230320 12:23:46.792"/>
</kw>
<tag>bpm</tag>
<tag>cadastro</tag>
<tag>front-end</tag>
<tag>regressivo</tag>
<tag>teste</tag>
<tag>web</tag>
<status status="PASS" starttime="20230320 12:23:29.501" endtime="20230320 12:23:46.793"/>
</test>
<test id="s1-s1-s1-s1-s1-s1-t2" name="Cenário 2: Cadastrar usuario PJ" line="24">
<kw name="Abrir Navegador" library="generals" type="SETUP">
<kw name="Setup Screenshots" library="utils">
<kw name="Set Test Variable" library="BuiltIn">
<arg>${number}</arg>
<arg>1</arg>
<doc>Makes a variable available everywhere within the scope of the current test.</doc>
<msg timestamp="20230320 12:23:46.801" level="INFO">${number} = 1</msg>
<status status="PASS" starttime="20230320 12:23:46.799" endtime="20230320 12:23:46.801"/>
</kw>
<kw name="File Exists" library="file">
<var>${fileExists}</var>
<arg>selenium-screenshot-${number}.png</arg>
<msg timestamp="20230320 12:23:46.801" level="INFO">${fileExists} = True</msg>
<status status="PASS" starttime="20230320 12:23:46.801" endtime="20230320 12:23:46.801"/>
</kw>
<while condition="${fileExists} == True">
<iter>
<kw name="Remove File" library="OperatingSystem">
<arg>selenium-screenshot-${number}.png</arg>
<doc>Removes a file with the given path.</doc>
<msg timestamp="20230320 12:23:46.804" level="INFO" html="true">Removed file '&lt;a href="file://C:\Users\george.paes_bazardoc\Documents\GitHub\automationQA\selenium-screenshot-1.png"&gt;C:\Users\george.paes_bazardoc\Documents\GitHub\automationQA\selenium-screenshot-1.png&lt;/a&gt;'.</msg>
<status status="PASS" starttime="20230320 12:23:46.802" endtime="20230320 12:23:46.804"/>
</kw>
<kw name="Evaluate" library="BuiltIn">
<var>${number}</var>
<arg>${number}+1</arg>
<doc>Evaluates the given expression in Python and returns the result.</doc>
<msg timestamp="20230320 12:23:46.804" level="INFO">${number} = 2</msg>
<status status="PASS" starttime="20230320 12:23:46.804" endtime="20230320 12:23:46.804"/>
</kw>
<kw name="File Exists" library="file">
<var>${fileExists}</var>
<arg>selenium-screenshot-${number}.png</arg>
<msg timestamp="20230320 12:23:46.805" level="INFO">${fileExists} = False</msg>
<status status="PASS" starttime="20230320 12:23:46.804" endtime="20230320 12:23:46.805"/>
</kw>
<status status="PASS" starttime="20230320 12:23:46.801" endtime="20230320 12:23:46.805"/>
</iter>
<status status="PASS" starttime="20230320 12:23:46.801" endtime="20230320 12:23:46.805"/>
</while>
<status status="PASS" starttime="20230320 12:23:46.798" endtime="20230320 12:23:46.805"/>
</kw>
<kw name="Open Browser" library="SeleniumLibrary">
<arg>browser=gc</arg>
<doc>Opens a new browser instance to the optional ``url``.</doc>
<msg timestamp="20230320 12:23:46.805" level="INFO">Opening browser 'gc' to base url 'None'.</msg>
<status status="PASS" starttime="20230320 12:23:46.805" endtime="20230320 12:23:48.020"/>
</kw>
<status status="PASS" starttime="20230320 12:23:46.798" endtime="20230320 12:23:48.020"/>
</kw>
<kw name="Acesso a url do BPM" library="home_keyword">
<kw name="Go To" library="SeleniumLibrary">
<arg>${BASE_URL}</arg>
<doc>Navigates the current browser window to the provided ``url``.</doc>
<msg timestamp="20230320 12:23:48.022" level="INFO">Opening url 'https://staging.bazardoconsorcio.com.br/'</msg>
<status status="PASS" starttime="20230320 12:23:48.022" endtime="20230320 12:23:50.067"/>
</kw>
<kw name="Wait Until Element Is Enabled" library="SeleniumLibrary">
<arg>${btn_vender}</arg>
<arg>${GENERAL_TIMEOUT}</arg>
<doc>Waits until the element ``locator`` is enabled.</doc>
<status status="PASS" starttime="20230320 12:23:50.067" endtime="20230320 12:23:50.100"/>
</kw>
<status status="PASS" starttime="20230320 12:23:48.020" endtime="20230320 12:23:50.100"/>
</kw>
<kw name="Aceita termos de utilização de cookies" library="cadastro_keyword">
<kw name="Run Keyword And Return Status" library="BuiltIn">
<var>${isVisible}</var>
<arg>Element Should Be Visible</arg>
<arg>${btn_cookie}</arg>
<doc>Runs the given keyword with given arguments and returns the status as a Boolean value.</doc>
<kw name="Element Should Be Visible" library="SeleniumLibrary">
<arg>${btn_cookie}</arg>
<doc>Verifies that the element identified by ``locator`` is visible.</doc>
<msg timestamp="20230320 12:23:50.121" level="INFO">Element 'xpath://div[@class="cookieButton"]/a' is displayed.</msg>
<status status="PASS" starttime="20230320 12:23:50.101" endtime="20230320 12:23:50.121"/>
</kw>
<msg timestamp="20230320 12:23:50.121" level="INFO">${isVisible} = True</msg>
<status status="PASS" starttime="20230320 12:23:50.101" endtime="20230320 12:23:50.121"/>
</kw>
<while condition="${isVisible} == False">
<iter>
<kw name="Run Keyword And Return Status" library="BuiltIn">
<var>${isVisible}</var>
<arg>Element Should Be Visible</arg>
<arg>${btn_cookie}</arg>
<doc>Runs the given keyword with given arguments and returns the status as a Boolean value.</doc>
<status status="NOT RUN" starttime="20230320 12:23:50.121" endtime="20230320 12:23:50.121"/>
</kw>
<status status="NOT RUN" starttime="20230320 12:23:50.121" endtime="20230320 12:23:50.121"/>
</iter>
<status status="NOT RUN" starttime="20230320 12:23:50.121" endtime="20230320 12:23:50.121"/>
</while>
<kw name="Double Click Element" library="SeleniumLibrary">
<arg>${btn_cookie}</arg>
<doc>Double clicks the element identified by ``locator``.</doc>
<msg timestamp="20230320 12:23:50.122" level="INFO">Double clicking element 'xpath://div[@class="cookieButton"]/a'.</msg>
<status status="PASS" starttime="20230320 12:23:50.121" endtime="20230320 12:23:50.487"/>
</kw>
<while condition="${isVisible} == True">
<iter>
<kw name="Run Keyword And Return Status" library="BuiltIn">
<var>${isVisible}</var>
<arg>Element Should Be Visible</arg>
<arg>${btn_cookie}</arg>
<doc>Runs the given keyword with given arguments and returns the status as a Boolean value.</doc>
<kw name="Element Should Be Visible" library="SeleniumLibrary">
<arg>${btn_cookie}</arg>
<doc>Verifies that the element identified by ``locator`` is visible.</doc>
<msg timestamp="20230320 12:23:50.525" level="INFO">Element 'xpath://div[@class="cookieButton"]/a' is displayed.</msg>
<status status="PASS" starttime="20230320 12:23:50.487" endtime="20230320 12:23:50.525"/>
</kw>
<msg timestamp="20230320 12:23:50.525" level="INFO">${isVisible} = True</msg>
<status status="PASS" starttime="20230320 12:23:50.487" endtime="20230320 12:23:50.525"/>
</kw>
<status status="PASS" starttime="20230320 12:23:50.487" endtime="20230320 12:23:50.525"/>
</iter>
<iter>
<kw name="Run Keyword And Return Status" library="BuiltIn">
[...]
<status status="PASS" starttime="20230320 12:24:15.714" endtime="20230320 12:24:15.717"/>
</kw>
<kw name="File Exists" library="file">
<var>${fileExists}</var>
<arg>selenium-screenshot-${number}.png</arg>
<msg timestamp="20230320 12:24:15.718" level="INFO">${fileExists} = False</msg>
<status status="PASS" starttime="20230320 12:24:15.717" endtime="20230320 12:24:15.718"/>
</kw>
<while condition="${fileExists} == True">
<iter>
<kw name="Remove File" library="OperatingSystem">
<arg>selenium-screenshot-${number}.png</arg>
<doc>Removes a file with the given path.</doc>
<status status="NOT RUN" starttime="20230320 12:24:15.719" endtime="20230320 12:24:15.719"/>
</kw>
<kw name="Evaluate" library="BuiltIn">
<var>${number}</var>
<arg>${number}+1</arg>
<doc>Evaluates the given expression in Python and returns the result.</doc>
<status status="NOT RUN" starttime="20230320 12:24:15.719" endtime="20230320 12:24:15.719"/>
</kw>
<kw name="File Exists" library="file">
<var>${fileExists}</var>
<arg>selenium-screenshot-${number}.png</arg>
<status status="NOT RUN" starttime="20230320 12:24:15.719" endtime="20230320 12:24:15.719"/>
</kw>
<status status="NOT RUN" starttime="20230320 12:24:15.718" endtime="20230320 12:24:15.719"/>
</iter>
<status status="NOT RUN" starttime="20230320 12:24:15.718" endtime="20230320 12:24:15.719"/>
</while>
<status status="PASS" starttime="20230320 12:24:15.713" endtime="20230320 12:24:15.720"/>
</kw>
<kw name="Open Browser" library="SeleniumLibrary">
<arg>browser=gc</arg>
<doc>Opens a new browser instance to the optional ``url``.</doc>
<msg timestamp="20230320 12:24:15.720" level="INFO">Opening browser 'gc' to base url 'None'.</msg>
<status status="PASS" starttime="20230320 12:24:15.720" endtime="20230320 12:24:16.965"/>
</kw>
<status status="PASS" starttime="20230320 12:24:15.713" endtime="20230320 12:24:16.966"/>
</kw>
<kw name="Acesso a url do BPM" library="home_keyword">
<kw name="Go To" library="SeleniumLibrary">
<arg>${BASE_URL}</arg>
<doc>Navigates the current browser window to the provided ``url``.</doc>
<msg timestamp="20230320 12:24:16.966" level="INFO">Opening url 'https://staging.bazardoconsorcio.com.br/'</msg>
<status status="PASS" starttime="20230320 12:24:16.966" endtime="20230320 12:24:19.801"/>
</kw>
<kw name="Wait Until Element Is Enabled" library="SeleniumLibrary">
<arg>${btn_vender}</arg>
<arg>${GENERAL_TIMEOUT}</arg>
<doc>Waits until the element ``locator`` is enabled.</doc>
<status status="PASS" starttime="20230320 12:24:19.801" endtime="20230320 12:24:19.832"/>
</kw>
<status status="PASS" starttime="20230320 12:24:16.966" endtime="20230320 12:24:19.832"/>
</kw>
<kw name="Clicar no botão Entrar" library="home_keyword">
<kw name="Click Element" library="SeleniumLibrary">
<arg>${btn_entrar}</arg>
<doc>Click the element identified by ``locator``.</doc>
<msg timestamp="20230320 12:24:19.833" level="INFO">Clicking element 'xpath://a[@href='/select/login']'.</msg>
<status status="PASS" starttime="20230320 12:24:19.833" endtime="20230320 12:24:19.917"/>
</kw>
<kw name="Wait Until Element Is Enabled" library="SeleniumLibrary">
<arg>${opc_outrasAdms}</arg>
<arg>${GENERAL_TIMEOUT}</arg>
<doc>Waits until the element ``locator`` is enabled.</doc>
<status status="PASS" starttime="20230320 12:24:19.917" endtime="20230320 12:24:20.175"/>
</kw>
<status status="PASS" starttime="20230320 12:24:19.833" endtime="20230320 12:24:20.175"/>
</kw>
<kw name="Clicar na administradora OutrasAdms" library="login_keyword" sourcename="Clicar na administradora ${BANK}">
<kw name="Wait Until Element Is Enabled" library="SeleniumLibrary">
<arg>${opc_outrasAdms}</arg>
<arg>${GENERAL_TIMEOUT}</arg>
<doc>Waits until the element ``locator`` is enabled.</doc>
<status status="PASS" starttime="20230320 12:24:20.177" endtime="20230320 12:24:20.195"/>
</kw>
<if>
<branch type="IF" condition="'${BANK}' == 'Itaú'">
<kw name="Double Click Element" library="SeleniumLibrary">
<arg>${opc_itau}</arg>
<doc>Double clicks the element identified by ``locator``.</doc>
<status status="NOT RUN" starttime="20230320 12:24:20.195" endtime="20230320 12:24:20.195"/>
</kw>
<status status="NOT RUN" starttime="20230320 12:24:20.195" endtime="20230320 12:24:20.195"/>
</branch>
<branch type="ELSE">
<kw name="Double Click Element" library="SeleniumLibrary">
<arg>${opc_outrasAdms}</arg>
<doc>Double clicks the element identified by ``locator``.</doc>
<msg timestamp="20230320 12:24:20.196" level="INFO">Double clicking element 'xpath://main/div/a[1]'.</msg>
<status status="PASS" starttime="20230320 12:24:20.195" endtime="20230320 12:24:20.520"/>
</kw>
<status status="PASS" starttime="20230320 12:24:20.195" endtime="20230320 12:24:20.520"/>
</branch>
<status status="PASS" starttime="20230320 12:24:20.195" endtime="20230320 12:24:20.520"/>
</if>
<status status="PASS" starttime="20230320 12:24:20.177" endtime="20230320 12:24:20.520"/>
</kw>
<kw name="Efetuar o login do usuário" library="login_keyword">
<kw name="Wait Until Element Is Enabled" library="SeleniumLibrary">
<arg>${login_email}</arg>
<arg>${GENERAL_TIMEOUT}</arg>
<doc>Waits until the element ``locator`` is enabled.</doc>
<status status="PASS" starttime="20230320 12:24:20.520" endtime="20230320 12:24:21.375"/>
</kw>
<kw name="Input Text" library="SeleniumLibrary">
<arg>${login_email}</arg>
<arg>${LOGIN}</arg>
<doc>Types the given ``text`` into the text field identified by ``locator``.</doc>
<msg timestamp="20230320 12:24:21.375" level="INFO">Typing text 'george.paes@bazardoconsorcio.com.br' into text field 'id:customer_email'.</msg>
<status status="PASS" starttime="20230320 12:24:21.375" endtime="20230320 12:24:21.460"/>
</kw>
<kw name="Input Text" library="SeleniumLibrary">
<arg>${login_password}</arg>
<arg>${PASSWORD}</arg>
<doc>Types the given ``text`` into the text field identified by ``locator``.</doc>
<msg timestamp="20230320 12:24:21.461" level="INFO">Typing text 'Teste@123' into text field 'id:customer_password'.</msg>
<status status="PASS" starttime="20230320 12:24:21.461" endtime="20230320 12:24:21.524"/>
</kw>
<kw name="Click Element" library="SeleniumLibrary">
<arg>${btn_logar}</arg>
<doc>Click the element identified by ``locator``.</doc>
<msg timestamp="20230320 12:24:21.525" level="INFO">Clicking element 'xpath://input[@data-disable-with='Entrar']'.</msg>
<status status="PASS" starttime="20230320 12:24:21.524" endtime="20230320 12:24:23.576"/>
</kw>
<status status="PASS" starttime="20230320 12:24:20.520" endtime="20230320 12:24:23.577"/>
</kw>
<kw name="Login é efetuado com sucesso" library="login_keyword">
<kw name="Wait Until Element Is Enabled" library="SeleniumLibrary">
<arg>${label_boasvindas}</arg>
<arg>${GENERAL_TIMEOUT}</arg>
<doc>Waits until the element ``locator`` is enabled.</doc>
<status status="PASS" starttime="20230320 12:24:23.579" endtime="20230320 12:24:23.622"/>
</kw>
<kw name="Element Should Contain" library="SeleniumLibrary">
<arg>${label_boasvindas}</arg>
<arg>Boas-vindas, Teste</arg>
<doc>Verifies that element ``locator`` contains text ``expected``.</doc>
<msg timestamp="20230320 12:24:23.638" level="INFO">Element 'xpath://main/header' contains text 'Boas-vindas, Teste'.</msg>
<status status="PASS" starttime="20230320 12:24:23.622" endtime="20230320 12:24:23.638"/>
</kw>
<status status="PASS" starttime="20230320 12:24:23.579" endtime="20230320 12:24:23.638"/>
</kw>
<kw name="Fechar Navegador" library="generals" type="TEARDOWN">
<kw name="Close Browser" library="SeleniumLibrary">
<doc>Closes the current browser.</doc>
<status status="PASS" starttime="20230320 12:24:23.639" endtime="20230320 12:24:26.284"/>
</kw>
<status status="PASS" starttime="20230320 12:24:23.639" endtime="20230320 12:24:26.284"/>
</kw>
<tag>bpm</tag>
<tag>front-end</tag>
<tag>login</tag>
<tag>regressivo</tag>
<tag>web</tag>
<status status="PASS" starttime="20230320 12:24:15.712" endtime="20230320 12:24:26.285"/>
</test>
<test id="s1-s1-s1-s1-s1-s2-t3" name="Cenário 3: Efetuar Logout" line="26">
<kw name="Abrir Navegador" library="generals" type="SETUP">
<kw name="Setup Screenshots" library="utils">
<kw name="Set Test Variable" library="BuiltIn">
<arg>${number}</arg>
<arg>1</arg>
<doc>Makes a variable available everywhere within the scope of the current test.</doc>
<msg timestamp="20230320 12:24:26.289" level="INFO">${number} = 1</msg>
<status status="PASS" starttime="20230320 12:24:26.288" endtime="20230320 12:24:26.289"/>
</kw>
<kw name="File Exists" library="file">
<var>${fileExists}</var>
<arg>selenium-screenshot-${number}.png</arg>
<msg timestamp="20230320 12:24:26.289" level="INFO">${fileExists} = False</msg>
<status status="PASS" starttime="20230320 12:24:26.289" endtime="20230320 12:24:26.289"/>
</kw>
<while condition="${fileExists} == True">
<iter>
<kw name="Remove File" library="OperatingSystem">
<arg>selenium-screenshot-${number}.png</arg>
<doc>Removes a file with the given path.</doc>
<status status="NOT RUN" starttime="20230320 12:24:26.289" endtime="20230320 12:24:26.290"/>
</kw>
<kw name="Evaluate" library="BuiltIn">
<var>${number}</var>
<arg>${number}+1</arg>
<doc>Evaluates the given expression in Python and returns the result.</doc>
<status status="NOT RUN" starttime="20230320 12:24:26.290" endtime="20230320 12:24:26.290"/>
</kw>
<kw name="File Exists" library="file">
<var>${fileExists}</var>
<arg>selenium-screenshot-${number}.png</arg>
<status status="NOT RUN" starttime="20230320 12:24:26.290" endtime="20230320 12:24:26.290"/>
</kw>
<status status="NOT RUN" starttime="20230320 12:24:26.289" endtime="20230320 12:24:26.290"/>
</iter>
<status status="NOT RUN" starttime="20230320 12:24:26.289" endtime="20230320 12:24:26.290"/>
</while>
<status status="PASS" starttime="20230320 12:24:26.288" endtime="20230320 12:24:26.290"/>
</kw>
<kw name="Open Browser" library="SeleniumLibrary">
<arg>browser=gc</arg>
<doc>Opens a new browser instance to the optional ``url``.</doc>
<msg timestamp="20230320 12:24:26.290" level="INFO">Opening browser 'gc' to base url 'None'.</msg>
<status status="PASS" starttime="20230320 12:24:26.290" endtime="20230320 12:24:28.429"/>
</kw>
<status status="PASS" starttime="20230320 12:24:26.287" endtime="20230320 12:24:28.430"/>
</kw>
<kw name="Acesso a url do BPM" library="home_keyword">
<kw name="Go To" library="SeleniumLibrary">
<arg>${BASE_URL}</arg>
<doc>Navigates the current browser window to the provided ``url``.</doc>
<msg timestamp="20230320 12:24:28.430" level="INFO">Opening url 'https://staging.bazardoconsorcio.com.br/'</msg>
<status status="PASS" starttime="20230320 12:24:28.430" endtime="20230320 12:24:30.459"/>
</kw>
<kw name="Wait Until Element Is Enabled" library="SeleniumLibrary">
<arg>${btn_vender}</arg>
<arg>${GENERAL_TIMEOUT}</arg>
<doc>Waits until the element ``locator`` is enabled.</doc>
<status status="PASS" starttime="20230320 12:24:30.459" endtime="20230320 12:24:30.488"/>
</kw>
<status status="PASS" starttime="20230320 12:24:28.430" endtime="20230320 12:24:30.488"/>
</kw>
<kw name="Clicar no botão Entrar" library="home_keyword">
<kw name="Click Element" library="SeleniumLibrary">
<arg>${btn_entrar}</arg>
<doc>Click the element identified by ``locator``.</doc>
<msg timestamp="20230320 12:24:30.490" level="INFO">Clicking element 'xpath://a[@href='/select/login']'.</msg>
<status status="PASS" starttime="20230320 12:24:30.489" endtime="20230320 12:24:30.558"/>
</kw>
<kw name="Wait Until Element Is Enabled" library="SeleniumLibrary">
<arg>${opc_outrasAdms}</arg>
<arg>${GENERAL_TIMEOUT}</arg>
<doc>Waits until the element ``locator`` is enabled.</doc>
<status status="PASS" starttime="20230320 12:24:30.558" endtime="20230320 12:24:30.800"/>
</kw>
<status status="PASS" starttime="20230320 12:24:30.489" endtime="20230320 12:24:30.800"/>
</kw>
<kw name="Clicar na administradora OutrasAdms" library="login_keyword" sourcename="Clicar na administradora ${BANK}">
<kw name="Wait Until Element Is Enabled" library="SeleniumLibrary">
<arg>${opc_outrasAdms}</arg>
<arg>${GENERAL_TIMEOUT}</arg>
<doc>Waits until the element ``locator`` is enabled.</doc>
<status status="PASS" starttime="20230320 12:24:30.801" endtime="20230320 12:24:30.817"/>
</kw>
<if>
<branch type="IF" condition="'${BANK}' == 'Itaú'">
<kw name="Double Click Element" library="SeleniumLibrary">
<arg>${opc_itau}</arg>
<doc>Double clicks the element identified by ``locator``.</doc>
<status status="NOT RUN" starttime="20230320 12:24:30.817" endtime="20230320 12:24:30.818"/>
</kw>
<status status="NOT RUN" starttime="20230320 12:24:30.817" endtime="20230320 12:24:30.818"/>
</branch>
<branch type="ELSE">
<kw name="Double Click Element" library="SeleniumLibrary">
<arg>${opc_outrasAdms}</arg>
<doc>Double clicks the element identified by ``locator``.</doc>
<msg timestamp="20230320 12:24:30.819" level="INFO">Double clicking element 'xpath://main/div/a[1]'.</msg>
<status status="PASS" starttime="20230320 12:24:30.818" endtime="20230320 12:24:31.139"/>
</kw>
<status status="PASS" starttime="20230320 12:24:30.818" endtime="20230320 12:24:31.140"/>
</branch>
<status status="PASS" starttime="20230320 12:24:30.817" endtime="20230320 12:24:31.140"/>
</if>
<status status="PASS" starttime="20230320 12:24:30.800" endtime="20230320 12:24:31.140"/>
</kw>
<kw name="Efetuar o login do usuário" library="login_keyword">
<kw name="Wait Until Element Is Enabled" library="SeleniumLibrary">
<arg>${login_email}</arg>
<arg>${GENERAL_TIMEOUT}</arg>
<doc>Waits until the element ``locator`` is enabled.</doc>
<status status="PASS" starttime="20230320 12:24:31.140" endtime="20230320 12:24:31.376"/>
</kw>
<kw name="Input Text" library="SeleniumLibrary">
<arg>${login_email}</arg>
<arg>${LOGIN}</arg>
<doc>Types the given ``text`` into the text field identified by ``locator``.</doc>
<msg timestamp="20230320 12:24:31.377" level="INFO">Typing text 'george.paes@bazardoconsorcio.com.br' into text field 'id:customer_email'.</msg>
<status status="PASS" starttime="20230320 12:24:31.376" endtime="20230320 12:24:31.464"/>
</kw>
<kw name="Input Text" library="SeleniumLibrary">
<arg>${login_password}</arg>
<arg>${PASSWORD}</arg>
<doc>Types the given ``text`` into the text field identified by ``locator``.</doc>
<msg timestamp="20230320 12:24:31.464" level="INFO">Typing text 'Teste@123' into text field 'id:customer_password'.</msg>
<status status="PASS" starttime="20230320 12:24:31.464" endtime="20230320 12:24:31.530"/>
</kw>
<kw name="Click Element" library="SeleniumLibrary">
<arg>${btn_logar}</arg>
<doc>Click the element identified by ``locator``.</doc>
<msg timestamp="20230320 12:24:31.531" level="INFO">Clicking element 'xpath://input[@data-disable-with='Entrar']'.</msg>
<status status="PASS" starttime="20230320 12:24:31.531" endtime="20230320 12:24:33.362"/>
</kw>
<status status="PASS" starttime="20230320 12:24:31.140" endtime="20230320 12:24:33.362"/>
</kw>
<kw name="Login é efetuado com sucesso" library="login_keyword">
<kw name="Wait Until Element Is Enabled" library="SeleniumLibrary">
<arg>${label_boasvindas}</arg>
<arg>${GENERAL_TIMEOUT}</arg>
<doc>Waits until the element ``locator`` is enabled.</doc>
<status status="PASS" starttime="20230320 12:24:33.363" endtime="20230320 12:24:33.399"/>
</kw>
<kw name="Element Should Contain" library="SeleniumLibrary">
<arg>${label_boasvindas}</arg>
<arg>Boas-vindas, Teste</arg>
<doc>Verifies that element ``locator`` contains text ``expected``.</doc>
<msg timestamp="20230320 12:24:33.412" level="INFO">Element 'xpath://main/header' contains text 'Boas-vindas, Teste'.</msg>
<status status="PASS" starttime="20230320 12:24:33.399" endtime="20230320 12:24:33.412"/>
</kw>
<status status="PASS" starttime="20230320 12:24:33.363" endtime="20230320 12:24:33.412"/>
</kw>
<kw name="Efetuar o logout do usuário" library="login_keyword">
<kw name="Wait Until Element Is Enabled" library="SeleniumLibrary">
<arg>${btn_logout}</arg>
<arg>${GENERAL_TIMEOUT}</arg>
<doc>Waits until the element ``locator`` is enabled.</doc>
<status status="PASS" starttime="20230320 12:24:33.413" endtime="20230320 12:24:33.433"/>
</kw>
<kw name="Click Element" library="SeleniumLibrary">
<arg>${icon_user}</arg>
<doc>Click the element identified by ``locator``.</doc>
<msg timestamp="20230320 12:24:33.434" level="INFO">Clicking element 'id:user-menu'.</msg>
<status status="PASS" starttime="20230320 12:24:33.434" endtime="20230320 12:24:33.471"/>
</kw>
<kw name="Click Element" library="SeleniumLibrary">
<arg>${btn_logout}</arg>
<doc>Click the element identified by ``locator``.</doc>
<msg timestamp="20230320 12:24:33.472" level="INFO">Clicking element 'xpath://a[@href='/customers/sign_out']'.</msg>
<status status="PASS" starttime="20230320 12:24:33.471" endtime="20230320 12:24:34.279"/>
</kw>
<status status="PASS" starttime="20230320 12:24:33.413" endtime="20230320 12:24:34.279"/>
</kw>
<kw name="Logout é efetuado com sucesso" library="login_keyword">
<kw name="Wait Until Element Is Enabled" library="SeleniumLibrary">
<arg>${alert_login}</arg>
<arg>${GENERAL_TIMEOUT}</arg>
<doc>Waits until the element ``locator`` is enabled.</doc>
<status status="PASS" starttime="20230320 12:24:34.285" endtime="20230320 12:24:34.315"/>
</kw>
<kw name="Element Should Contain" library="SeleniumLibrary">
<arg>${alert_login}</arg>
<arg>Saiu com sucesso.</arg>
<doc>Verifies that element ``locator`` contains text ``expected``.</doc>
<msg timestamp="20230320 12:24:34.330" level="INFO">Element 'xpath://p[@class='notice']' contains text 'Saiu com sucesso.'.</msg>
<status status="PASS" starttime="20230320 12:24:34.315" endtime="20230320 12:24:34.330"/>
</kw>
<status status="PASS" starttime="20230320 12:24:34.284" endtime="20230320 12:24:34.330"/>
</kw>
<kw name="Fechar Navegador" library="generals" type="TEARDOWN">
<kw name="Close Browser" library="SeleniumLibrary">
<doc>Closes the current browser.</doc>
<status status="PASS" starttime="20230320 12:24:34.332" endtime="20230320 12:24:36.968"/>
</kw>
<status status="PASS" starttime="20230320 12:24:34.330" endtime="20230320 12:24:36.968"/>
</kw>
<tag>bpm</tag>
<tag>front-end</tag>
<tag>login</tag>
<tag>regressivo</tag>
<tag>web</tag>
<status status="PASS" starttime="20230320 12:24:26.287" endtime="20230320 12:24:36.968"/>
</test>
<status status="PASS" starttime="20230320 12:24:05.137" endtime="20230320 12:24:36.970"/>
</suite>
<status status="PASS" starttime="20230320 12:23:28.869" endtime="20230320 12:24:36.971"/>
</suite>
<status status="PASS" starttime="20230320 12:23:28.865" endtime="20230320 12:24:36.972"/>
</suite>
<status status="PASS" starttime="20230320 12:23:28.861" endtime="20230320 12:24:36.973"/>
</suite>
<status status="PASS" starttime="20230320 12:23:28.857" endtime="20230320 12:24:36.976"/>
</suite>
<status status="PASS" starttime="20230320 12:23:28.835" endtime="20230320 12:24:36.976"/>
</suite>
<statistics>
<total>
<stat pass="5" fail="0" skip="0">All Tests</stat>
</total>
<tag>
<stat pass="5" fail="0" skip="0">bpm</stat>
<stat pass="2" fail="0" skip="0">cadastro</stat>
<stat pass="5" fail="0" skip="0">front-end</stat>
<stat pass="3" fail="0" skip="0">login</stat>
<stat pass="5" fail="0" skip="0">regressivo</stat>
<stat pass="1" fail="0" skip="0">teste</stat>
<stat pass="5" fail="0" skip="0">web</stat>
</tag>
<suite>
<stat pass="5" fail="0" skip="0" id="s1" name="automationQA">automationQA</stat>
<stat pass="5" fail="0" skip="0" id="s1-s1" name="Tests">automationQA.Tests</stat>
<stat pass="5" fail="0" skip="0" id="s1-s1-s1" name="End2End">automationQA.Tests.End2End</stat>
<stat pass="5" fail="0" skip="0" id="s1-s1-s1-s1" name="Ui">automationQA.Tests.End2End.Ui</stat>
<stat pass="5" fail="0" skip="0" id="s1-s1-s1-s1-s1" name="Bpm">automationQA.Tests.End2End.Ui.Bpm</stat>
<stat pass="2" fail="0" skip="0" id="s1-s1-s1-s1-s1-s1" name="Cadastro">automationQA.Tests.End2End.Ui.Bpm.Cadastro</stat>
<stat pass="3" fail="0" skip="0" id="s1-s1-s1-s1-s1-s2" name="Login">automationQA.Tests.End2End.Ui.Bpm.Login</stat>
</suite>
</statistics>
<errors>
</errors>
</robot>
